{"/home/daytona/codebase/frontend/wallet/lib/activityFeed.ts": {"path":"/home/daytona/codebase/frontend/wallet/lib/activityFeed.ts","statementMap":{"0":{"start":{"line":41,"column":0},"end":{"line":41,"column":16}},"1":{"start":{"line":61,"column":0},"end":{"line":61,"column":16}},"2":{"start":{"line":67,"column":0},"end":{"line":67,"column":16}},"3":{"start":{"line":72,"column":0},"end":{"line":72,"column":16}},"4":{"start":{"line":79,"column":0},"end":{"line":79,"column":16}},"5":{"start":{"line":85,"column":0},"end":{"line":85,"column":16}},"6":{"start":{"line":3,"column":0},"end":{"line":3,"column":43}},"7":{"start":{"line":4,"column":0},"end":{"line":4,"column":88}},"8":{"start":{"line":5,"column":0},"end":{"line":5,"column":38}},"9":{"start":{"line":12,"column":27},"end":{"line":12,"column":29}},"10":{"start":{"line":13,"column":33},"end":{"line":13,"column":37}},"11":{"start":{"line":14,"column":39},"end":{"line":14,"column":43}},"12":{"start":{"line":15,"column":19},"end":{"line":15,"column":46}},"13":{"start":{"line":18,"column":2},"end":{"line":18,"column":null}},"14":{"start":{"line":18,"column":37},"end":{"line":18,"column":null}},"15":{"start":{"line":22,"column":2},"end":{"line":38,"column":null}},"16":{"start":{"line":42,"column":2},"end":{"line":42,"column":54}},"17":{"start":{"line":42,"column":48},"end":{"line":42,"column":54}},"18":{"start":{"line":44,"column":2},"end":{"line":44,"column":null}},"19":{"start":{"line":45,"column":2},"end":{"line":45,"column":null}},"20":{"start":{"line":47,"column":25},"end":{"line":47,"column":37}},"21":{"start":{"line":49,"column":2},"end":{"line":58,"column":null}},"22":{"start":{"line":53,"column":21},"end":{"line":53,"column":38}},"23":{"start":{"line":54,"column":6},"end":{"line":54,"column":60}},"24":{"start":{"line":54,"column":29},"end":{"line":54,"column":51}},"25":{"start":{"line":54,"column":54},"end":{"line":54,"column":60}},"26":{"start":{"line":55,"column":6},"end":{"line":55,"column":null}},"27":{"start":{"line":56,"column":6},"end":{"line":56,"column":null}},"28":{"start":{"line":62,"column":2},"end":{"line":62,"column":null}},"29":{"start":{"line":63,"column":2},"end":{"line":63,"column":null}},"30":{"start":{"line":64,"column":2},"end":{"line":64,"column":null}},"31":{"start":{"line":68,"column":2},"end":{"line":68,"column":null}},"32":{"start":{"line":69,"column":2},"end":{"line":69,"column":null}},"33":{"start":{"line":73,"column":18},"end":{"line":73,"column":94}},"34":{"start":{"line":73,"column":41},"end":{"line":73,"column":93}},"35":{"start":{"line":73,"column":68},"end":{"line":73,"column":92}},"36":{"start":{"line":74,"column":2},"end":{"line":74,"column":34}},"37":{"start":{"line":74,"column":28},"end":{"line":74,"column":34}},"38":{"start":{"line":75,"column":2},"end":{"line":75,"column":null}},"39":{"start":{"line":75,"column":54},"end":{"line":75,"column":79}},"40":{"start":{"line":76,"column":2},"end":{"line":76,"column":null}},"41":{"start":{"line":80,"column":2},"end":{"line":80,"column":null}},"42":{"start":{"line":81,"column":2},"end":{"line":81,"column":null}},"43":{"start":{"line":82,"column":2},"end":{"line":82,"column":null}},"44":{"start":{"line":82,"column":15},"end":{"line":82,"column":42}},"45":{"start":{"line":86,"column":32},"end":{"line":86,"column":73}},"46":{"start":{"line":86,"column":59},"end":{"line":86,"column":72}},"47":{"start":{"line":88,"column":2},"end":{"line":88,"column":null}},"48":{"start":{"line":88,"column":18},"end":{"line":88,"column":51}},"49":{"start":{"line":90,"column":2},"end":{"line":90,"column":null}}},"fnMap":{"0":{"name":"notify","decl":{"start":{"line":17,"column":9},"end":{"line":17,"column":15}},"loc":{"start":{"line":17,"column":15},"end":{"line":19,"column":1}}},"1":{"name":"toTxRecord","decl":{"start":{"line":21,"column":9},"end":{"line":21,"column":19}},"loc":{"start":{"line":21,"column":40},"end":{"line":39,"column":1}}},"2":{"name":"initActivityFeed","decl":{"start":{"line":41,"column":16},"end":{"line":41,"column":32}},"loc":{"start":{"line":41,"column":50},"end":{"line":59,"column":1}}},"3":{"name":"(anonymous_3)","decl":{"start":{"line":52,"column":4},"end":{"line":52,"column":11}},"loc":{"start":{"line":52,"column":17},"end":{"line":57,"column":5}}},"4":{"name":"(anonymous_4)","decl":{"start":{"line":54,"column":24},"end":{"line":54,"column":25}},"loc":{"start":{"line":54,"column":29},"end":{"line":54,"column":51}}},"5":{"name":"stopActivityFeed","decl":{"start":{"line":61,"column":16},"end":{"line":61,"column":32}},"loc":{"start":{"line":61,"column":32},"end":{"line":65,"column":1}}},"6":{"name":"hydrateActivityFeed","decl":{"start":{"line":67,"column":16},"end":{"line":67,"column":35}},"loc":{"start":{"line":67,"column":55},"end":{"line":70,"column":1}}},"7":{"name":"appendActivityFeed","decl":{"start":{"line":72,"column":16},"end":{"line":72,"column":34}},"loc":{"start":{"line":72,"column":57},"end":{"line":77,"column":1}}},"8":{"name":"(anonymous_8)","decl":{"start":{"line":73,"column":36},"end":{"line":73,"column":37}},"loc":{"start":{"line":73,"column":41},"end":{"line":73,"column":93}}},"9":{"name":"(anonymous_9)","decl":{"start":{"line":73,"column":56},"end":{"line":73,"column":64}},"loc":{"start":{"line":73,"column":68},"end":{"line":73,"column":92}}},"10":{"name":"(anonymous_10)","decl":{"start":{"line":75,"column":44},"end":{"line":75,"column":45}},"loc":{"start":{"line":75,"column":54},"end":{"line":75,"column":79}}},"11":{"name":"subscribeActivityFeed","decl":{"start":{"line":79,"column":16},"end":{"line":79,"column":37}},"loc":{"start":{"line":79,"column":64},"end":{"line":83,"column":1}}},"12":{"name":"(anonymous_12)","decl":{"start":{"line":82,"column":9},"end":{"line":82,"column":12}},"loc":{"start":{"line":82,"column":15},"end":{"line":82,"column":42}}},"13":{"name":"useActivityFeed","decl":{"start":{"line":85,"column":16},"end":{"line":85,"column":31}},"loc":{"start":{"line":85,"column":31},"end":{"line":91,"column":1}}},"14":{"name":"(anonymous_14)","decl":{"start":{"line":86,"column":53},"end":{"line":86,"column":56}},"loc":{"start":{"line":86,"column":59},"end":{"line":86,"column":72}}},"15":{"name":"(anonymous_15)","decl":{"start":{"line":88,"column":12},"end":{"line":88,"column":15}},"loc":{"start":{"line":88,"column":18},"end":{"line":88,"column":51}}}},"branchMap":{"0":{"loc":{"start":{"line":25,"column":6},"end":{"line":29,"column":20}},"type":"cond-expr","locations":[{"start":{"line":26,"column":10},"end":{"line":26,"column":16}},{"start":{"line":27,"column":10},"end":{"line":29,"column":20}}]},"1":{"loc":{"start":{"line":27,"column":10},"end":{"line":29,"column":20}},"type":"cond-expr","locations":[{"start":{"line":28,"column":10},"end":{"line":28,"column":19}},{"start":{"line":29,"column":10},"end":{"line":29,"column":20}}]},"2":{"loc":{"start":{"line":42,"column":2},"end":{"line":42,"column":54}},"type":"if","locations":[{"start":{"line":42,"column":2},"end":{"line":42,"column":54}}]},"3":{"loc":{"start":{"line":42,"column":6},"end":{"line":42,"column":46}},"type":"binary-expr","locations":[{"start":{"line":42,"column":6},"end":{"line":42,"column":11}},{"start":{"line":42,"column":15},"end":{"line":42,"column":46}}]},"4":{"loc":{"start":{"line":54,"column":6},"end":{"line":54,"column":60}},"type":"if","locations":[{"start":{"line":54,"column":6},"end":{"line":54,"column":60}}]},"5":{"loc":{"start":{"line":74,"column":2},"end":{"line":74,"column":34}},"type":"if","locations":[{"start":{"line":74,"column":2},"end":{"line":74,"column":34}}]}},"s":{"0":0,"1":0,"2":0,"3":0,"4":0,"5":0,"6":0,"7":0,"8":0,"9":0,"10":0,"11":0,"12":0,"13":0,"14":0,"15":0,"16":0,"17":0,"18":0,"19":0,"20":0,"21":0,"22":0,"23":0,"24":0,"25":0,"26":0,"27":0,"28":0,"29":0,"30":0,"31":0,"32":0,"33":0,"34":0,"35":0,"36":0,"37":0,"38":0,"39":0,"40":0,"41":0,"42":0,"43":0,"44":0,"45":0,"46":0,"47":0,"48":0,"49":0},"f":{"0":0,"1":0,"2":0,"3":0,"4":0,"5":0,"6":0,"7":0,"8":0,"9":0,"10":0,"11":0,"12":0,"13":0,"14":0,"15":0},"b":{"0":[0,0],"1":[0,0],"2":[0],"3":[0,0],"4":[0],"5":[0]}}
,"/home/daytona/codebase/frontend/wallet/lib/backup.ts": {"path":"/home/daytona/codebase/frontend/wallet/lib/backup.ts","statementMap":{"0":{"start":{"line":92,"column":0},"end":{"line":92,"column":16}},"1":{"start":{"line":132,"column":0},"end":{"line":132,"column":16}},"2":{"start":{"line":157,"column":0},"end":{"line":157,"column":16}},"3":{"start":{"line":181,"column":0},"end":{"line":181,"column":7}},"4":{"start":{"line":215,"column":0},"end":{"line":215,"column":7}},"5":{"start":{"line":259,"column":0},"end":{"line":259,"column":7}},"6":{"start":{"line":17,"column":0},"end":{"line":17,"column":null}},"7":{"start":{"line":294,"column":9},"end":{"line":22,"column":null}},"8":{"start":{"line":294,"column":26},"end":{"line":23,"column":null}},"9":{"start":{"line":29,"column":0},"end":{"line":29,"column":49}},"10":{"start":{"line":35,"column":2},"end":{"line":37,"column":null}},"11":{"start":{"line":36,"column":16},"end":{"line":36,"column":47}},"12":{"start":{"line":42,"column":15},"end":{"line":42,"column":38}},"13":{"start":{"line":43,"column":2},"end":{"line":45,"column":3}},"14":{"start":{"line":44,"column":4},"end":{"line":44,"column":null}},"15":{"start":{"line":46,"column":20},"end":{"line":46,"column":121}},"16":{"start":{"line":47,"column":2},"end":{"line":47,"column":null}},"17":{"start":{"line":51,"column":20},"end":{"line":51,"column":46}},"18":{"start":{"line":52,"column":19},"end":{"line":52,"column":44}},"19":{"start":{"line":53,"column":23},"end":{"line":53,"column":52}},"20":{"start":{"line":54,"column":21},"end":{"line":54,"column":43}},"21":{"start":{"line":56,"column":27},"end":{"line":56,"column":62}},"22":{"start":{"line":66,"column":22},"end":{"line":66,"column":31}},"23":{"start":{"line":69,"column":4},"end":{"line":69,"column":51}},"24":{"start":{"line":69,"column":45},"end":{"line":69,"column":51}},"25":{"start":{"line":70,"column":4},"end":{"line":70,"column":null}},"26":{"start":{"line":74,"column":4},"end":{"line":74,"column":null}},"27":{"start":{"line":74,"column":45},"end":{"line":74,"column":null}},"28":{"start":{"line":75,"column":4},"end":{"line":75,"column":null}},"29":{"start":{"line":79,"column":4},"end":{"line":79,"column":51}},"30":{"start":{"line":79,"column":45},"end":{"line":79,"column":51}},"31":{"start":{"line":80,"column":4},"end":{"line":80,"column":null}},"32":{"start":{"line":65,"column":0},"end":{"line":65,"column":13}},"33":{"start":{"line":96,"column":2},"end":{"line":109,"column":null}},"34":{"start":{"line":98,"column":24},"end":{"line":98,"column":81}},"35":{"start":{"line":99,"column":6},"end":{"line":99,"column":null}},"36":{"start":{"line":99,"column":17},"end":{"line":99,"column":null}},"37":{"start":{"line":102,"column":30},"end":{"line":102,"column":102}},"38":{"start":{"line":103,"column":6},"end":{"line":103,"column":null}},"39":{"start":{"line":103,"column":17},"end":{"line":103,"column":null}},"40":{"start":{"line":104,"column":6},"end":{"line":104,"column":null}},"41":{"start":{"line":107,"column":6},"end":{"line":107,"column":null}},"42":{"start":{"line":115,"column":2},"end":{"line":115,"column":null}},"43":{"start":{"line":115,"column":43},"end":{"line":115,"column":null}},"44":{"start":{"line":116,"column":14},"end":{"line":116,"column":48}},"45":{"start":{"line":117,"column":2},"end":{"line":117,"column":null}},"46":{"start":{"line":117,"column":12},"end":{"line":117,"column":null}},"47":{"start":{"line":118,"column":2},"end":{"line":122,"column":3}},"48":{"start":{"line":119,"column":4},"end":{"line":119,"column":null}},"49":{"start":{"line":121,"column":4},"end":{"line":121,"column":null}},"50":{"start":{"line":133,"column":2},"end":{"line":135,"column":3}},"51":{"start":{"line":134,"column":4},"end":{"line":134,"column":null}},"52":{"start":{"line":136,"column":18},"end":{"line":136,"column":77}},"53":{"start":{"line":137,"column":20},"end":{"line":137,"column":55}},"54":{"start":{"line":138,"column":2},"end":{"line":138,"column":null}},"55":{"start":{"line":138,"column":16},"end":{"line":138,"column":null}},"56":{"start":{"line":141,"column":4},"end":{"line":142,"column":48}},"57":{"start":{"line":144,"column":2},"end":{"line":153,"column":null}},"58":{"start":{"line":158,"column":2},"end":{"line":158,"column":49}},"59":{"start":{"line":158,"column":43},"end":{"line":158,"column":49}},"60":{"start":{"line":159,"column":2},"end":{"line":159,"column":null}},"61":{"start":{"line":160,"column":18},"end":{"line":160,"column":48}},"62":{"start":{"line":161,"column":2},"end":{"line":161,"column":null}},"63":{"start":{"line":161,"column":15},"end":{"line":161,"column":null}},"64":{"start":{"line":162,"column":2},"end":{"line":162,"column":null}},"65":{"start":{"line":162,"column":25},"end":{"line":162,"column":null}},"66":{"start":{"line":189,"column":18},"end":{"line":189,"column":65}},"67":{"start":{"line":190,"column":19},"end":{"line":190,"column":55}},"68":{"start":{"line":191,"column":2},"end":{"line":191,"column":null}},"69":{"start":{"line":226,"column":18},"end":{"line":226,"column":65}},"70":{"start":{"line":228,"column":11},"end":{"line":228,"column":24}},"71":{"start":{"line":229,"column":2},"end":{"line":232,"column":3}},"72":{"start":{"line":230,"column":4},"end":{"line":230,"column":null}},"73":{"start":{"line":230,"column":23},"end":{"line":230,"column":null}},"74":{"start":{"line":231,"column":4},"end":{"line":231,"column":null}},"75":{"start":{"line":234,"column":19},"end":{"line":234,"column":59}},"76":{"start":{"line":235,"column":2},"end":{"line":235,"column":null}},"77":{"start":{"line":237,"column":2},"end":{"line":237,"column":null}},"78":{"start":{"line":237,"column":29},"end":{"line":237,"column":null}},"79":{"start":{"line":238,"column":2},"end":{"line":241,"column":3}},"80":{"start":{"line":240,"column":4},"end":{"line":240,"column":null}},"81":{"start":{"line":243,"column":20},"end":{"line":246,"column":4}},"82":{"start":{"line":248,"column":2},"end":{"line":251,"column":null}},"83":{"start":{"line":262,"column":15},"end":{"line":262,"column":100}},"84":{"start":{"line":263,"column":19},"end":{"line":263,"column":47}},"85":{"start":{"line":264,"column":20},"end":{"line":264,"column":62}},"86":{"start":{"line":265,"column":17},"end":{"line":265,"column":59}},"87":{"start":{"line":267,"column":22},"end":{"line":276,"column":4}},"88":{"start":{"line":278,"column":2},"end":{"line":278,"column":null}},"89":{"start":{"line":278,"column":19},"end":{"line":278,"column":null}},"90":{"start":{"line":280,"column":19},"end":{"line":280,"column":74}},"91":{"start":{"line":281,"column":25},"end":{"line":281,"column":61}},"92":{"start":{"line":282,"column":20},"end":{"line":282,"column":47}},"93":{"start":{"line":284,"column":2},"end":{"line":287,"column":3}},"94":{"start":{"line":285,"column":4},"end":{"line":285,"column":null}},"95":{"start":{"line":286,"column":4},"end":{"line":286,"column":null}},"96":{"start":{"line":289,"column":2},"end":{"line":289,"column":null}}},"fnMap":{"0":{"name":"(anonymous_0)","decl":{"start":{"line":294,"column":9},"end":{"line":294,"column":24}},"loc":{"start":{"line":294,"column":9},"end":{"line":22,"column":null}}},"1":{"name":"(anonymous_1)","decl":{"start":{"line":294,"column":26},"end":{"line":294,"column":43}},"loc":{"start":{"line":294,"column":26},"end":{"line":23,"column":null}}},"2":{"name":"bufferToHex","decl":{"start":{"line":34,"column":9},"end":{"line":34,"column":20}},"loc":{"start":{"line":34,"column":38},"end":{"line":38,"column":1}}},"3":{"name":"(anonymous_3)","decl":{"start":{"line":36,"column":9},"end":{"line":36,"column":10}},"loc":{"start":{"line":36,"column":16},"end":{"line":36,"column":47}}},"4":{"name":"extractP256PublicKey","decl":{"start":{"line":41,"column":15},"end":{"line":41,"column":35}},"loc":{"start":{"line":41,"column":78},"end":{"line":48,"column":1}}},"5":{"name":"(anonymous_5)","decl":{"start":{"line":66,"column":2},"end":{"line":66,"column":22}},"loc":{"start":{"line":66,"column":45},"end":{"line":66,"column":49}}},"6":{"name":"(anonymous_6)","decl":{"start":{"line":68,"column":2},"end":{"line":68,"column":7}},"loc":{"start":{"line":68,"column":36},"end":{"line":71,"column":3}}},"7":{"name":"(anonymous_7)","decl":{"start":{"line":73,"column":2},"end":{"line":73,"column":7}},"loc":{"start":{"line":73,"column":22},"end":{"line":76,"column":3}}},"8":{"name":"(anonymous_8)","decl":{"start":{"line":78,"column":2},"end":{"line":78,"column":7}},"loc":{"start":{"line":78,"column":25},"end":{"line":81,"column":3}}},"9":{"name":"createSupabaseBackupBackend","decl":{"start":{"line":92,"column":16},"end":{"line":92,"column":43}},"loc":{"start":{"line":94,"column":26},"end":{"line":110,"column":1}}},"10":{"name":"(anonymous_10)","decl":{"start":{"line":97,"column":4},"end":{"line":97,"column":9}},"loc":{"start":{"line":97,"column":22},"end":{"line":100,"column":5}}},"11":{"name":"(anonymous_11)","decl":{"start":{"line":101,"column":4},"end":{"line":101,"column":9}},"loc":{"start":{"line":101,"column":16},"end":{"line":105,"column":5}}},"12":{"name":"(anonymous_12)","decl":{"start":{"line":106,"column":4},"end":{"line":106,"column":9}},"loc":{"start":{"line":106,"column":19},"end":{"line":108,"column":5}}},"13":{"name":"readSettings","decl":{"start":{"line":114,"column":9},"end":{"line":114,"column":21}},"loc":{"start":{"line":114,"column":21},"end":{"line":123,"column":1}}},"14":{"name":"collectWalletMetadata","decl":{"start":{"line":132,"column":16},"end":{"line":132,"column":37}},"loc":{"start":{"line":132,"column":83},"end":{"line":154,"column":1}}},"15":{"name":"persistRestoredState","decl":{"start":{"line":157,"column":16},"end":{"line":157,"column":36}},"loc":{"start":{"line":157,"column":67},"end":{"line":163,"column":1}}},"16":{"name":"backupWallet","decl":{"start":{"line":181,"column":22},"end":{"line":181,"column":34}},"loc":{"start":{"line":187,"column":8},"end":{"line":192,"column":1}}},"17":{"name":"restoreWallet","decl":{"start":{"line":215,"column":22},"end":{"line":215,"column":35}},"loc":{"start":{"line":224,"column":3},"end":{"line":252,"column":1}}},"18":{"name":"enrollNewSignerPasskey","decl":{"start":{"line":259,"column":22},"end":{"line":259,"column":44}},"loc":{"start":{"line":260,"column":49},"end":{"line":290,"column":1}}}},"branchMap":{"0":{"loc":{"start":{"line":43,"column":2},"end":{"line":45,"column":3}},"type":"if","locations":[{"start":{"line":43,"column":2},"end":{"line":45,"column":3}}]},"1":{"loc":{"start":{"line":66,"column":22},"end":{"line":66,"column":45}},"type":"default-arg","locations":[{"start":{"line":66,"column":31},"end":{"line":66,"column":45}}]},"2":{"loc":{"start":{"line":69,"column":4},"end":{"line":69,"column":51}},"type":"if","locations":[{"start":{"line":69,"column":4},"end":{"line":69,"column":51}}]},"3":{"loc":{"start":{"line":74,"column":4},"end":{"line":74,"column":null}},"type":"if","locations":[{"start":{"line":74,"column":4},"end":{"line":74,"column":null}}]},"4":{"loc":{"start":{"line":79,"column":4},"end":{"line":79,"column":51}},"type":"if","locations":[{"start":{"line":79,"column":4},"end":{"line":79,"column":51}}]},"5":{"loc":{"start":{"line":94,"column":2},"end":{"line":94,"column":26}},"type":"default-arg","locations":[{"start":{"line":94,"column":10},"end":{"line":94,"column":26}}]},"6":{"loc":{"start":{"line":99,"column":6},"end":{"line":99,"column":null}},"type":"if","locations":[{"start":{"line":99,"column":6},"end":{"line":99,"column":null}}]},"7":{"loc":{"start":{"line":99,"column":58},"end":{"line":99,"column":88}},"type":"binary-expr","locations":[{"start":{"line":99,"column":58},"end":{"line":99,"column":71}},{"start":{"line":99,"column":75},"end":{"line":99,"column":88}}]},"8":{"loc":{"start":{"line":103,"column":6},"end":{"line":103,"column":null}},"type":"if","locations":[{"start":{"line":103,"column":6},"end":{"line":103,"column":null}}]},"9":{"loc":{"start":{"line":103,"column":57},"end":{"line":103,"column":87}},"type":"binary-expr","locations":[{"start":{"line":103,"column":57},"end":{"line":103,"column":70}},{"start":{"line":103,"column":74},"end":{"line":103,"column":87}}]},"10":{"loc":{"start":{"line":104,"column":13},"end":{"line":104,"column":37}},"type":"binary-expr","locations":[{"start":{"line":104,"column":13},"end":{"line":104,"column":29}},{"start":{"line":104,"column":33},"end":{"line":104,"column":37}}]},"11":{"loc":{"start":{"line":115,"column":2},"end":{"line":115,"column":null}},"type":"if","locations":[{"start":{"line":115,"column":2},"end":{"line":115,"column":null}}]},"12":{"loc":{"start":{"line":117,"column":2},"end":{"line":117,"column":null}},"type":"if","locations":[{"start":{"line":117,"column":2},"end":{"line":117,"column":null}}]},"13":{"loc":{"start":{"line":132,"column":38},"end":{"line":132,"column":83}},"type":"default-arg","locations":[{"start":{"line":132,"column":81},"end":{"line":132,"column":83}}]},"14":{"loc":{"start":{"line":133,"column":2},"end":{"line":135,"column":3}},"type":"if","locations":[{"start":{"line":133,"column":2},"end":{"line":135,"column":3}}]},"15":{"loc":{"start":{"line":136,"column":18},"end":{"line":136,"column":77}},"type":"binary-expr","locations":[{"start":{"line":136,"column":18},"end":{"line":136,"column":35}},{"start":{"line":136,"column":39},"end":{"line":136,"column":71}},{"start":{"line":136,"column":75},"end":{"line":136,"column":77}}]},"16":{"loc":{"start":{"line":138,"column":2},"end":{"line":138,"column":null}},"type":"if","locations":[{"start":{"line":138,"column":2},"end":{"line":138,"column":null}}]},"17":{"loc":{"start":{"line":141,"column":4},"end":{"line":142,"column":48}},"type":"binary-expr","locations":[{"start":{"line":141,"column":4},"end":{"line":141,"column":21}},{"start":{"line":142,"column":5},"end":{"line":142,"column":47}}]},"18":{"loc":{"start":{"line":142,"column":5},"end":{"line":142,"column":47}},"type":"cond-expr","locations":[{"start":{"line":142,"column":17},"end":{"line":142,"column":42}},{"start":{"line":142,"column":45},"end":{"line":142,"column":47}}]},"19":{"loc":{"start":{"line":148,"column":14},"end":{"line":148,"column":50}},"type":"binary-expr","locations":[{"start":{"line":148,"column":14},"end":{"line":148,"column":32}},{"start":{"line":148,"column":36},"end":{"line":148,"column":50}}]},"20":{"loc":{"start":{"line":150,"column":23},"end":{"line":150,"column":72}},"type":"binary-expr","locations":[{"start":{"line":150,"column":23},"end":{"line":150,"column":50}},{"start":{"line":150,"column":54},"end":{"line":150,"column":72}}]},"21":{"loc":{"start":{"line":151,"column":10},"end":{"line":151,"column":98}},"type":"binary-expr","locations":[{"start":{"line":151,"column":10},"end":{"line":151,"column":24}},{"start":{"line":151,"column":29},"end":{"line":151,"column":97}}]},"22":{"loc":{"start":{"line":151,"column":29},"end":{"line":151,"column":97}},"type":"cond-expr","locations":[{"start":{"line":151,"column":61},"end":{"line":151,"column":85}},{"start":{"line":151,"column":88},"end":{"line":151,"column":97}}]},"23":{"loc":{"start":{"line":152,"column":15},"end":{"line":152,"column":48}},"type":"binary-expr","locations":[{"start":{"line":152,"column":15},"end":{"line":152,"column":34}},{"start":{"line":152,"column":38},"end":{"line":152,"column":48}}]},"24":{"loc":{"start":{"line":158,"column":2},"end":{"line":158,"column":49}},"type":"if","locations":[{"start":{"line":158,"column":2},"end":{"line":158,"column":49}}]},"25":{"loc":{"start":{"line":161,"column":2},"end":{"line":161,"column":null}},"type":"if","locations":[{"start":{"line":161,"column":2},"end":{"line":161,"column":null}}]},"26":{"loc":{"start":{"line":162,"column":2},"end":{"line":162,"column":null}},"type":"if","locations":[{"start":{"line":162,"column":2},"end":{"line":162,"column":null}}]},"27":{"loc":{"start":{"line":183,"column":2},"end":{"line":187,"column":8}},"type":"default-arg","locations":[{"start":{"line":187,"column":6},"end":{"line":187,"column":8}}]},"28":{"loc":{"start":{"line":189,"column":18},"end":{"line":189,"column":65}},"type":"binary-expr","locations":[{"start":{"line":189,"column":18},"end":{"line":189,"column":30}},{"start":{"line":189,"column":34},"end":{"line":189,"column":65}}]},"29":{"loc":{"start":{"line":226,"column":18},"end":{"line":226,"column":65}},"type":"binary-expr","locations":[{"start":{"line":226,"column":18},"end":{"line":226,"column":30}},{"start":{"line":226,"column":34},"end":{"line":226,"column":65}}]},"30":{"loc":{"start":{"line":229,"column":2},"end":{"line":232,"column":3}},"type":"if","locations":[{"start":{"line":229,"column":2},"end":{"line":232,"column":3}}]},"31":{"loc":{"start":{"line":230,"column":4},"end":{"line":230,"column":null}},"type":"if","locations":[{"start":{"line":230,"column":4},"end":{"line":230,"column":null}}]},"32":{"loc":{"start":{"line":237,"column":2},"end":{"line":237,"column":null}},"type":"if","locations":[{"start":{"line":237,"column":2},"end":{"line":237,"column":null}}]},"33":{"loc":{"start":{"line":238,"column":2},"end":{"line":241,"column":3}},"type":"if","locations":[{"start":{"line":238,"column":2},"end":{"line":241,"column":3}}]},"34":{"loc":{"start":{"line":238,"column":6},"end":{"line":238,"column":64}},"type":"binary-expr","locations":[{"start":{"line":238,"column":6},"end":{"line":238,"column":38}},{"start":{"line":238,"column":42},"end":{"line":238,"column":64}}]},"35":{"loc":{"start":{"line":244,"column":10},"end":{"line":244,"column":36}},"type":"binary-expr","locations":[{"start":{"line":244,"column":10},"end":{"line":244,"column":19}},{"start":{"line":244,"column":23},"end":{"line":244,"column":36}}]},"36":{"loc":{"start":{"line":260,"column":2},"end":{"line":260,"column":49}},"type":"default-arg","locations":[{"start":{"line":260,"column":47},"end":{"line":260,"column":49}}]},"37":{"loc":{"start":{"line":262,"column":15},"end":{"line":262,"column":100}},"type":"binary-expr","locations":[{"start":{"line":262,"column":15},"end":{"line":262,"column":24}},{"start":{"line":262,"column":29},"end":{"line":262,"column":99}}]},"38":{"loc":{"start":{"line":262,"column":29},"end":{"line":262,"column":99}},"type":"cond-expr","locations":[{"start":{"line":262,"column":61},"end":{"line":262,"column":85}},{"start":{"line":262,"column":88},"end":{"line":262,"column":99}}]},"39":{"loc":{"start":{"line":263,"column":19},"end":{"line":263,"column":47}},"type":"binary-expr","locations":[{"start":{"line":263,"column":19},"end":{"line":263,"column":32}},{"start":{"line":263,"column":36},"end":{"line":263,"column":47}}]},"40":{"loc":{"start":{"line":278,"column":2},"end":{"line":278,"column":null}},"type":"if","locations":[{"start":{"line":278,"column":2},"end":{"line":278,"column":null}}]},"41":{"loc":{"start":{"line":284,"column":2},"end":{"line":287,"column":3}},"type":"if","locations":[{"start":{"line":284,"column":2},"end":{"line":287,"column":3}}]}},"s":{"0":1,"1":1,"2":1,"3":1,"4":1,"5":1,"6":1,"7":1,"8":1,"9":1,"10":1,"11":65,"12":1,"13":1,"14":0,"15":1,"16":1,"17":1,"18":1,"19":1,"20":1,"21":1,"22":1,"23":1,"24":0,"25":1,"26":2,"27":0,"28":2,"29":1,"30":0,"31":1,"32":1,"33":1,"34":1,"35":1,"36":0,"37":1,"38":1,"39":0,"40":1,"41":0,"42":7,"43":0,"44":7,"45":7,"46":0,"47":7,"48":7,"49":0,"50":8,"51":0,"52":8,"53":8,"54":8,"55":1,"56":7,"57":7,"58":2,"59":0,"60":2,"61":2,"62":2,"63":2,"64":2,"65":2,"66":5,"67":5,"68":5,"69":4,"70":4,"71":4,"72":4,"73":0,"74":4,"75":4,"76":2,"77":2,"78":1,"79":1,"80":0,"81":1,"82":1,"83":1,"84":1,"85":1,"86":1,"87":1,"88":1,"89":0,"90":1,"91":1,"92":1,"93":1,"94":1,"95":1,"96":1},"f":{"0":0,"1":0,"2":1,"3":65,"4":1,"5":1,"6":1,"7":2,"8":1,"9":1,"10":1,"11":1,"12":0,"13":7,"14":8,"15":2,"16":5,"17":4,"18":1},"b":{"0":[0],"1":[1],"2":[0],"3":[0],"4":[0],"5":[1],"6":[0],"7":[0,0],"8":[0],"9":[0,0],"10":[1,0],"11":[0],"12":[0],"13":[8],"14":[0],"15":[8,8,1],"16":[1],"17":[7,7],"18":[7,0],"19":[7,7],"20":[7,7],"21":[7,7],"22":[0,7],"23":[7,7],"24":[0],"25":[2],"26":[2],"27":[0],"28":[5,0],"29":[4,0],"30":[4],"31":[0],"32":[1],"33":[0],"34":[1,1],"35":[1,1],"36":[0],"37":[1,1],"38":[0,1],"39":[1,1],"40":[0],"41":[1]}}
,"/home/daytona/codebase/frontend/wallet/lib/balanceHistory.ts": {"path":"/home/daytona/codebase/frontend/wallet/lib/balanceHistory.ts","statementMap":{"0":{"start":{"line":28,"column":0},"end":{"line":28,"column":16}},"1":{"start":{"line":40,"column":0},"end":{"line":40,"column":16}},"2":{"start":{"line":54,"column":0},"end":{"line":54,"column":16}},"3":{"start":{"line":73,"column":0},"end":{"line":73,"column":16}},"4":{"start":{"line":97,"column":0},"end":{"line":97,"column":16}},"5":{"start":{"line":101,"column":0},"end":{"line":101,"column":16}},"6":{"start":{"line":115,"column":0},"end":{"line":115,"column":16}},"7":{"start":{"line":23,"column":19},"end":{"line":23,"column":42}},"8":{"start":{"line":25,"column":24},"end":{"line":25,"column":38}},"9":{"start":{"line":26,"column":18},"end":{"line":26,"column":37}},"10":{"start":{"line":29,"column":2},"end":{"line":29,"column":null}},"11":{"start":{"line":33,"column":2},"end":{"line":33,"column":null}},"12":{"start":{"line":33,"column":43},"end":{"line":33,"column":null}},"13":{"start":{"line":34,"column":12},"end":{"line":34,"column":40}},"14":{"start":{"line":35,"column":2},"end":{"line":36,"column":null}},"15":{"start":{"line":45,"column":2},"end":{"line":47,"column":null}},"16":{"start":{"line":46,"column":19},"end":{"line":46,"column":75}},"17":{"start":{"line":47,"column":20},"end":{"line":47,"column":29}},"18":{"start":{"line":60,"column":15},"end":{"line":60,"column":45}},"19":{"start":{"line":61,"column":2},"end":{"line":61,"column":null}},"20":{"start":{"line":61,"column":29},"end":{"line":61,"column":null}},"21":{"start":{"line":62,"column":17},"end":{"line":62,"column":38}},"22":{"start":{"line":63,"column":2},"end":{"line":63,"column":null}},"23":{"start":{"line":63,"column":48},"end":{"line":63,"column":null}},"24":{"start":{"line":64,"column":2},"end":{"line":64,"column":null}},"25":{"start":{"line":79,"column":2},"end":{"line":79,"column":null}},"26":{"start":{"line":79,"column":36},"end":{"line":79,"column":null}},"27":{"start":{"line":80,"column":15},"end":{"line":82,"column":33}},"28":{"start":{"line":81,"column":19},"end":{"line":81,"column":57}},"29":{"start":{"line":82,"column":20},"end":{"line":82,"column":29}},"30":{"start":{"line":83,"column":2},"end":{"line":83,"column":null}},"31":{"start":{"line":83,"column":30},"end":{"line":83,"column":null}},"32":{"start":{"line":84,"column":2},"end":{"line":84,"column":null}},"33":{"start":{"line":98,"column":2},"end":{"line":98,"column":null}},"34":{"start":{"line":102,"column":2},"end":{"line":102,"column":null}},"35":{"start":{"line":102,"column":37},"end":{"line":102,"column":null}},"36":{"start":{"line":103,"column":2},"end":{"line":112,"column":3}},"37":{"start":{"line":104,"column":16},"end":{"line":104,"column":48}},"38":{"start":{"line":105,"column":4},"end":{"line":105,"column":null}},"39":{"start":{"line":105,"column":14},"end":{"line":105,"column":null}},"40":{"start":{"line":106,"column":28},"end":{"line":106,"column":43}},"41":{"start":{"line":107,"column":4},"end":{"line":107,"column":null}},"42":{"start":{"line":111,"column":4},"end":{"line":111,"column":null}},"43":{"start":{"line":116,"column":2},"end":{"line":116,"column":43}},"44":{"start":{"line":116,"column":37},"end":{"line":116,"column":43}},"45":{"start":{"line":117,"column":2},"end":{"line":121,"column":3}},"46":{"start":{"line":118,"column":4},"end":{"line":118,"column":null}}},"fnMap":{"0":{"name":"historyKey","decl":{"start":{"line":28,"column":16},"end":{"line":28,"column":26}},"loc":{"start":{"line":28,"column":59},"end":{"line":30,"column":1}}},"1":{"name":"isSnapshot","decl":{"start":{"line":32,"column":9},"end":{"line":32,"column":19}},"loc":{"start":{"line":32,"column":30},"end":{"line":37,"column":1}}},"2":{"name":"pruneSnapshots","decl":{"start":{"line":40,"column":16},"end":{"line":40,"column":30}},"loc":{"start":{"line":43,"column":31},"end":{"line":48,"column":1}}},"3":{"name":"(anonymous_3)","decl":{"start":{"line":46,"column":12},"end":{"line":46,"column":13}},"loc":{"start":{"line":46,"column":19},"end":{"line":46,"column":75}}},"4":{"name":"(anonymous_4)","decl":{"start":{"line":47,"column":10},"end":{"line":47,"column":11}},"loc":{"start":{"line":47,"column":20},"end":{"line":47,"column":29}}},"5":{"name":"recordSnapshot","decl":{"start":{"line":54,"column":16},"end":{"line":54,"column":30}},"loc":{"start":{"line":58,"column":41},"end":{"line":65,"column":1}}},"6":{"name":"change24h","decl":{"start":{"line":73,"column":16},"end":{"line":73,"column":25}},"loc":{"start":{"line":77,"column":30},"end":{"line":85,"column":1}}},"7":{"name":"(anonymous_7)","decl":{"start":{"line":81,"column":12},"end":{"line":81,"column":13}},"loc":{"start":{"line":81,"column":19},"end":{"line":81,"column":57}}},"8":{"name":"(anonymous_8)","decl":{"start":{"line":82,"column":10},"end":{"line":82,"column":11}},"loc":{"start":{"line":82,"column":20},"end":{"line":82,"column":29}}},"9":{"name":"isComparableTotal","decl":{"start":{"line":97,"column":16},"end":{"line":97,"column":33}},"loc":{"start":{"line":97,"column":73},"end":{"line":99,"column":1}}},"10":{"name":"readHistory","decl":{"start":{"line":101,"column":16},"end":{"line":101,"column":27}},"loc":{"start":{"line":101,"column":39},"end":{"line":113,"column":1}}},"11":{"name":"writeHistory","decl":{"start":{"line":115,"column":16},"end":{"line":115,"column":28}},"loc":{"start":{"line":115,"column":70},"end":{"line":122,"column":1}}}},"branchMap":{"0":{"loc":{"start":{"line":33,"column":2},"end":{"line":33,"column":null}},"type":"if","locations":[{"start":{"line":33,"column":2},"end":{"line":33,"column":null}}]},"1":{"loc":{"start":{"line":33,"column":6},"end":{"line":33,"column":41}},"type":"binary-expr","locations":[{"start":{"line":33,"column":6},"end":{"line":33,"column":27}},{"start":{"line":33,"column":31},"end":{"line":33,"column":41}}]},"2":{"loc":{"start":{"line":35,"column":9},"end":{"line":36,"column":58}},"type":"binary-expr","locations":[{"start":{"line":35,"column":9},"end":{"line":35,"column":32}},{"start":{"line":35,"column":36},"end":{"line":35,"column":56}},{"start":{"line":36,"column":7},"end":{"line":36,"column":32}},{"start":{"line":36,"column":36},"end":{"line":36,"column":58}}]},"3":{"loc":{"start":{"line":43,"column":2},"end":{"line":43,"column":31}},"type":"default-arg","locations":[{"start":{"line":43,"column":21},"end":{"line":43,"column":31}}]},"4":{"loc":{"start":{"line":46,"column":19},"end":{"line":46,"column":75}},"type":"binary-expr","locations":[{"start":{"line":46,"column":19},"end":{"line":46,"column":32}},{"start":{"line":46,"column":36},"end":{"line":46,"column":57}},{"start":{"line":46,"column":61},"end":{"line":46,"column":75}}]},"5":{"loc":{"start":{"line":58,"column":2},"end":{"line":58,"column":41}},"type":"default-arg","locations":[{"start":{"line":58,"column":26},"end":{"line":58,"column":41}}]},"6":{"loc":{"start":{"line":61,"column":2},"end":{"line":61,"column":null}},"type":"if","locations":[{"start":{"line":61,"column":2},"end":{"line":61,"column":null}}]},"7":{"loc":{"start":{"line":63,"column":2},"end":{"line":63,"column":null}},"type":"if","locations":[{"start":{"line":63,"column":2},"end":{"line":63,"column":null}}]},"8":{"loc":{"start":{"line":63,"column":6},"end":{"line":63,"column":46}},"type":"binary-expr","locations":[{"start":{"line":63,"column":6},"end":{"line":63,"column":12}},{"start":{"line":63,"column":16},"end":{"line":63,"column":46}}]},"9":{"loc":{"start":{"line":77,"column":2},"end":{"line":77,"column":30}},"type":"default-arg","locations":[{"start":{"line":77,"column":21},"end":{"line":77,"column":30}}]},"10":{"loc":{"start":{"line":79,"column":2},"end":{"line":79,"column":null}},"type":"if","locations":[{"start":{"line":79,"column":2},"end":{"line":79,"column":null}}]},"11":{"loc":{"start":{"line":81,"column":19},"end":{"line":81,"column":57}},"type":"binary-expr","locations":[{"start":{"line":81,"column":19},"end":{"line":81,"column":32}},{"start":{"line":81,"column":36},"end":{"line":81,"column":57}}]},"12":{"loc":{"start":{"line":83,"column":2},"end":{"line":83,"column":null}},"type":"if","locations":[{"start":{"line":83,"column":2},"end":{"line":83,"column":null}}]},"13":{"loc":{"start":{"line":83,"column":6},"end":{"line":83,"column":28}},"type":"binary-expr","locations":[{"start":{"line":83,"column":6},"end":{"line":83,"column":11}},{"start":{"line":83,"column":15},"end":{"line":83,"column":28}}]},"14":{"loc":{"start":{"line":98,"column":9},"end":{"line":98,"column":53}},"type":"binary-expr","locations":[{"start":{"line":98,"column":9},"end":{"line":98,"column":23}},{"start":{"line":98,"column":27},"end":{"line":98,"column":53}}]},"15":{"loc":{"start":{"line":102,"column":2},"end":{"line":102,"column":null}},"type":"if","locations":[{"start":{"line":102,"column":2},"end":{"line":102,"column":null}}]},"16":{"loc":{"start":{"line":105,"column":4},"end":{"line":105,"column":null}},"type":"if","locations":[{"start":{"line":105,"column":4},"end":{"line":105,"column":null}}]},"17":{"loc":{"start":{"line":107,"column":11},"end":{"line":107,"column":65}},"type":"cond-expr","locations":[{"start":{"line":107,"column":35},"end":{"line":107,"column":60}},{"start":{"line":107,"column":63},"end":{"line":107,"column":65}}]},"18":{"loc":{"start":{"line":116,"column":2},"end":{"line":116,"column":43}},"type":"if","locations":[{"start":{"line":116,"column":2},"end":{"line":116,"column":43}}]}},"s":{"0":1,"1":1,"2":1,"3":1,"4":1,"5":1,"6":1,"7":1,"8":1,"9":1,"10":4,"11":16,"12":1,"13":15,"14":15,"15":7,"16":10,"17":1,"18":4,"19":4,"20":1,"21":3,"22":3,"23":1,"24":2,"25":6,"26":1,"27":5,"28":6,"29":1,"30":5,"31":3,"32":2,"33":3,"34":0,"35":0,"36":0,"37":0,"38":0,"39":0,"40":0,"41":0,"42":0,"43":0,"44":0,"45":0,"46":0},"f":{"0":4,"1":16,"2":7,"3":10,"4":1,"5":4,"6":6,"7":6,"8":1,"9":3,"10":0,"11":0},"b":{"0":[1],"1":[16,16],"2":[15,13,13,13],"3":[7],"4":[10,7,6],"5":[4],"6":[1],"7":[1],"8":[3,2],"9":[6],"10":[1],"11":[6,6],"12":[3],"13":[5,3],"14":[3,2],"15":[0],"16":[0],"17":[0,0],"18":[0]}}
,"/home/daytona/codebase/frontend/wallet/lib/blend.ts": {"path":"/home/daytona/codebase/frontend/wallet/lib/blend.ts","statementMap":{"0":{"start":{"line":56,"column":0},"end":{"line":56,"column":7}},"1":{"start":{"line":92,"column":0},"end":{"line":92,"column":7}},"2":{"start":{"line":138,"column":0},"end":{"line":138,"column":7}},"3":{"start":{"line":160,"column":0},"end":{"line":160,"column":7}},"4":{"start":{"line":1,"column":0},"end":{"line":1,"column":37}},"5":{"start":{"line":2,"column":0},"end":{"line":2,"column":null}},"6":{"start":{"line":9,"column":0},"end":{"line":9,"column":42}},"7":{"start":{"line":10,"column":0},"end":{"line":10,"column":null}},"8":{"start":{"line":19,"column":12},"end":{"line":19,"column":24}},"9":{"start":{"line":21,"column":30},"end":{"line":24,"column":null}},"10":{"start":{"line":27,"column":14},"end":{"line":30,"column":20}},"11":{"start":{"line":29,"column":16},"end":{"line":29,"column":24}},"12":{"start":{"line":32,"column":2},"end":{"line":34,"column":3}},"13":{"start":{"line":33,"column":4},"end":{"line":33,"column":null}},"14":{"start":{"line":36,"column":2},"end":{"line":36,"column":null}},"15":{"start":{"line":57,"column":18},"end":{"line":57,"column":37}},"16":{"start":{"line":58,"column":2},"end":{"line":58,"column":null}},"17":{"start":{"line":58,"column":28},"end":{"line":58,"column":null}},"18":{"start":{"line":60,"column":16},"end":{"line":85,"column":null}},"19":{"start":{"line":62,"column":6},"end":{"line":84,"column":7}},"20":{"start":{"line":63,"column":21},"end":{"line":63,"column":43}},"21":{"start":{"line":64,"column":25},"end":{"line":64,"column":52}},"22":{"start":{"line":65,"column":28},"end":{"line":67,"column":21}},"23":{"start":{"line":66,"column":36},"end":{"line":66,"column":63}},"24":{"start":{"line":70,"column":10},"end":{"line":72,"column":15}},"25":{"start":{"line":71,"column":48},"end":{"line":71,"column":74}},"26":{"start":{"line":74,"column":8},"end":{"line":80,"column":null}},"27":{"start":{"line":82,"column":8},"end":{"line":82,"column":null}},"28":{"start":{"line":83,"column":8},"end":{"line":83,"column":null}},"29":{"start":{"line":88,"column":2},"end":{"line":88,"column":null}},"30":{"start":{"line":88,"column":51},"end":{"line":88,"column":64}},"31":{"start":{"line":93,"column":18},"end":{"line":93,"column":37}},"32":{"start":{"line":94,"column":2},"end":{"line":94,"column":null}},"33":{"start":{"line":94,"column":28},"end":{"line":94,"column":null}},"34":{"start":{"line":96,"column":20},"end":{"line":123,"column":null}},"35":{"start":{"line":98,"column":6},"end":{"line":122,"column":7}},"36":{"start":{"line":99,"column":21},"end":{"line":99,"column":43}},"37":{"start":{"line":100,"column":21},"end":{"line":100,"column":53}},"38":{"start":{"line":102,"column":8},"end":{"line":118,"column":null}},"39":{"start":{"line":104,"column":34},"end":{"line":104,"column":64}},"40":{"start":{"line":105,"column":12},"end":{"line":105,"column":null}},"41":{"start":{"line":105,"column":37},"end":{"line":105,"column":null}},"42":{"start":{"line":107,"column":30},"end":{"line":107,"column":53}},"43":{"start":{"line":108,"column":36},"end":{"line":108,"column":94}},"44":{"start":{"line":110,"column":12},"end":{"line":116,"column":null}},"45":{"start":{"line":118,"column":51},"end":{"line":118,"column":64}},"46":{"start":{"line":120,"column":8},"end":{"line":120,"column":null}},"47":{"start":{"line":121,"column":8},"end":{"line":121,"column":null}},"48":{"start":{"line":126,"column":2},"end":{"line":126,"column":null}},"49":{"start":{"line":139,"column":2},"end":{"line":148,"column":null}},"50":{"start":{"line":161,"column":2},"end":{"line":170,"column":null}},"51":{"start":{"line":174,"column":2},"end":{"line":178,"column":3}},"52":{"start":{"line":175,"column":4},"end":{"line":175,"column":null}},"53":{"start":{"line":177,"column":4},"end":{"line":177,"column":null}},"54":{"start":{"line":191,"column":2},"end":{"line":237,"column":3}},"55":{"start":{"line":192,"column":16},"end":{"line":192,"column":49}},"56":{"start":{"line":193,"column":26},"end":{"line":193,"column":68}},"57":{"start":{"line":195,"column":23},"end":{"line":206,"column":null}},"58":{"start":{"line":209,"column":4},"end":{"line":213,"column":5}},"59":{"start":{"line":210,"column":6},"end":{"line":210,"column":null}},"60":{"start":{"line":212,"column":6},"end":{"line":212,"column":null}},"61":{"start":{"line":215,"column":22},"end":{"line":215,"column":66}},"62":{"start":{"line":217,"column":15},"end":{"line":226,"column":14}},"63":{"start":{"line":228,"column":16},"end":{"line":228,"column":49}},"64":{"start":{"line":229,"column":4},"end":{"line":231,"column":5}},"65":{"start":{"line":230,"column":6},"end":{"line":230,"column":null}},"66":{"start":{"line":233,"column":4},"end":{"line":233,"column":null}},"67":{"start":{"line":235,"column":4},"end":{"line":235,"column":null}},"68":{"start":{"line":236,"column":4},"end":{"line":236,"column":null}}},"fnMap":{"0":{"name":"configuredPoolIds","decl":{"start":{"line":26,"column":9},"end":{"line":26,"column":26}},"loc":{"start":{"line":26,"column":26},"end":{"line":37,"column":1}}},"1":{"name":"(anonymous_1)","decl":{"start":{"line":29,"column":9},"end":{"line":29,"column":10}},"loc":{"start":{"line":29,"column":16},"end":{"line":29,"column":24}}},"2":{"name":"loadBlendPools","decl":{"start":{"line":56,"column":22},"end":{"line":56,"column":36}},"loc":{"start":{"line":56,"column":36},"end":{"line":89,"column":1}}},"3":{"name":"(anonymous_3)","decl":{"start":{"line":61,"column":16},"end":{"line":61,"column":21}},"loc":{"start":{"line":61,"column":60},"end":{"line":85,"column":5}}},"4":{"name":"(anonymous_4)","decl":{"start":{"line":66,"column":18},"end":{"line":66,"column":19}},"loc":{"start":{"line":66,"column":36},"end":{"line":66,"column":63}}},"5":{"name":"(anonymous_5)","decl":{"start":{"line":71,"column":30},"end":{"line":71,"column":31}},"loc":{"start":{"line":71,"column":48},"end":{"line":71,"column":74}}},"6":{"name":"(anonymous_6)","decl":{"start":{"line":88,"column":22},"end":{"line":88,"column":23}},"loc":{"start":{"line":88,"column":51},"end":{"line":88,"column":64}}},"7":{"name":"loadBlendPositions","decl":{"start":{"line":92,"column":22},"end":{"line":92,"column":40}},"loc":{"start":{"line":92,"column":60},"end":{"line":127,"column":1}}},"8":{"name":"(anonymous_8)","decl":{"start":{"line":97,"column":16},"end":{"line":97,"column":21}},"loc":{"start":{"line":97,"column":59},"end":{"line":123,"column":5}}},"9":{"name":"(anonymous_9)","decl":{"start":{"line":103,"column":15},"end":{"line":103,"column":16}},"loc":{"start":{"line":103,"column":27},"end":{"line":117,"column":11}}},"10":{"name":"(anonymous_10)","decl":{"start":{"line":118,"column":18},"end":{"line":118,"column":19}},"loc":{"start":{"line":118,"column":51},"end":{"line":118,"column":64}}},"11":{"name":"buildBlendSupplyXdr","decl":{"start":{"line":138,"column":22},"end":{"line":138,"column":41}},"loc":{"start":{"line":138,"column":62},"end":{"line":149,"column":1}}},"12":{"name":"buildBlendWithdrawXdr","decl":{"start":{"line":160,"column":22},"end":{"line":160,"column":43}},"loc":{"start":{"line":160,"column":66},"end":{"line":171,"column":1}}},"13":{"name":"loadPool","decl":{"start":{"line":173,"column":15},"end":{"line":173,"column":23}},"loc":{"start":{"line":173,"column":38},"end":{"line":179,"column":1}}},"14":{"name":"buildBlendSubmitXdr","decl":{"start":{"line":181,"column":15},"end":{"line":181,"column":34}},"loc":{"start":{"line":190,"column":1},"end":{"line":238,"column":1}}}},"branchMap":{"0":{"loc":{"start":{"line":27,"column":15},"end":{"line":27,"column":59}},"type":"binary-expr","locations":[{"start":{"line":27,"column":15},"end":{"line":27,"column":53}},{"start":{"line":27,"column":57},"end":{"line":27,"column":59}}]},"1":{"loc":{"start":{"line":32,"column":2},"end":{"line":34,"column":3}},"type":"if","locations":[{"start":{"line":32,"column":2},"end":{"line":34,"column":3}}]},"2":{"loc":{"start":{"line":58,"column":2},"end":{"line":58,"column":null}},"type":"if","locations":[{"start":{"line":58,"column":2},"end":{"line":58,"column":null}}]},"3":{"loc":{"start":{"line":70,"column":10},"end":{"line":72,"column":15}},"type":"cond-expr","locations":[{"start":{"line":71,"column":14},"end":{"line":71,"column":96}},{"start":{"line":72,"column":14},"end":{"line":72,"column":15}}]},"4":{"loc":{"start":{"line":76,"column":16},"end":{"line":76,"column":57}},"type":"binary-expr","locations":[{"start":{"line":76,"column":16},"end":{"line":76,"column":34}},{"start":{"line":76,"column":38},"end":{"line":76,"column":57}}]},"5":{"loc":{"start":{"line":94,"column":2},"end":{"line":94,"column":null}},"type":"if","locations":[{"start":{"line":94,"column":2},"end":{"line":94,"column":null}}]},"6":{"loc":{"start":{"line":105,"column":12},"end":{"line":105,"column":null}},"type":"if","locations":[{"start":{"line":105,"column":12},"end":{"line":105,"column":null}}]},"7":{"loc":{"start":{"line":108,"column":36},"end":{"line":108,"column":94}},"type":"cond-expr","locations":[{"start":{"line":108,"column":64},"end":{"line":108,"column":89}},{"start":{"line":108,"column":92},"end":{"line":108,"column":94}}]},"8":{"loc":{"start":{"line":229,"column":4},"end":{"line":231,"column":5}},"type":"if","locations":[{"start":{"line":229,"column":4},"end":{"line":231,"column":5}}]}},"s":{"0":0,"1":0,"2":0,"3":0,"4":0,"5":0,"6":0,"7":0,"8":0,"9":0,"10":0,"11":0,"12":0,"13":0,"14":0,"15":0,"16":0,"17":0,"18":0,"19":0,"20":0,"21":0,"22":0,"23":0,"24":0,"25":0,"26":0,"27":0,"28":0,"29":0,"30":0,"31":0,"32":0,"33":0,"34":0,"35":0,"36":0,"37":0,"38":0,"39":0,"40":0,"41":0,"42":0,"43":0,"44":0,"45":0,"46":0,"47":0,"48":0,"49":0,"50":0,"51":0,"52":0,"53":0,"54":0,"55":0,"56":0,"57":0,"58":0,"59":0,"60":0,"61":0,"62":0,"63":0,"64":0,"65":0,"66":0,"67":0,"68":0},"f":{"0":0,"1":0,"2":0,"3":0,"4":0,"5":0,"6":0,"7":0,"8":0,"9":0,"10":0,"11":0,"12":0,"13":0,"14":0},"b":{"0":[0,0],"1":[0],"2":[0],"3":[0,0],"4":[0,0],"5":[0],"6":[0],"7":[0,0],"8":[0]}}
,"/home/daytona/codebase/frontend/wallet/lib/bulkPayout.ts": {"path":"/home/daytona/codebase/frontend/wallet/lib/bulkPayout.ts","statementMap":{"0":{"start":{"line":1,"column":0},"end":{"line":1,"column":44}}},"fnMap":{},"branchMap":{},"s":{"0":0},"f":{},"b":{}}
,"/home/daytona/codebase/frontend/wallet/lib/currency.ts": {"path":"/home/daytona/codebase/frontend/wallet/lib/currency.ts","statementMap":{"0":{"start":{"line":64,"column":0},"end":{"line":64,"column":16}},"1":{"start":{"line":74,"column":0},"end":{"line":74,"column":16}},"2":{"start":{"line":84,"column":0},"end":{"line":84,"column":16}},"3":{"start":{"line":109,"column":0},"end":{"line":109,"column":16}},"4":{"start":{"line":114,"column":0},"end":{"line":114,"column":16}},"5":{"start":{"line":122,"column":0},"end":{"line":122,"column":7}},"6":{"start":{"line":162,"column":0},"end":{"line":162,"column":16}},"7":{"start":{"line":169,"column":0},"end":{"line":169,"column":16}},"8":{"start":{"line":180,"column":0},"end":{"line":180,"column":16}},"9":{"start":{"line":195,"column":0},"end":{"line":195,"column":16}},"10":{"start":{"line":214,"column":0},"end":{"line":214,"column":16}},"11":{"start":{"line":22,"column":0},"end":{"line":22,"column":44}},"12":{"start":{"line":46,"column":13},"end":{"line":54,"column":null}},"13":{"start":{"line":56,"column":13},"end":{"line":56,"column":null}},"14":{"start":{"line":59,"column":13},"end":{"line":59,"column":null}},"15":{"start":{"line":62,"column":13},"end":{"line":62,"column":null}},"16":{"start":{"line":65,"column":2},"end":{"line":65,"column":null}},"17":{"start":{"line":75,"column":2},"end":{"line":75,"column":null}},"18":{"start":{"line":75,"column":72},"end":{"line":75,"column":null}},"19":{"start":{"line":76,"column":2},"end":{"line":76,"column":null}},"20":{"start":{"line":89,"column":2},"end":{"line":89,"column":null}},"21":{"start":{"line":89,"column":37},"end":{"line":89,"column":null}},"22":{"start":{"line":90,"column":19},"end":{"line":90,"column":67}},"23":{"start":{"line":91,"column":24},"end":{"line":91,"column":53}},"24":{"start":{"line":92,"column":16},"end":{"line":92,"column":35}},"25":{"start":{"line":93,"column":20},"end":{"line":96,"column":4}},"26":{"start":{"line":97,"column":2},"end":{"line":97,"column":null}},"27":{"start":{"line":102,"column":20},"end":{"line":102,"column":59}},"28":{"start":{"line":103,"column":22},"end":{"line":103,"column":27}},"29":{"start":{"line":105,"column":55},"end":{"line":105,"column":57}},"30":{"start":{"line":106,"column":19},"end":{"line":106,"column":24}},"31":{"start":{"line":110,"column":2},"end":{"line":110,"column":null}},"32":{"start":{"line":115,"column":2},"end":{"line":115,"column":null}},"33":{"start":{"line":123,"column":2},"end":{"line":123,"column":null}},"34":{"start":{"line":123,"column":36},"end":{"line":123,"column":null}},"35":{"start":{"line":124,"column":21},"end":{"line":124,"column":42}},"36":{"start":{"line":125,"column":16},"end":{"line":125,"column":67}},"37":{"start":{"line":125,"column":33},"end":{"line":125,"column":51}},"38":{"start":{"line":126,"column":2},"end":{"line":147,"column":3}},"39":{"start":{"line":127,"column":16},"end":{"line":127,"column":71}},"40":{"start":{"line":128,"column":4},"end":{"line":128,"column":null}},"41":{"start":{"line":128,"column":17},"end":{"line":128,"column":null}},"42":{"start":{"line":129,"column":18},"end":{"line":129,"column":34}},"43":{"start":{"line":130,"column":4},"end":{"line":130,"column":null}},"44":{"start":{"line":130,"column":55},"end":{"line":130,"column":null}},"45":{"start":{"line":132,"column":56},"end":{"line":132,"column":58}},"46":{"start":{"line":133,"column":4},"end":{"line":136,"column":5}},"47":{"start":{"line":134,"column":20},"end":{"line":134,"column":36}},"48":{"start":{"line":135,"column":6},"end":{"line":135,"column":null}},"49":{"start":{"line":135,"column":69},"end":{"line":135,"column":null}},"50":{"start":{"line":137,"column":4},"end":{"line":137,"column":null}},"51":{"start":{"line":137,"column":40},"end":{"line":137,"column":null}},"52":{"start":{"line":139,"column":4},"end":{"line":139,"column":null}},"53":{"start":{"line":140,"column":4},"end":{"line":140,"column":null}},"54":{"start":{"line":141,"column":4},"end":{"line":141,"column":null}},"55":{"start":{"line":142,"column":4},"end":{"line":142,"column":null}},"56":{"start":{"line":144,"column":4},"end":{"line":144,"column":null}},"57":{"start":{"line":146,"column":4},"end":{"line":146,"column":null}},"58":{"start":{"line":152,"column":35},"end":{"line":152,"column":51}},"59":{"start":{"line":153,"column":18},"end":{"line":153,"column":39}},"60":{"start":{"line":155,"column":14},"end":{"line":155,"column":15}},"61":{"start":{"line":158,"column":2},"end":{"line":158,"column":null}},"62":{"start":{"line":159,"column":2},"end":{"line":159,"column":null}},"63":{"start":{"line":159,"column":36},"end":{"line":159,"column":null}},"64":{"start":{"line":163,"column":2},"end":{"line":163,"column":null}},"65":{"start":{"line":164,"column":2},"end":{"line":166,"column":null}},"66":{"start":{"line":165,"column":4},"end":{"line":165,"column":null}},"67":{"start":{"line":170,"column":2},"end":{"line":170,"column":null}},"68":{"start":{"line":173,"column":15},"end":{"line":173,"column":20}},"69":{"start":{"line":181,"column":2},"end":{"line":181,"column":55}},"70":{"start":{"line":181,"column":49},"end":{"line":181,"column":55}},"71":{"start":{"line":182,"column":2},"end":{"line":182,"column":null}},"72":{"start":{"line":183,"column":2},"end":{"line":188,"column":3}},"73":{"start":{"line":184,"column":19},"end":{"line":184,"column":68}},"74":{"start":{"line":185,"column":4},"end":{"line":185,"column":null}},"75":{"start":{"line":185,"column":61},"end":{"line":185,"column":null}},"76":{"start":{"line":189,"column":2},"end":{"line":189,"column":null}},"77":{"start":{"line":191,"column":2},"end":{"line":191,"column":null}},"78":{"start":{"line":196,"column":2},"end":{"line":196,"column":62}},"79":{"start":{"line":196,"column":56},"end":{"line":196,"column":62}},"80":{"start":{"line":197,"column":2},"end":{"line":197,"column":null}},"81":{"start":{"line":198,"column":2},"end":{"line":202,"column":3}},"82":{"start":{"line":199,"column":4},"end":{"line":199,"column":null}},"83":{"start":{"line":203,"column":2},"end":{"line":203,"column":null}},"84":{"start":{"line":215,"column":26},"end":{"line":218,"column":null}},"85":{"start":{"line":217,"column":10},"end":{"line":217,"column":17}},"86":{"start":{"line":218,"column":10},"end":{"line":218,"column":11}},"87":{"start":{"line":220,"column":2},"end":{"line":220,"column":null}},"88":{"start":{"line":221,"column":15},"end":{"line":221,"column":80}},"89":{"start":{"line":222,"column":2},"end":{"line":222,"column":null}}},"fnMap":{"0":{"name":"isCurrencyCode","decl":{"start":{"line":64,"column":16},"end":{"line":64,"column":30}},"loc":{"start":{"line":64,"column":45},"end":{"line":66,"column":1}}},"1":{"name":"convertUsd","decl":{"start":{"line":74,"column":16},"end":{"line":74,"column":26}},"loc":{"start":{"line":74,"column":66},"end":{"line":77,"column":1}}},"2":{"name":"formatFiat","decl":{"start":{"line":84,"column":16},"end":{"line":84,"column":26}},"loc":{"start":{"line":87,"column":21},"end":{"line":98,"column":1}}},"3":{"name":"getRate","decl":{"start":{"line":109,"column":16},"end":{"line":109,"column":23}},"loc":{"start":{"line":109,"column":42},"end":{"line":111,"column":1}}},"4":{"name":"areRatesLive","decl":{"start":{"line":114,"column":16},"end":{"line":114,"column":28}},"loc":{"start":{"line":114,"column":28},"end":{"line":116,"column":1}}},"5":{"name":"refreshFxRates","decl":{"start":{"line":122,"column":22},"end":{"line":122,"column":36}},"loc":{"start":{"line":122,"column":36},"end":{"line":148,"column":1}}},"6":{"name":"(anonymous_6)","decl":{"start":{"line":125,"column":27},"end":{"line":125,"column":30}},"loc":{"start":{"line":125,"column":33},"end":{"line":125,"column":51}}},"7":{"name":"notify","decl":{"start":{"line":157,"column":9},"end":{"line":157,"column":15}},"loc":{"start":{"line":157,"column":15},"end":{"line":160,"column":1}}},"8":{"name":"subscribeToCurrency","decl":{"start":{"line":162,"column":16},"end":{"line":162,"column":35}},"loc":{"start":{"line":162,"column":56},"end":{"line":167,"column":1}}},"9":{"name":"(anonymous_9)","decl":{"start":{"line":164,"column":9},"end":{"line":164,"column":12}},"loc":{"start":{"line":164,"column":14},"end":{"line":166,"column":3}}},"10":{"name":"getCurrency","decl":{"start":{"line":169,"column":16},"end":{"line":169,"column":27}},"loc":{"start":{"line":169,"column":27},"end":{"line":171,"column":1}}},"11":{"name":"hydrateCurrency","decl":{"start":{"line":180,"column":16},"end":{"line":180,"column":31}},"loc":{"start":{"line":180,"column":31},"end":{"line":192,"column":1}}},"12":{"name":"setCurrency","decl":{"start":{"line":195,"column":16},"end":{"line":195,"column":27}},"loc":{"start":{"line":195,"column":46},"end":{"line":204,"column":1}}},"13":{"name":"useCurrency","decl":{"start":{"line":214,"column":16},"end":{"line":214,"column":27}},"loc":{"start":{"line":214,"column":27},"end":{"line":223,"column":1}}},"14":{"name":"(anonymous_14)","decl":{"start":{"line":217,"column":4},"end":{"line":217,"column":7}},"loc":{"start":{"line":217,"column":10},"end":{"line":217,"column":17}}},"15":{"name":"(anonymous_15)","decl":{"start":{"line":218,"column":4},"end":{"line":218,"column":7}},"loc":{"start":{"line":218,"column":10},"end":{"line":218,"column":11}}}},"branchMap":{"0":{"loc":{"start":{"line":65,"column":9},"end":{"line":65,"column":57}},"type":"binary-expr","locations":[{"start":{"line":65,"column":9},"end":{"line":65,"column":34}},{"start":{"line":65,"column":38},"end":{"line":65,"column":57}}]},"1":{"loc":{"start":{"line":75,"column":2},"end":{"line":75,"column":null}},"type":"if","locations":[{"start":{"line":75,"column":2},"end":{"line":75,"column":null}}]},"2":{"loc":{"start":{"line":75,"column":6},"end":{"line":75,"column":70}},"type":"binary-expr","locations":[{"start":{"line":75,"column":6},"end":{"line":75,"column":17}},{"start":{"line":75,"column":21},"end":{"line":75,"column":33}},{"start":{"line":75,"column":37},"end":{"line":75,"column":51}},{"start":{"line":75,"column":55},"end":{"line":75,"column":70}}]},"3":{"loc":{"start":{"line":89,"column":2},"end":{"line":89,"column":null}},"type":"if","locations":[{"start":{"line":89,"column":2},"end":{"line":89,"column":null}}]},"4":{"loc":{"start":{"line":89,"column":6},"end":{"line":89,"column":35}},"type":"binary-expr","locations":[{"start":{"line":89,"column":6},"end":{"line":89,"column":17}},{"start":{"line":89,"column":21},"end":{"line":89,"column":35}}]},"5":{"loc":{"start":{"line":90,"column":19},"end":{"line":90,"column":67}},"type":"binary-expr","locations":[{"start":{"line":90,"column":19},"end":{"line":90,"column":35}},{"start":{"line":90,"column":39},"end":{"line":90,"column":67}}]},"6":{"loc":{"start":{"line":91,"column":24},"end":{"line":91,"column":53}},"type":"binary-expr","locations":[{"start":{"line":91,"column":24},"end":{"line":91,"column":28}},{"start":{"line":91,"column":32},"end":{"line":91,"column":53}}]},"7":{"loc":{"start":{"line":110,"column":9},"end":{"line":110,"column":57}},"type":"binary-expr","locations":[{"start":{"line":110,"column":9},"end":{"line":110,"column":24}},{"start":{"line":110,"column":28},"end":{"line":110,"column":57}}]},"8":{"loc":{"start":{"line":123,"column":2},"end":{"line":123,"column":null}},"type":"if","locations":[{"start":{"line":123,"column":2},"end":{"line":123,"column":null}}]},"9":{"loc":{"start":{"line":128,"column":4},"end":{"line":128,"column":null}},"type":"if","locations":[{"start":{"line":128,"column":4},"end":{"line":128,"column":null}}]},"10":{"loc":{"start":{"line":130,"column":4},"end":{"line":130,"column":null}},"type":"if","locations":[{"start":{"line":130,"column":4},"end":{"line":130,"column":null}}]},"11":{"loc":{"start":{"line":130,"column":8},"end":{"line":130,"column":53}},"type":"binary-expr","locations":[{"start":{"line":130,"column":8},"end":{"line":130,"column":19}},{"start":{"line":130,"column":23},"end":{"line":130,"column":53}}]},"12":{"loc":{"start":{"line":135,"column":6},"end":{"line":135,"column":null}},"type":"if","locations":[{"start":{"line":135,"column":6},"end":{"line":135,"column":null}}]},"13":{"loc":{"start":{"line":135,"column":10},"end":{"line":135,"column":67}},"type":"binary-expr","locations":[{"start":{"line":135,"column":10},"end":{"line":135,"column":35}},{"start":{"line":135,"column":39},"end":{"line":135,"column":54}},{"start":{"line":135,"column":58},"end":{"line":135,"column":67}}]},"14":{"loc":{"start":{"line":137,"column":4},"end":{"line":137,"column":null}},"type":"if","locations":[{"start":{"line":137,"column":4},"end":{"line":137,"column":null}}]},"15":{"loc":{"start":{"line":181,"column":2},"end":{"line":181,"column":55}},"type":"if","locations":[{"start":{"line":181,"column":2},"end":{"line":181,"column":55}}]},"16":{"loc":{"start":{"line":181,"column":6},"end":{"line":181,"column":47}},"type":"binary-expr","locations":[{"start":{"line":181,"column":6},"end":{"line":181,"column":14}},{"start":{"line":181,"column":18},"end":{"line":181,"column":47}}]},"17":{"loc":{"start":{"line":185,"column":4},"end":{"line":185,"column":null}},"type":"if","locations":[{"start":{"line":185,"column":4},"end":{"line":185,"column":null}}]},"18":{"loc":{"start":{"line":185,"column":8},"end":{"line":185,"column":59}},"type":"binary-expr","locations":[{"start":{"line":185,"column":8},"end":{"line":185,"column":30}},{"start":{"line":185,"column":34},"end":{"line":185,"column":59}}]},"19":{"loc":{"start":{"line":196,"column":2},"end":{"line":196,"column":62}},"type":"if","locations":[{"start":{"line":196,"column":2},"end":{"line":196,"column":62}}]},"20":{"loc":{"start":{"line":196,"column":6},"end":{"line":196,"column":54}},"type":"binary-expr","locations":[{"start":{"line":196,"column":6},"end":{"line":196,"column":27}},{"start":{"line":196,"column":31},"end":{"line":196,"column":54}}]},"21":{"loc":{"start":{"line":221,"column":15},"end":{"line":221,"column":80}},"type":"cond-expr","locations":[{"start":{"line":221,"column":47},"end":{"line":221,"column":63}},{"start":{"line":221,"column":66},"end":{"line":221,"column":80}}]}},"s":{"0":0,"1":0,"2":0,"3":0,"4":0,"5":0,"6":0,"7":0,"8":0,"9":0,"10":0,"11":0,"12":0,"13":0,"14":0,"15":0,"16":0,"17":0,"18":0,"19":0,"20":0,"21":0,"22":0,"23":0,"24":0,"25":0,"26":0,"27":0,"28":0,"29":0,"30":0,"31":0,"32":0,"33":0,"34":0,"35":0,"36":0,"37":0,"38":0,"39":0,"40":0,"41":0,"42":0,"43":0,"44":0,"45":0,"46":0,"47":0,"48":0,"49":0,"50":0,"51":0,"52":0,"53":0,"54":0,"55":0,"56":0,"57":0,"58":0,"59":0,"60":0,"61":0,"62":0,"63":0,"64":0,"65":0,"66":0,"67":0,"68":0,"69":0,"70":0,"71":0,"72":0,"73":0,"74":0,"75":0,"76":0,"77":0,"78":0,"79":0,"80":0,"81":0,"82":0,"83":0,"84":0,"85":0,"86":0,"87":0,"88":0,"89":0},"f":{"0":0,"1":0,"2":0,"3":0,"4":0,"5":0,"6":0,"7":0,"8":0,"9":0,"10":0,"11":0,"12":0,"13":0,"14":0,"15":0},"b":{"0":[0,0],"1":[0],"2":[0,0,0,0],"3":[0],"4":[0,0],"5":[0,0],"6":[0,0],"7":[0,0],"8":[0],"9":[0],"10":[0],"11":[0,0],"12":[0],"13":[0,0,0],"14":[0],"15":[0],"16":[0,0],"17":[0],"18":[0,0],"19":[0],"20":[0,0],"21":[0,0]}}
,"/home/daytona/codebase/frontend/wallet/lib/deriveFeePayer.ts": {"path":"/home/daytona/codebase/frontend/wallet/lib/deriveFeePayer.ts","statementMap":{"0":{"start":{"line":42,"column":0},"end":{"line":42,"column":7}},"1":{"start":{"line":64,"column":0},"end":{"line":64,"column":7}},"2":{"start":{"line":1,"column":0},"end":{"line":1,"column":46}},"3":{"start":{"line":2,"column":0},"end":{"line":2,"column":49}},"4":{"start":{"line":27,"column":13},"end":{"line":27,"column":62}},"5":{"start":{"line":28,"column":13},"end":{"line":28,"column":65}},"6":{"start":{"line":31,"column":21},"end":{"line":31,"column":64}},"7":{"start":{"line":32,"column":17},"end":{"line":32,"column":75}},"8":{"start":{"line":33,"column":17},"end":{"line":33,"column":29}},"9":{"start":{"line":34,"column":16},"end":{"line":34,"column":45}},"10":{"start":{"line":35,"column":2},"end":{"line":35,"column":null}},"11":{"start":{"line":35,"column":15},"end":{"line":35,"column":16}},"12":{"start":{"line":35,"column":42},"end":{"line":35,"column":null}},"13":{"start":{"line":36,"column":2},"end":{"line":36,"column":null}},"14":{"start":{"line":44,"column":16},"end":{"line":44,"column":60}},"15":{"start":{"line":47,"column":22},"end":{"line":48,"column":null}},"16":{"start":{"line":51,"column":18},"end":{"line":55,"column":null}},"17":{"start":{"line":57,"column":2},"end":{"line":57,"column":null}},"18":{"start":{"line":65,"column":16},"end":{"line":65,"column":62}},"19":{"start":{"line":66,"column":2},"end":{"line":66,"column":null}},"20":{"start":{"line":66,"column":14},"end":{"line":66,"column":null}},"21":{"start":{"line":67,"column":2},"end":{"line":67,"column":null}}},"fnMap":{"0":{"name":"base64UrlToUint8Array","decl":{"start":{"line":30,"column":9},"end":{"line":30,"column":30}},"loc":{"start":{"line":30,"column":44},"end":{"line":37,"column":1}}},"1":{"name":"deriveFeePayerKeypair","decl":{"start":{"line":42,"column":22},"end":{"line":42,"column":43}},"loc":{"start":{"line":42,"column":73},"end":{"line":58,"column":1}}},"2":{"name":"deriveStoredFeePayer","decl":{"start":{"line":64,"column":22},"end":{"line":64,"column":42}},"loc":{"start":{"line":64,"column":42},"end":{"line":68,"column":1}}}},"branchMap":{"0":{"loc":{"start":{"line":66,"column":2},"end":{"line":66,"column":null}},"type":"if","locations":[{"start":{"line":66,"column":2},"end":{"line":66,"column":null}}]}},"s":{"0":1,"1":1,"2":1,"3":1,"4":1,"5":1,"6":9,"7":9,"8":9,"9":9,"10":9,"11":9,"12":36,"13":9,"14":9,"15":9,"16":9,"17":9,"18":0,"19":0,"20":0,"21":0},"f":{"0":9,"1":9,"2":0},"b":{"0":[0]}}
,"/home/daytona/codebase/frontend/wallet/lib/escrow.ts": {"path":"/home/daytona/codebase/frontend/wallet/lib/escrow.ts","statementMap":{"0":{"start":{"line":1,"column":0},"end":{"line":1,"column":50}}},"fnMap":{},"branchMap":{},"s":{"0":0},"f":{},"b":{}}
,"/home/daytona/codebase/frontend/wallet/lib/federation.ts": {"path":"/home/daytona/codebase/frontend/wallet/lib/federation.ts","statementMap":{"0":{"start":{"line":29,"column":0},"end":{"line":29,"column":7}},"1":{"start":{"line":7,"column":48},"end":{"line":7,"column":50}},"2":{"start":{"line":10,"column":41},"end":{"line":10,"column":43}},"3":{"start":{"line":11,"column":16},"end":{"line":11,"column":39}},"4":{"start":{"line":12,"column":2},"end":{"line":25,"column":3}},"5":{"start":{"line":13,"column":20},"end":{"line":13,"column":31}},"6":{"start":{"line":14,"column":4},"end":{"line":14,"column":53}},"7":{"start":{"line":14,"column":45},"end":{"line":14,"column":53}},"8":{"start":{"line":15,"column":18},"end":{"line":15,"column":36}},"9":{"start":{"line":16,"column":4},"end":{"line":24,"column":5}},"10":{"start":{"line":17,"column":18},"end":{"line":17,"column":33}},"11":{"start":{"line":18,"column":18},"end":{"line":18,"column":49}},"12":{"start":{"line":20,"column":6},"end":{"line":22,"column":7}},"13":{"start":{"line":21,"column":8},"end":{"line":21,"column":null}},"14":{"start":{"line":23,"column":6},"end":{"line":23,"column":null}},"15":{"start":{"line":26,"column":2},"end":{"line":26,"column":null}},"16":{"start":{"line":30,"column":2},"end":{"line":32,"column":3}},"17":{"start":{"line":31,"column":4},"end":{"line":31,"column":null}},"18":{"start":{"line":34,"column":16},"end":{"line":34,"column":34}},"19":{"start":{"line":35,"column":2},"end":{"line":37,"column":3}},"20":{"start":{"line":36,"column":4},"end":{"line":36,"column":null}},"21":{"start":{"line":39,"column":15},"end":{"line":39,"column":23}},"22":{"start":{"line":40,"column":17},"end":{"line":40,"column":25}},"23":{"start":{"line":41,"column":2},"end":{"line":43,"column":3}},"24":{"start":{"line":42,"column":4},"end":{"line":42,"column":null}},"25":{"start":{"line":46,"column":2},"end":{"line":61,"column":3}},"26":{"start":{"line":47,"column":20},"end":{"line":47,"column":64}},"27":{"start":{"line":48,"column":16},"end":{"line":48,"column":36}},"28":{"start":{"line":49,"column":4},"end":{"line":54,"column":5}},"29":{"start":{"line":50,"column":6},"end":{"line":52,"column":7}},"30":{"start":{"line":51,"column":8},"end":{"line":51,"column":null}},"31":{"start":{"line":53,"column":6},"end":{"line":53,"column":null}},"32":{"start":{"line":55,"column":4},"end":{"line":55,"column":null}},"33":{"start":{"line":57,"column":4},"end":{"line":59,"column":5}},"34":{"start":{"line":58,"column":6},"end":{"line":58,"column":null}},"35":{"start":{"line":60,"column":4},"end":{"line":60,"column":null}},"36":{"start":{"line":63,"column":15},"end":{"line":63,"column":34}},"37":{"start":{"line":64,"column":20},"end":{"line":64,"column":45}},"38":{"start":{"line":65,"column":2},"end":{"line":67,"column":3}},"39":{"start":{"line":66,"column":4},"end":{"line":66,"column":null}},"40":{"start":{"line":70,"column":17},"end":{"line":70,"column":26}},"41":{"start":{"line":71,"column":2},"end":{"line":73,"column":3}},"42":{"start":{"line":72,"column":4},"end":{"line":72,"column":null}},"43":{"start":{"line":76,"column":2},"end":{"line":94,"column":3}},"44":{"start":{"line":77,"column":16},"end":{"line":77,"column":33}},"45":{"start":{"line":78,"column":4},"end":{"line":78,"column":null}},"46":{"start":{"line":79,"column":4},"end":{"line":79,"column":null}},"47":{"start":{"line":81,"column":16},"end":{"line":81,"column":43}},"48":{"start":{"line":82,"column":4},"end":{"line":87,"column":5}},"49":{"start":{"line":83,"column":6},"end":{"line":85,"column":7}},"50":{"start":{"line":84,"column":8},"end":{"line":84,"column":null}},"51":{"start":{"line":86,"column":6},"end":{"line":86,"column":null}},"52":{"start":{"line":88,"column":4},"end":{"line":88,"column":null}},"53":{"start":{"line":90,"column":4},"end":{"line":92,"column":5}},"54":{"start":{"line":91,"column":6},"end":{"line":91,"column":null}},"55":{"start":{"line":93,"column":4},"end":{"line":93,"column":null}},"56":{"start":{"line":96,"column":2},"end":{"line":98,"column":3}},"57":{"start":{"line":97,"column":4},"end":{"line":97,"column":null}},"58":{"start":{"line":100,"column":2},"end":{"line":100,"column":null}},"59":{"start":{"line":101,"column":2},"end":{"line":101,"column":null}}},"fnMap":{"0":{"name":"parseToml","decl":{"start":{"line":9,"column":9},"end":{"line":9,"column":18}},"loc":{"start":{"line":9,"column":35},"end":{"line":27,"column":1}}},"1":{"name":"resolveFederation","decl":{"start":{"line":29,"column":22},"end":{"line":29,"column":39}},"loc":{"start":{"line":29,"column":55},"end":{"line":102,"column":1}}}},"branchMap":{"0":{"loc":{"start":{"line":14,"column":4},"end":{"line":14,"column":53}},"type":"if","locations":[{"start":{"line":14,"column":4},"end":{"line":14,"column":53}}]},"1":{"loc":{"start":{"line":14,"column":8},"end":{"line":14,"column":43}},"type":"binary-expr","locations":[{"start":{"line":14,"column":8},"end":{"line":14,"column":16}},{"start":{"line":14,"column":20},"end":{"line":14,"column":43}}]},"2":{"loc":{"start":{"line":16,"column":4},"end":{"line":24,"column":5}},"type":"if","locations":[{"start":{"line":16,"column":4},"end":{"line":24,"column":5}}]},"3":{"loc":{"start":{"line":20,"column":6},"end":{"line":22,"column":7}},"type":"if","locations":[{"start":{"line":20,"column":6},"end":{"line":22,"column":7}}]},"4":{"loc":{"start":{"line":20,"column":10},"end":{"line":20,"column":106}},"type":"binary-expr","locations":[{"start":{"line":20,"column":11},"end":{"line":20,"column":32}},{"start":{"line":20,"column":36},"end":{"line":20,"column":55}},{"start":{"line":20,"column":61},"end":{"line":20,"column":82}},{"start":{"line":20,"column":86},"end":{"line":20,"column":105}}]},"5":{"loc":{"start":{"line":30,"column":2},"end":{"line":32,"column":3}},"type":"if","locations":[{"start":{"line":30,"column":2},"end":{"line":32,"column":3}}]},"6":{"loc":{"start":{"line":35,"column":2},"end":{"line":37,"column":3}},"type":"if","locations":[{"start":{"line":35,"column":2},"end":{"line":37,"column":3}}]},"7":{"loc":{"start":{"line":41,"column":2},"end":{"line":43,"column":3}},"type":"if","locations":[{"start":{"line":41,"column":2},"end":{"line":43,"column":3}}]},"8":{"loc":{"start":{"line":41,"column":6},"end":{"line":41,"column":22}},"type":"binary-expr","locations":[{"start":{"line":41,"column":6},"end":{"line":41,"column":11}},{"start":{"line":41,"column":15},"end":{"line":41,"column":22}}]},"9":{"loc":{"start":{"line":49,"column":4},"end":{"line":54,"column":5}},"type":"if","locations":[{"start":{"line":49,"column":4},"end":{"line":54,"column":5}}]},"10":{"loc":{"start":{"line":50,"column":6},"end":{"line":52,"column":7}},"type":"if","locations":[{"start":{"line":50,"column":6},"end":{"line":52,"column":7}}]},"11":{"loc":{"start":{"line":57,"column":4},"end":{"line":59,"column":5}},"type":"if","locations":[{"start":{"line":57,"column":4},"end":{"line":59,"column":5}}]},"12":{"loc":{"start":{"line":57,"column":8},"end":{"line":57,"column":67}},"type":"binary-expr","locations":[{"start":{"line":57,"column":8},"end":{"line":57,"column":28}},{"start":{"line":57,"column":32},"end":{"line":57,"column":67}}]},"13":{"loc":{"start":{"line":65,"column":2},"end":{"line":67,"column":3}},"type":"if","locations":[{"start":{"line":65,"column":2},"end":{"line":67,"column":3}}]},"14":{"loc":{"start":{"line":71,"column":2},"end":{"line":73,"column":3}},"type":"if","locations":[{"start":{"line":71,"column":2},"end":{"line":73,"column":3}}]},"15":{"loc":{"start":{"line":71,"column":6},"end":{"line":71,"column":73}},"type":"binary-expr","locations":[{"start":{"line":71,"column":6},"end":{"line":71,"column":37}},{"start":{"line":71,"column":41},"end":{"line":71,"column":73}}]},"16":{"loc":{"start":{"line":82,"column":4},"end":{"line":87,"column":5}},"type":"if","locations":[{"start":{"line":82,"column":4},"end":{"line":87,"column":5}}]},"17":{"loc":{"start":{"line":83,"column":6},"end":{"line":85,"column":7}},"type":"if","locations":[{"start":{"line":83,"column":6},"end":{"line":85,"column":7}}]},"18":{"loc":{"start":{"line":90,"column":4},"end":{"line":92,"column":5}},"type":"if","locations":[{"start":{"line":90,"column":4},"end":{"line":92,"column":5}}]},"19":{"loc":{"start":{"line":90,"column":8},"end":{"line":90,"column":67}},"type":"binary-expr","locations":[{"start":{"line":90,"column":8},"end":{"line":90,"column":28}},{"start":{"line":90,"column":32},"end":{"line":90,"column":67}}]},"20":{"loc":{"start":{"line":96,"column":2},"end":{"line":98,"column":3}},"type":"if","locations":[{"start":{"line":96,"column":2},"end":{"line":98,"column":3}}]},"21":{"loc":{"start":{"line":96,"column":6},"end":{"line":96,"column":35}},"type":"binary-expr","locations":[{"start":{"line":96,"column":6},"end":{"line":96,"column":13}},{"start":{"line":96,"column":17},"end":{"line":96,"column":35}}]}},"s":{"0":0,"1":0,"2":0,"3":0,"4":0,"5":0,"6":0,"7":0,"8":0,"9":0,"10":0,"11":0,"12":0,"13":0,"14":0,"15":0,"16":0,"17":0,"18":0,"19":0,"20":0,"21":0,"22":0,"23":0,"24":0,"25":0,"26":0,"27":0,"28":0,"29":0,"30":0,"31":0,"32":0,"33":0,"34":0,"35":0,"36":0,"37":0,"38":0,"39":0,"40":0,"41":0,"42":0,"43":0,"44":0,"45":0,"46":0,"47":0,"48":0,"49":0,"50":0,"51":0,"52":0,"53":0,"54":0,"55":0,"56":0,"57":0,"58":0,"59":0},"f":{"0":0,"1":0},"b":{"0":[0],"1":[0,0],"2":[0],"3":[0],"4":[0,0,0,0],"5":[0],"6":[0],"7":[0],"8":[0,0],"9":[0],"10":[0],"11":[0],"12":[0,0],"13":[0],"14":[0],"15":[0,0],"16":[0],"17":[0],"18":[0],"19":[0,0],"20":[0],"21":[0,0]}}
,"/home/daytona/codebase/frontend/wallet/lib/feeBump.ts": {"path":"/home/daytona/codebase/frontend/wallet/lib/feeBump.ts","statementMap":{"0":{"start":{"line":21,"column":0},"end":{"line":21,"column":16}},"1":{"start":{"line":1,"column":0},"end":{"line":1,"column":37}},"2":{"start":{"line":2,"column":0},"end":{"line":2,"column":null}},"3":{"start":{"line":26,"column":25},"end":{"line":26,"column":59}},"4":{"start":{"line":27,"column":18},"end":{"line":31,"column":null}},"5":{"start":{"line":34,"column":2},"end":{"line":34,"column":null}},"6":{"start":{"line":35,"column":2},"end":{"line":35,"column":null}}},"fnMap":{"0":{"name":"buildSponsoredFeeBumpTransaction","decl":{"start":{"line":21,"column":16},"end":{"line":21,"column":48}},"loc":{"start":{"line":25,"column":21},"end":{"line":36,"column":1}}}},"branchMap":{"0":{"loc":{"start":{"line":29,"column":4},"end":{"line":29,"column":37}},"type":"binary-expr","locations":[{"start":{"line":29,"column":4},"end":{"line":29,"column":19}},{"start":{"line":29,"column":23},"end":{"line":29,"column":37}}]}},"s":{"0":1,"1":1,"2":1,"3":1,"4":1,"5":1,"6":1},"f":{"0":1},"b":{"0":[1,0]}}
,"/home/daytona/codebase/frontend/wallet/lib/feePayer.ts": {"path":"/home/daytona/codebase/frontend/wallet/lib/feePayer.ts","statementMap":{"0":{"start":{"line":58,"column":0},"end":{"line":58,"column":16}},"1":{"start":{"line":72,"column":0},"end":{"line":72,"column":16}},"2":{"start":{"line":79,"column":0},"end":{"line":79,"column":16}},"3":{"start":{"line":101,"column":0},"end":{"line":101,"column":7}},"4":{"start":{"line":201,"column":0},"end":{"line":201,"column":16}},"5":{"start":{"line":212,"column":0},"end":{"line":212,"column":16}},"6":{"start":{"line":1,"column":0},"end":{"line":1,"column":46}},"7":{"start":{"line":2,"column":0},"end":{"line":2,"column":93}},"8":{"start":{"line":4,"column":0},"end":{"line":4,"column":56}},"9":{"start":{"line":5,"column":0},"end":{"line":5,"column":38}},"10":{"start":{"line":6,"column":0},"end":{"line":6,"column":64}},"11":{"start":{"line":30,"column":15},"end":{"line":30,"column":40}},"12":{"start":{"line":31,"column":15},"end":{"line":31,"column":35}},"13":{"start":{"line":32,"column":15},"end":{"line":32,"column":39}},"14":{"start":{"line":33,"column":13},"end":{"line":33,"column":33}},"15":{"start":{"line":51,"column":29},"end":{"line":51,"column":33}},"16":{"start":{"line":54,"column":2},"end":{"line":54,"column":null}},"17":{"start":{"line":59,"column":2},"end":{"line":59,"column":null}},"18":{"start":{"line":59,"column":20},"end":{"line":59,"column":null}},"19":{"start":{"line":60,"column":12},"end":{"line":60,"column":38}},"20":{"start":{"line":62,"column":2},"end":{"line":62,"column":null}},"21":{"start":{"line":62,"column":19},"end":{"line":62,"column":null}},"22":{"start":{"line":63,"column":2},"end":{"line":63,"column":null}},"23":{"start":{"line":73,"column":2},"end":{"line":73,"column":null}},"24":{"start":{"line":73,"column":14},"end":{"line":73,"column":null}},"25":{"start":{"line":74,"column":2},"end":{"line":74,"column":null}},"26":{"start":{"line":74,"column":20},"end":{"line":74,"column":null}},"27":{"start":{"line":75,"column":2},"end":{"line":75,"column":null}},"28":{"start":{"line":80,"column":17},"end":{"line":80,"column":37}},"29":{"start":{"line":81,"column":2},"end":{"line":81,"column":null}},"30":{"start":{"line":81,"column":15},"end":{"line":81,"column":null}},"31":{"start":{"line":82,"column":2},"end":{"line":86,"column":3}},"32":{"start":{"line":83,"column":4},"end":{"line":83,"column":null}},"33":{"start":{"line":85,"column":4},"end":{"line":85,"column":null}},"34":{"start":{"line":102,"column":2},"end":{"line":102,"column":null}},"35":{"start":{"line":102,"column":14},"end":{"line":102,"column":null}},"36":{"start":{"line":103,"column":2},"end":{"line":103,"column":null}},"37":{"start":{"line":103,"column":20},"end":{"line":103,"column":null}},"38":{"start":{"line":105,"column":17},"end":{"line":105,"column":34}},"39":{"start":{"line":106,"column":19},"end":{"line":106,"column":39}},"40":{"
[...]
38}}]},"6":{"loc":{"start":{"line":93,"column":18},"end":{"line":95,"column":18}},"type":"cond-expr","locations":[{"start":{"line":94,"column":6},"end":{"line":94,"column":46}},{"start":{"line":95,"column":6},"end":{"line":95,"column":18}}]},"7":{"loc":{"start":{"line":93,"column":18},"end":{"line":93,"column":50}},"type":"binary-expr","locations":[{"start":{"line":93,"column":18},"end":{"line":93,"column":25}},{"start":{"line":93,"column":29},"end":{"line":93,"column":50}}]},"8":{"loc":{"start":{"line":100,"column":10},"end":{"line":100,"column":36}},"type":"binary-expr","locations":[{"start":{"line":100,"column":10},"end":{"line":100,"column":28}},{"start":{"line":100,"column":32},"end":{"line":100,"column":36}}]},"9":{"loc":{"start":{"line":105,"column":2},"end":{"line":105,"column":null}},"type":"if","locations":[{"start":{"line":105,"column":2},"end":{"line":105,"column":null}}]},"10":{"loc":{"start":{"line":108,"column":4},"end":{"line":108,"column":null}},"type":"if","locations":[{"start":{"line":108,"column":4},"end":{"line":108,"column":null}}]},"11":{"loc":{"start":{"line":110,"column":11},"end":{"line":110,"column":46}},"type":"cond-expr","locations":[{"start":{"line":110,"column":35},"end":{"line":110,"column":41}},{"start":{"line":110,"column":44},"end":{"line":110,"column":46}}]},"12":{"loc":{"start":{"line":117,"column":2},"end":{"line":117,"column":43}},"type":"if","locations":[{"start":{"line":117,"column":2},"end":{"line":117,"column":43}}]},"13":{"loc":{"start":{"line":138,"column":4},"end":{"line":139,"column":48}},"type":"binary-expr","locations":[{"start":{"line":138,"column":4},"end":{"line":138,"column":47}},{"start":{"line":139,"column":7},"end":{"line":139,"column":48}}]},"14":{"loc":{"start":{"line":140,"column":2},"end":{"line":142,"column":3}},"type":"if","locations":[{"start":{"line":140,"column":2},"end":{"line":142,"column":3}}]},"15":{"loc":{"start":{"line":149,"column":2},"end":{"line":151,"column":3}},"type":"if","locations":[{"start":{"line":149,"column":2},"end":{"line":151,"column":3}}]},"16":{"loc":{"start":{"line":149,"column":6},"end":{"line":149,"column":29}},"type":"binary-expr","locations":[{"start":{"line":149,"column":6},"end":{"line":149,"column":12}},{"start":{"line":149,"column":16},"end":{"line":149,"column":29}}]},"17":{"loc":{"start":{"line":172,"column":4},"end":{"line":172,"column":null}},"type":"if","locations":[{"start":{"line":172,"column":4},"end":{"line":172,"column":null}}]},"18":{"loc":{"start":{"line":182,"column":20},"end":{"line":182,"column":74}},"type":"cond-expr","locations":[{"start":{"line":182,"column":45},"end":{"line":182,"column":58}},{"start":{"line":182,"column":61},"end":{"line":182,"column":74}}]},"19":{"loc":{"start":{"line":183,"column":4},"end":{"line":188,"column":5}},"type":"if","locations":[{"start":{"line":183,"column":4},"end":{"line":188,"column":5}}]},"20":{"loc":{"start":{"line":184,"column":6},"end":{"line":185,"column":49}},"type":"binary-expr","locations":[{"start":{"line":184,"column":6},"end":{"line":184,"column":41}},{"start":{"line":185,"column":9},"end":{"line":185,"column":49}}]},"21":{"loc":{"start":{"line":199,"column":16},"end":{"line":199,"column":58}},"type":"binary-expr","locations":[{"start":{"line":199,"column":16},"end":{"line":199,"column":24}},{"start":{"line":199,"column":28},"end":{"line":199,"column":53}},{"start":{"line":199,"column":57},"end":{"line":199,"column":58}}]},"22":{"loc":{"start":{"line":203,"column":2},"end":{"line":203,"column":null}},"type":"if","locations":[{"start":{"line":203,"column":2},"end":{"line":203,"column":null}}]},"23":{"loc":{"start":{"line":204,"column":2},"end":{"line":210,"column":3}},"type":"if","locations":[{"start":{"line":204,"column":2},"end":{"line":210,"column":3}}]},"24":{"loc":{"start":{"line":206,"column":6},"end":{"line":206,"column":null}},"type":"if","locations":[{"start":{"line":206,"column":6},"end":{"line":206,"column":null}}]},"25":{"loc":{"start":{"line":207,"column":6},"end":{"line":207,"column":null}},"type":"if","locations":[{"start":{"line":207,"column":6},"end":{"line":207,"column":null}}]},"26":{"loc":{"start":{"line":207,"column":10},"end":{"line":207,"column":46}},"type":"binary-expr","locations":[{"start":{"line":207,"column":10},"end":{"line":207,"column":14}},{"start":{"line":207,"column":18},"end":{"line":207,"column":46}}]},"27":{"loc":{"start":{"line":208,"column":6},"end":{"line":208,"column":null}},"type":"if","locations":[{"start":{"line":208,"column":6},"end":{"line":208,"column":null}}]},"28":{"loc":{"start":{"line":208,"column":10},"end":{"line":208,"column":54}},"type":"binary-expr","locations":[{"start":{"line":208,"column":10},"end":{"line":208,"column":14}},{"start":{"line":208,"column":18},"end":{"line":208,"column":54}}]},"29":{"loc":{"start":{"line":211,"column":2},"end":{"line":211,"column":null}},"type":"if","locations":[{"start":{"line":211,"column":2},"end":{"line":211,"column":null}}]},"30":{"loc":{"start":{"line":211,"column":6},"end":{"line":211,"column":46}},"type":"binary-expr","locations":[{"start":{"line":211,"column":6},"end":{"line":211,"column":12}},{"start":{"line":211,"column":16},"end":{"line":211,"column":46}}]},"31":{"loc":{"start":{"line":212,"column":2},"end":{"line":212,"column":null}},"type":"if","locations":[{"start":{"line":212,"column":2},"end":{"line":212,"column":null}}]},"32":{"loc":{"start":{"line":212,"column":6},"end":{"line":212,"column":54}},"type":"binary-expr","locations":[{"start":{"line":212,"column":6},"end":{"line":212,"column":12}},{"start":{"line":212,"column":16},"end":{"line":212,"column":54}}]},"33":{"loc":{"start":{"line":213,"column":2},"end":{"line":213,"column":null}},"type":"if","locations":[{"start":{"line":213,"column":2},"end":{"line":213,"column":null}}]},"34":{"loc":{"start":{"line":213,"column":6},"end":{"line":213,"column":45}},"type":"binary-expr","locations":[{"start":{"line":213,"column":6},"end":{"line":213,"column":12}},{"start":{"line":213,"column":16},"end":{"line":213,"column":45}}]},"35":{"loc":{"start":{"line":238,"column":2},"end":{"line":240,"column":3}},"type":"if","locations":[{"start":{"line":238,"column":2},"end":{"line":240,"column":3}}]},"36":{"loc":{"start":{"line":252,"column":2},"end":{"line":306,"column":3}},"type":"if","locations":[{"start":{"line":252,"column":2},"end":{"line":306,"column":3}}]},"37":{"loc":{"start":{"line":259,"column":6},"end":{"line":261,"column":7}},"type":"if","locations":[{"start":{"line":259,"column":6},"end":{"line":261,"column":7}}]},"38":{"loc":{"start":{"line":280,"column":6},"end":{"line":282,"column":7}},"type":"if","locations":[{"start":{"line":280,"column":6},"end":{"line":282,"column":7}}]},"39":{"loc":{"start":{"line":290,"column":6},"end":{"line":292,"column":7}},"type":"if","locations":[{"start":{"line":290,"column":6},"end":{"line":292,"column":7}}]},"40":{"loc":{"start":{"line":319,"column":14},"end":{"line":319,"column":31}},"type":"binary-expr","locations":[{"start":{"line":319,"column":14},"end":{"line":319,"column":25}},{"start":{"line":319,"column":29},"end":{"line":319,"column":31}}]},"41":{"loc":{"start":{"line":326,"column":2},"end":{"line":328,"column":3}},"type":"if","locations":[{"start":{"line":326,"column":2},"end":{"line":328,"column":3}}]},"42":{"loc":{"start":{"line":345,"column":2},"end":{"line":349,"column":3}},"type":"if","locations":[{"start":{"line":345,"column":2},"end":{"line":349,"column":3}}]},"43":{"loc":{"start":{"line":347,"column":31},"end":{"line":347,"column":83}},"type":"binary-expr","locations":[{"start":{"line":347,"column":31},"end":{"line":347,"column":70}},{"start":{"line":347,"column":74},"end":{"line":347,"column":83}}]},"44":{"loc":{"start":{"line":354,"column":2},"end":{"line":354,"column":43}},"type":"if","locations":[{"start":{"line":354,"column":2},"end":{"line":354,"column":43}}]},"45":{"loc":{"start":{"line":362,"column":2},"end":{"line":362,"column":null}},"type":"if","locations":[{"start":{"line":362,"column":2},"end":{"line":362,"column":null}}]},"46":{"loc":{"start":{"line":369,"column":4},"end":{"line":378,"column":5}},"type":"if","locations":[{"start":{"line":369,"column":4},"end":{"line":378,"column":5}}]},"47":{"loc":{"start":{"line":380,"column":4},"end":{"line":389,"column":5}},"type":"if","locations":[{"start":{"line":380,"column":4},"end":{"line":389,"column":5}}]},"48":{"loc":{"start":{"line":396,"column":20},"end":{"line":396,"column":74}},"type":"cond-expr","locations":[{"start":{"line":396,"column":45},"end":{"line":396,"column":58}},{"start":{"line":396,"column":61},"end":{"line":396,"column":74}}]},"49":{"loc":{"start":{"line":397,"column":21},"end":{"line":399,"column":49}},"type":"binary-expr","locations":[{"start":{"line":397,"column":21},"end":{"line":397,"column":54}},{"start":{"line":398,"column":9},"end":{"line":398,"column":44}},{"start":{"line":399,"column":9},"end":{"line":399,"column":49}}]},"50":{"loc":{"start":{"line":401,"column":4},"end":{"line":408,"column":5}},"type":"if","locations":[{"start":{"line":401,"column":4},"end":{"line":408,"column":5}}]},"51":{"loc":{"start":{"line":438,"column":2},"end":{"line":438,"column":null}},"type":"if","locations":[{"start":{"line":438,"column":2},"end":{"line":438,"column":null}}]},"52":{"loc":{"start":{"line":440,"column":2},"end":{"line":442,"column":3}},"type":"if","locations":[{"start":{"line":440,"column":2},"end":{"line":442,"column":3}}]},"53":{"loc":{"start":{"line":448,"column":2},"end":{"line":450,"column":3}},"type":"if","locations":[{"start":{"line":448,"column":2},"end":{"line":450,"column":3}}]},"54":{"loc":{"start":{"line":491,"column":2},"end":{"line":493,"column":3}},"type":"if","locations":[{"start":{"line":491,"column":2},"end":{"line":493,"column":3}}]},"55":{"loc":{"start":{"line":541,"column":6},"end":{"line":545,"column":27}},"type":"cond-expr","locations":[{"start":{"line":542,"column":10},"end":{"line":544,"column":28}},{"start":{"line":545,"column":10},"end":{"line":545,"column":27}}]}},"s":{"0":0,"1":0,"2":0,"3":0,"4":0,"5":0,"6":0,"7":0,"8":0,"9":0,"10":0,"11":0,"12":0,"13":0,"14":0,"15":0,"16":0,"17":0,"18":0,"19":0,"20":0,"21":0,"22":0,"23":0,"24":0,"25":0,"26":0,"27":0,"28":0,"29":0,"30":0,"31":0,"32":0,"33":0,"34":0,"35":0,"36":0,"37":0,"38":0,"39":0,"40":0,"41":0,"42":0,"43":0,"44":0,"45":0,"46":0,"47":0,"48":0,"49":0,"50":0,"51":0,"52":0,"53":0,"54":0,"55":0,"56":0,"57":0,"58":0,"59":0,"60":0,"61":0,"62":0,"63":0,"64":0,"65":0,"66":0,"67":0,"68":0,"69":0,"70":0,"71":0,"72":0,"73":0,"74":0,"75":0,"76":0,"77":0,"78":0,"79":0,"80":0,"81":0,"82":0,"83":0,"84":0,"85":0,"86":0,"87":0,"88":0,"89":0,"90":0,"91":0,"92":0,"93":0,"94":0,"95":0,"96":0,"97":0,"98":0,"99":0,"100":0,"101":0,"102":0,"103":0,"104":0,"105":0,"106":0,"107":0,"108":0,"109":0,"110":0,"111":0,"112":0,"113":0,"114":0,"115":0,"116":0,"117":0,"118":0,"119":0,"120":0,"121":0,"122":0,"123":0,"124":0,"125":0,"126":0,"127":0,"128":0,"129":0,"130":0,"131":0,"132":0,"133":0,"134":0,"135":0,"136":0,"137":0,"138":0,"139":0,"140":0,"141":0,"142":0,"143":0,"144":0,"145":0,"146":0,"147":0,"148":0,"149":0,"150":0,"151":0,"152":0,"153":0,"154":0,"155":0,"156":0,"157":0,"158":0,"159":0,"160":0,"161":0,"162":0,"163":0,"164":0,"165":0,"166":0,"167":0,"168":0,"169":0,"170":0,"171":0,"172":0,"173":0,"174":0,"175":0,"176":0,"177":0,"178":0,"179":0,"180":0,"181":0,"182":0,"183":0,"184":0,"185":0,"186":0,"187":0,"188":0,"189":0,"190":0,"191":0,"192":0,"193":0,"194":0,"195":0,"196":0,"197":0,"198":0,"199":0,"200":0,"201":0,"202":0,"203":0,"204":0,"205":0,"206":0,"207":0,"208":0,"209":0,"210":0,"211":0,"212":0,"213":0,"214":0,"215":0,"216":0,"217":0,"218":0,"219":0,"220":0,"221":0,"222":0,"223":0,"224":0,"225":0,"226":0,"227":0,"228":0,"229":0,"230":0,"231":0,"232":0,"233":0,"234":0,"235":0,"236":0,"237":0,"238":0,"239":0,"240":0,"241":0,"242":0,"243":0,"244":0,"245":0,"246":0,"247":0,"248":0,"249":0,"250":0,"251":0,"252":0,"253":0,"254":0,"255":0,"256":0,"257":0,"258":0,"259":0,"260":0,"261":0,"262":0},"f":{"0":0,"1":0,"2":0,"3":0,"4":0,"5":0,"6":0,"7":0,"8":0,"9":0,"10":0,"11":0,"12":0,"13":0,"14":0,"15":0,"16":0,"17":0,"18":0,"19":0,"20":0,"21":0,"22":0,"23":0,"24":0,"25":0,"26":0,"27":0,"28":0,"29":0,"30":0,"31":0,"32":0,"33":0,"34":0,"35":0,"36":0,"37":0,"38":0,"39":0,"40":0,"41":0,"42":0,"43":0,"44":0},"b":{"0":[0],"1":[0],"2":[0,0],"3":[0,0],"4":[0,0],"5":[0,0],"6":[0,0],"7":[0,0],"8":[0,0],"9":[0],"10":[0],"11":[0,0],"12":[0],"13":[0,0],"14":[0],"15":[0],"16":[0,0],"17":[0],"18":[0,0],"19":[0],"20":[0,0],"21":[0,0,0],"22":[0],"23":[0],"24":[0],"25":[0],"26":[0,0],"27":[0],"28":[0,0],"29":[0],"30":[0,0],"31":[0],"32":[0,0],"33":[0],"34":[0,0],"35":[0],"36":[0],"37":[0],"38":[0],"39":[0],"40":[0,0],"41":[0],"42":[0],"43":[0,0],"44":[0],"45":[0],"46":[0],"47":[0],"48":[0,0],"49":[0,0,0],"50":[0],"51":[0],"52":[0],"53":[0],"54":[0],"55":[0,0]}}
,"/home/daytona/codebase/frontend/wallet/lib/walletStorage.ts": {"path":"/home/daytona/codebase/frontend/wallet/lib/walletStorage.ts","statementMap":{"0":{"start":{"line":87,"column":0},"end":{"line":87,"column":16}},"1":{"start":{"line":1,"column":0},"end":{"line":1,"column":79}},"2":{"start":{"line":25,"column":2},"end":{"line":33,"column":3}},"3":{"start":{"line":26,"column":4},"end":{"line":28,"column":5}},"4":{"start":{"line":27,"column":6},"end":{"line":27,"column":null}},"5":{"start":{"line":29,"column":4},"end":{"line":29,"column":null}},"6":{"start":{"line":32,"column":4},"end":{"line":32,"column":null}},"7":{"start":{"line":42,"column":2},"end":{"line":70,"column":null}},"8":{"start":{"line":44,"column":20},"end":{"line":44,"column":37}},"9":{"start":{"line":45,"column":6},"end":{"line":45,"column":null}},"10":{"start":{"line":45,"column":18},"end":{"line":45,"column":null}},"11":{"start":{"line":46,"column":6},"end":{"line":50,"column":7}},"12":{"start":{"line":47,"column":8},"end":{"line":47,"column":null}},"13":{"start":{"line":49,"column":8},"end":{"line":49,"column":null}},"14":{"start":{"line":53,"column":20},"end":{"line":53,"column":37}},"15":{"start":{"line":54,"column":6},"end":{"line":54,"column":24}},"16":{"start":{"line":54,"column":18},"end":{"line":54,"column":24}},"17":{"start":{"line":55,"column":6},"end":{"line":59,"column":7}},"18":{"start":{"line":56,"column":8},"end":{"line":56,"column":null}},"19":{"start":{"line":62,"column":20},"end":{"line":62,"column":37}},"20":{"start":{"line":63,"column":6},"end":{"line":63,"column":24}},"21":{"start":{"line":63,"column":18},"end":{"line":63,"column":24}},"22":{"start":{"line":64,"column":6},"end":{"line":68,"column":7}},"23":{"start":{"line":65,"column":8},"end":{"line":65,"column":null}},"24":{"start":{"line":77,"column":13},"end":{"line":77,"column":null}},"25":{"start":{"line":80,"column":13},"end":{"line":80,"column":null}},"26":{"start":{"line":88,"column":2},"end":{"line":91,"column":3}},"27":{"start":{"line":89,"column":4},"end":{"line":89,"column":null}},"28":{"start":{"line":90,"column":4},"end":{"line":90,"column":null}},"29":{"start":{"line":95,"column":19},"end":{"line":95,"column":40}},"30":{"start":{"line":96,"column":23},"end":{"line":96,"column":39}},"31":{"start":{"line":97,"column":23},"end":{"line":97,"column":33}},"32":{"start":{"line":113,"column":16},"end":{"line":113,"column":36}},"33":{"start":{"line":114,"column":2},"end":{"line":114,"column":20}},"34":{"start":{"line":114,"column":14},"end":{"line":114,"column":20}},"35":{"start":{"line":115,"column":2},"end":{"line":134,"column":3}},"36":{"start":{"line":116,"column":4},"end":{"line":116,"column":60}},"37":{"start":{"line":116,"column":54},"end":{"line":116,"column":60}},"38":{"start":{"line":121,"column":4},"end":{"line":129,"column":5}},"39":{"start":{"line":122,"column":6},"end":{"line":128,"column":7}},"40":{"start":{"line":123,"column":27},"end":{"line":123,"column":52}},"41":{"start":{"line":124,"column":8},"end":{"line":127,"column":9}},"42":{"start":{"line":125,"column":25},"end":{"line":125,"column":43}},"43":{"start":{"line":126,"column":10},"end":{"line":126,"column":null}},"44":{"start":{"line":126,"column":31},"end":{"line":126,"column":null}},"45":{"start":{"line":131,"column":4},"end":{"line":131,"column":null}},"46":{"start":{"line":137,"column":0},"end":{"line":137,"column":null}}},"fnMap":{"0":{"name":"safeStorage","decl":{"start":{"line":24,"column":9},"end":{"line":24,"column":20}},"loc":{"start":{"line":24,"column":46},"end":{"line":34,"column":1}}},"1":{"name":"createNamespacedStorage","decl":{"start":{"line":41,"column":9},"end":{"line":41,"column":32}},"loc":{"start":{"line":41,"column":58},"end":{"line":71,"column":1}}},"2":{"name":"(anonymous_2)","decl":{"start":{"line":43,"column":4},"end":{"line":43,"column":11}},"loc":{"start":{"line":43,"column":23},"end":{"line":51,"column":5}}},"3":{"name":"(anonymous_3)","decl":{"start":{"line":52,"column":4},"end":{"line":52,"column":11}},"loc":{"start":{"line":52,"column":38},"end":{"line":60,"column":5}}},"4":{"name":"(anonymous_4)","decl":{"start":{"line":61,"column":4},"end":{"line":61,"column":14}},"loc":{"start":{"line":61,"column":26},"end":{"line":69,"column":5}}},"5":{"name":"clearActiveNetworkWallet","decl":{"start":{"line":87,"column":16},"end":{"line":87,"column":40}},"loc":{"start":{"line":87,"column":40},"end":{"line":92,"column":1}}},"6":{"name":"migrateLegacyStorageOnce","decl":{"start":{"line":112,"column":9},"end":{"line":112,"column":33}},"loc":{"start":{"line":112,"column":33},"end":{"line":135,"column":1}}}},"branchMap":{"0":{"loc":{"start":{"line":26,"column":4},"end":{"line":28,"column":5}},"type":"if","locations":[{"start":{"line":26,"column":4},"end":{"line":28,"column":5}}]},"1":{"loc":{"start":{"line":27,"column":13},"end":{"line":27,"column":70}},"type":"cond-expr","locations":[{"start":{"line":27,"column":51},"end":{"line":27,"column":55}},{"start":{"line":27,"column":58},"end":{"line":27,"column":70}}]},"2":{"loc":{"start":{"line":29,"column":11},"end":{"line":29,"column":72}},"type":"cond-expr","locations":[{"start":{"line":29,"column":51},"end":{"line":29,"column":55}},{"start":{"line":29,"column":58},"end":{"line":29,"column":72}}]},"3":{"loc":{"start":{"line":45,"column":6},"end":{"line":45,"column":null}},"type":"if","locations":[{"start":{"line":45,"column":6},"end":{"line":45,"column":null}}]},"4":{"loc":{"start":{"line":54,"column":6},"end":{"line":54,"column":24}},"type":"if","locations":[{"start":{"line":54,"column":6},"end":{"line":54,"column":24}}]},"5":{"loc":{"start":{"line":63,"column":6},"end":{"line":63,"column":24}},"type":"if","locations":[{"start":{"line":63,"column":6},"end":{"line":63,"column":24}}]},"6":{"loc":{"start":{"line":114,"column":2},"end":{"line":114,"column":20}},"type":"if","locations":[{"start":{"line":114,"column":2},"end":{"line":114,"column":20}}]},"7":{"loc":{"start":{"line":116,"column":4},"end":{"line":116,"column":60}},"type":"if","locations":[{"start":{"line":116,"column":4},"end":{"line":116,"column":60}}]},"8":{"loc":{"start":{"line":121,"column":4},"end":{"line":129,"column":5}},"type":"if","locations":[{"start":{"line":121,"column":4},"end":{"line":129,"column":5}}]},"9":{"loc":{"start":{"line":124,"column":8},"end":{"line":127,"column":9}},"type":"if","locations":[{"start":{"line":124,"column":8},"end":{"line":127,"column":9}}]},"10":{"loc":{"start":{"line":126,"column":10},"end":{"line":126,"column":null}},"type":"if","locations":[{"start":{"line":126,"column":10},"end":{"line":126,"column":null}}]}},"s":{"0":9,"1":9,"2":56,"3":56,"4":9,"5":47,"6":0,"7":9,"8":11,"9":11,"10":0,"11":11,"12":11,"13":0,"14":13,"15":13,"16":0,"17":13,"18":13,"19":23,"20":23,"21":0,"22":23,"23":23,"24":9,"25":9,"26":1,"27":7,"28":7,"29":9,"30":9,"31":9,"32":9,"33":9,"34":2,"35":7,"36":7,"37":1,"38":6,"39":2,"40":14,"41":14,"42":7,"43":7,"44":7,"45":6,"46":9},"f":{"0":56,"1":9,"2":11,"3":13,"4":23,"5":1,"6":9},"b":{"0":[9],"1":[2,7],"2":[0,47],"3":[0],"4":[0],"5":[0],"6":[2],"7":[1],"8":[2],"9":[7],"10":[7]}}
}
