TN:
SF:lib/activityFeed.ts
FN:17,notify
FN:21,toTxRecord
FN:41,initActivityFeed
FN:52,(anonymous_3)
FN:54,(anonymous_4)
FN:61,stopActivityFeed
FN:67,hydrateActivityFeed
FN:72,appendActivityFeed
FN:73,(anonymous_8)
FN:73,(anonymous_9)
FN:75,(anonymous_10)
FN:79,subscribeActivityFeed
FN:82,(anonymous_12)
FN:85,useActivityFeed
FN:86,(anonymous_14)
FN:88,(anonymous_15)
FNF:16
FNH:0
FNDA:0,notify
FNDA:0,toTxRecord
FNDA:0,initActivityFeed
FNDA:0,(anonymous_3)
FNDA:0,(anonymous_4)
FNDA:0,stopActivityFeed
FNDA:0,hydrateActivityFeed
FNDA:0,appendActivityFeed
FNDA:0,(anonymous_8)
FNDA:0,(anonymous_9)
FNDA:0,(anonymous_10)
FNDA:0,subscribeActivityFeed
FNDA:0,(anonymous_12)
FNDA:0,useActivityFeed
FNDA:0,(anonymous_14)
FNDA:0,(anonymous_15)
DA:3,0
DA:4,0
DA:5,0
DA:12,0
DA:13,0
DA:14,0
DA:15,0
DA:18,0
DA:22,0
DA:41,0
DA:42,0
DA:44,0
DA:45,0
DA:47,0
DA:49,0
DA:53,0
DA:54,0
DA:55,0
DA:56,0
DA:61,0
DA:62,0
DA:63,0
DA:64,0
DA:67,0
DA:68,0
DA:69,0
DA:72,0
DA:73,0
DA:74,0
DA:75,0
DA:76,0
DA:79,0
DA:80,0
DA:81,0
DA:82,0
DA:85,0
DA:86,0
DA:88,0
DA:90,0
LF:39
LH:0
BRDA:25,0,0,0
BRDA:25,0,1,0
BRDA:27,1,0,0
BRDA:27,1,1,0
BRDA:42,2,0,0
BRDA:42,3,0,0
BRDA:42,3,1,0
BRDA:54,4,0,0
BRDA:74,5,0,0
BRF:9
BRH:0
end_of_record
TN:
SF:lib/backup.ts
FN:294,(anonymous_0)
FN:294,(anonymous_1)
FN:34,bufferToHex
FN:36,(anonymous_3)
FN:41,extractP256PublicKey
FN:66,(anonymous_5)
FN:68,(anonymous_6)
FN:73,(anonymous_7)
FN:78,(anonymous_8)
FN:92,createSupabaseBackupBackend
FN:97,(anonymous_10)
FN:101,(anonymous_11)
FN:106,(anonymous_12)
FN:114,readSettings
FN:132,collectWalletMetadata
FN:157,persistRestoredState
FN:181,backupWallet
FN:215,restoreWallet
FN:259,enrollNewSignerPasskey
FNF:19
FNH:16
FNDA:0,(anonymous_0)
FNDA:0,(anonymous_1)
FNDA:1,bufferToHex
FNDA:65,(anonymous_3)
FNDA:1,extractP256PublicKey
FNDA:1,(anonymous_5)
FNDA:1,(anonymous_6)
FNDA:2,(anonymous_7)
FNDA:1,(anonymous_8)
FNDA:1,createSupabaseBackupBackend
FNDA:1,(anonymous_10)
FNDA:1,(anonymous_11)
FNDA:0,(anonymous_12)
FNDA:7,readSettings
FNDA:8,collectWalletMetadata
FNDA:2,persistRestoredState
FNDA:5,backupWallet
FNDA:4,restoreWallet
FNDA:1,enrollNewSignerPasskey
DA:17,1
DA:29,1
DA:35,1
DA:36,65
DA:42,1
DA:43,1
DA:44,0
DA:46,1
DA:47,1
DA:51,1
DA:52,1
DA:53,1
DA:54,1
DA:56,1
DA:65,1
DA:66,1
DA:69,1
DA:70,1
DA:74,2
DA:75,2
DA:79,1
DA:80,1
DA:92,1
DA:96,1
DA:98,1
DA:99,1
DA:102,1
DA:103,1
DA:104,1
DA:107,0
DA:115,7
DA:116,7
DA:117,7
DA:118,7
DA:119,7
DA:121,0
DA:132,1
DA:133,8
DA:134,0
DA:136,8
DA:137,8
DA:138,8
DA:141,7
DA:144,7
DA:157,1
DA:158,2
DA:159,2
DA:160,2
DA:161,2
DA:162,2
DA:181,1
DA:189,5
DA:190,5
DA:191,5
DA:215,1
DA:226,4
DA:228,4
DA:229,4
DA:230,4
DA:231,4
DA:234,4
DA:235,2
DA:237,2
DA:238,1
DA:240,0
DA:243,1
DA:248,1
DA:259,1
DA:262,1
DA:263,1
DA:264,1
DA:265,1
DA:267,1
DA:278,1
DA:280,1
DA:281,1
DA:282,1
DA:284,1
DA:285,1
DA:286,1
DA:289,1
DA:294,1
LF:82
LH:77
BRDA:43,0,0,0
BRDA:66,1,0,1
BRDA:69,2,0,0
BRDA:74,3,0,0
BRDA:79,4,0,0
BRDA:94,5,0,1
BRDA:99,6,0,0
BRDA:99,7,0,0
BRDA:99,7,1,0
BRDA:103,8,0,0
BRDA:103,9,0,0
BRDA:103,9,1,0
BRDA:104,10,0,1
BRDA:104,10,1,0
BRDA:115,11,0,0
BRDA:117,12,0,0
BRDA:132,13,0,8
BRDA:133,14,0,0
BRDA:136,15,0,8
BRDA:136,15,1,8
BRDA:136,15,2,1
BRDA:138,16,0,1
BRDA:141,17,0,7
BRDA:141,17,1,7
BRDA:142,18,0,7
BRDA:142,18,1,0
BRDA:148,19,0,7
BRDA:148,19,1,7
BRDA:150,20,0,7
BRDA:150,20,1,7
BRDA:151,21,0,7
BRDA:151,21,1,7
BRDA:151,22,0,0
BRDA:151,22,1,7
BRDA:152,23,0,7
BRDA:152,23,1,7
BRDA:158,24,0,0
BRDA:161,25,0,2
BRDA:162,26,0,2
BRDA:183,27,0,0
BRDA:189,28,0,5
BRDA:189,28,1,0
BRDA:226,29,0,4
BRDA:226,29,1,0
BRDA:229,30,0,4
BRDA:230,31,0,0
BRDA:237,32,0,1
BRDA:238,33,0,0
BRDA:238,34,0,1
BRDA:238,34,1,1
BRDA:244,35,0,1
BRDA:244,35,1,1
BRDA:260,36,0,0
BRDA:262,37,0,1
BRDA:262,37,1,1
BRDA:262,38,0,0
BRDA:262,38,1,1
BRDA:263,39,0,1
BRDA:263,39,1,1
BRDA:278,40,0,0
BRDA:284,41,0,1
BRF:61
BRH:36
end_of_record
TN:
SF:lib/balanceHistory.ts
FN:28,historyKey
FN:32,isSnapshot
FN:40,pruneSnapshots
FN:46,(anonymous_3)
FN:47,(anonymous_4)
FN:54,recordSnapshot
FN:73,change24h
FN:81,(anonymous_7)
FN:82,(anonymous_8)
FN:97,isComparableTotal
FN:101,readHistory
FN:115,writeHistory
FNF:12
FNH:10
FNDA:4,historyKey
FNDA:16,isSnapshot
FNDA:7,pruneSnapshots
FNDA:10,(anonymous_3)
FNDA:1,(anonymous_4)
FNDA:4,recordSnapshot
FNDA:6,change24h
FNDA:6,(anonymous_7)
FNDA:1,(anonymous_8)
FNDA:3,isComparableTotal
FNDA:0,readHistory
FNDA:0,writeHistory
DA:23,1
DA:25,1
DA:26,1
DA:28,1
DA:29,4
DA:33,16
DA:34,15
DA:35,15
DA:40,1
DA:45,7
DA:46,10
DA:47,1
DA:54,1
DA:60,4
DA:61,4
DA:62,3
DA:63,3
DA:64,2
DA:73,1
DA:79,6
DA:80,5
DA:81,6
DA:82,1
DA:83,5
DA:84,2
DA:97,1
DA:98,3
DA:101,1
DA:102,0
DA:103,0
DA:104,0
DA:105,0
DA:106,0
DA:107,0
DA:111,0
DA:115,1
DA:116,0
DA:117,0
DA:118,0
LF:39
LH:29
BRDA:33,0,0,1
BRDA:33,1,0,16
BRDA:33,1,1,16
BRDA:35,2,0,15
BRDA:35,2,1,13
BRDA:35,2,2,13
BRDA:35,2,3,13
BRDA:43,3,0,7
BRDA:46,4,0,10
BRDA:46,4,1,7
BRDA:46,4,2,6
BRDA:58,5,0,4
BRDA:61,6,0,1
BRDA:63,7,0,1
BRDA:63,8,0,3
BRDA:63,8,1,2
BRDA:77,9,0,6
BRDA:79,10,0,1
BRDA:81,11,0,6
BRDA:81,11,1,6
BRDA:83,12,0,3
BRDA:83,13,0,5
BRDA:83,13,1,3
BRDA:98,14,0,3
BRDA:98,14,1,2
BRDA:102,15,0,0
BRDA:105,16,0,0
BRDA:107,17,0,0
BRDA:107,17,1,0
BRDA:116,18,0,0
BRF:30
BRH:25
end_of_record
TN:
SF:lib/blend.ts
FN:26,configuredPoolIds
FN:29,(anonymous_1)
FN:56,loadBlendPools
FN:61,(anonymous_3)
FN:66,(anonymous_4)
FN:71,(anonymous_5)
FN:88,(anonymous_6)
FN:92,loadBlendPositions
FN:97,(anonymous_8)
FN:103,(anonymous_9)
FN:118,(anonymous_10)
FN:138,buildBlendSupplyXdr
FN:160,buildBlendWithdrawXdr
FN:173,loadPool
FN:181,buildBlendSubmitXdr
FNF:15
FNH:0
FNDA:0,configuredPoolIds
FNDA:0,(anonymous_1)
FNDA:0,loadBlendPools
FNDA:0,(anonymous_3)
FNDA:0,(anonymous_4)
FNDA:0,(anonymous_5)
FNDA:0,(anonymous_6)
FNDA:0,loadBlendPositions
FNDA:0,(anonymous_8)
FNDA:0,(anonymous_9)
FNDA:0,(anonymous_10)
FNDA:0,buildBlendSupplyXdr
FNDA:0,buildBlendWithdrawXdr
FNDA:0,loadPool
FNDA:0,buildBlendSubmitXdr
DA:1,0
DA:2,0
DA:9,0
DA:10,0
DA:19,0
DA:21,0
DA:27,0
DA:29,0
DA:32,0
DA:33,0
DA:36,0
DA:56,0
DA:57,0
DA:58,0
DA:60,0
DA:62,0
DA:63,0
DA:64,0
DA:65,0
DA:66,0
DA:70,0
DA:71,0
DA:74,0
DA:82,0
DA:83,0
DA:88,0
DA:92,0
DA:93,0
DA:94,0
DA:96,0
DA:98,0
DA:99,0
DA:100,0
DA:102,0
DA:104,0
DA:105,0
DA:107,0
DA:108,0
DA:110,0
DA:118,0
DA:120,0
DA:121,0
DA:126,0
DA:138,0
DA:139,0
DA:160,0
DA:161,0
DA:174,0
DA:175,0
DA:177,0
DA:191,0
DA:192,0
DA:193,0
DA:195,0
DA:209,0
DA:210,0
DA:212,0
DA:215,0
DA:217,0
DA:228,0
DA:229,0
DA:230,0
DA:233,0
DA:235,0
DA:236,0
LF:65
LH:0
BRDA:27,0,0,0
BRDA:27,0,1,0
BRDA:32,1,0,0
BRDA:58,2,0,0
BRDA:70,3,0,0
BRDA:70,3,1,0
BRDA:76,4,0,0
BRDA:76,4,1,0
BRDA:94,5,0,0
BRDA:105,6,0,0
BRDA:108,7,0,0
BRDA:108,7,1,0
BRDA:229,8,0,0
BRF:13
BRH:0
end_of_record
TN:
SF:lib/bulkPayout.ts
FNF:0
FNH:0
DA:1,0
LF:1
LH:0
BRF:0
BRH:0
end_of_record
TN:
SF:lib/currency.ts
FN:64,isCurrencyCode
FN:74,convertUsd
FN:84,formatFiat
FN:109,getRate
FN:114,areRatesLive
FN:122,refreshFxRates
FN:125,(anonymous_6)
FN:157,notify
FN:162,subscribeToCurrency
FN:164,(anonymous_9)
FN:169,getCurrency
FN:180,hydrateCurrency
FN:195,setCurrency
FN:214,useCurrency
FN:217,(anonymous_14)
FN:218,(anonymous_15)
FNF:16
FNH:0
FNDA:0,isCurrencyCode
FNDA:0,convertUsd
FNDA:0,formatFiat
FNDA:0,getRate
FNDA:0,areRatesLive
FNDA:0,refreshFxRates
FNDA:0,(anonymous_6)
FNDA:0,notify
FNDA:0,subscribeToCurrency
FNDA:0,(anonymous_9)
FNDA:0,getCurrency
FNDA:0,hydrateCurrency
FNDA:0,setCurrency
FNDA:0,useCurrency
FNDA:0,(anonymous_14)
FNDA:0,(anonymous_15)
DA:22,0
DA:46,0
DA:56,0
DA:59,0
DA:62,0
DA:64,0
DA:65,0
DA:74,0
DA:75,0
DA:76,0
DA:84,0
DA:89,0
DA:90,0
DA:91,0
DA:92,0
DA:93,0
DA:97,0
DA:102,0
DA:103,0
DA:105,0
DA:106,0
DA:109,0
DA:110,0
DA:114,0
DA:115,0
DA:122,0
DA:123,0
DA:124,0
DA:125,0
DA:126,0
DA:127,0
DA:128,0
DA:129,0
DA:130,0
DA:132,0
DA:133,0
DA:134,0
DA:135,0
DA:137,0
DA:139,0
DA:140,0
DA:141,0
DA:142,0
DA:144,0
DA:146,0
DA:152,0
DA:153,0
DA:155,0
DA:158,0
DA:159,0
DA:162,0
DA:163,0
DA:164,0
DA:165,0
DA:169,0
DA:170,0
DA:173,0
DA:180,0
DA:181,0
DA:182,0
DA:183,0
DA:184,0
DA:185,0
DA:189,0
DA:191,0
DA:195,0
DA:196,0
DA:197,0
DA:198,0
DA:199,0
DA:203,0
DA:214,0
DA:215,0
DA:217,0
DA:218,0
DA:220,0
DA:221,0
DA:222,0
LF:78
LH:0
BRDA:65,0,0,0
BRDA:65,0,1,0
BRDA:75,1,0,0
BRDA:75,2,0,0
BRDA:75,2,1,0
BRDA:75,2,2,0
BRDA:75,2,3,0
BRDA:89,3,0,0
BRDA:89,4,0,0
BRDA:89,4,1,0
BRDA:90,5,0,0
BRDA:90,5,1,0
BRDA:91,6,0,0
BRDA:91,6,1,0
BRDA:110,7,0,0
BRDA:110,7,1,0
BRDA:123,8,0,0
BRDA:128,9,0,0
BRDA:130,10,0,0
BRDA:130,11,0,0
BRDA:130,11,1,0
BRDA:135,12,0,0
BRDA:135,13,0,0
BRDA:135,13,1,0
BRDA:135,13,2,0
BRDA:137,14,0,0
BRDA:181,15,0,0
BRDA:181,16,0,0
BRDA:181,16,1,0
BRDA:185,17,0,0
BRDA:185,18,0,0
BRDA:185,18,1,0
BRDA:196,19,0,0
BRDA:196,20,0,0
BRDA:196,20,1,0
BRDA:221,21,0,0
BRDA:221,21,1,0
BRF:37
BRH:0
end_of_record
TN:
SF:lib/deriveFeePayer.ts
FN:30,base64UrlToUint8Array
FN:42,deriveFeePayerKeypair
FN:64,deriveStoredFeePayer
FNF:3
FNH:2
FNDA:9,base64UrlToUint8Array
FNDA:9,deriveFeePayerKeypair
FNDA:0,deriveStoredFeePayer
DA:1,1
DA:2,1
DA:27,1
DA:28,1
DA:31,9
DA:32,9
DA:33,9
DA:34,9
DA:35,36
DA:36,9
DA:42,1
DA:44,9
DA:47,9
DA:51,9
DA:57,9
DA:64,1
DA:65,0
DA:66,0
DA:67,0
LF:19
LH:16
BRDA:66,0,0,0
BRF:1
BRH:0
end_of_record
TN:
SF:lib/escrow.ts
FNF:0
FNH:0
DA:1,0
LF:1
LH:0
BRF:0
BRH:0
end_of_record
TN:
SF:lib/federation.ts
FN:9,parseToml
FN:29,resolveFederation
FNF:2
FNH:0
FNDA:0,parseToml
FNDA:0,resolveFederation
DA:7,0
DA:10,0
DA:11,0
DA:12,0
DA:13,0
DA:14,0
DA:15,0
DA:16,0
DA:17,0
DA:18,0
DA:20,0
DA:21,0
DA:23,0
DA:26,0
DA:29,0
DA:30,0
DA:31,0
DA:34,0
DA:35,0
DA:36,0
DA:39,0
DA:40,0
DA:41,0
DA:42,0
DA:46,0
DA:47,0
DA:48,0
DA:49,0
DA:50,0
DA:51,0
DA:53,0
DA:55,0
DA:57,0
DA:58,0
DA:60,0
DA:63,0
DA:64,0
DA:65,0
DA:66,0
DA:70,0
DA:71,0
DA:72,0
DA:76,0
DA:77,0
DA:78,0
DA:79,0
DA:81,0
DA:82,0
DA:83,0
DA:84,0
DA:86,0
DA:88,0
DA:90,0
DA:91,0
DA:93,0
DA:96,0
DA:97,0
DA:100,0
DA:101,0
LF:59
LH:0
BRDA:14,0,0,0
BRDA:14,1,0,0
BRDA:14,1,1,0
BRDA:16,2,0,0
BRDA:20,3,0,0
BRDA:20,4,0,0
BRDA:20,4,1,0
BRDA:20,4,2,0
BRDA:20,4,3,0
BRDA:30,5,0,0
BRDA:35,6,0,0
BRDA:41,7,0,0
BRDA:41,8,0,0
BRDA:41,8,1,0
BRDA:49,9,0,0
BRDA:50,10,0,0
BRDA:57,11,0,0
BRDA:57,12,0,0
BRDA:57,12,1,0
BRDA:65,13,0,0
BRDA:71,14,0,0
BRDA:71,15,0,0
BRDA:71,15,1,0
BRDA:82,16,0,0
BRDA:83,17,0,0
BRDA:90,18,0,0
BRDA:90,19,0,0
BRDA:90,19,1,0
BRDA:96,20,0,0
BRDA:96,21,0,0
BRDA:96,21,1,0
BRF:31
BRH:0
end_of_record
TN:
SF:lib/feeBump.ts
FN:21,buildSponsoredFeeBumpTransaction
FNF:1
FNH:1
FNDA:1,buildSponsoredFeeBumpTransaction
DA:1,1
DA:2,1
DA:21,1
DA:26,1
DA:27,1
DA:34,1
DA:35,1
LF:7
LH:7
BRDA:29,0,0,1
BRDA:29,0,1,0
BRF:2
BRH:1
end_of_record
TN:
SF:lib/feePayer.ts
FN:53,hasWindow
FN:58,getFeePayerMode
FN:72,peekFeePayerSecret
FN:79,peekFeePayerKeypair
FN:101,ensureFeePayer
FN:151,(anonymous_5)
FN:179,pickFundedCandidate
FN:201,clearFeePayer
FN:212,resetFeePayer
FNF:9
FNH:8
FNDA:35,hasWindow
FNDA:10,getFeePayerMode
FNDA:10,peekFeePayerSecret
FNDA:0,peekFeePayerKeypair
FNDA:7,ensureFeePayer
FNDA:2,(anonymous_5)
FNDA:4,pickFundedCandidate
FNDA:2,clearFeePayer
FNDA:6,resetFeePayer
DA:1,1
DA:2,1
DA:4,1
DA:5,1
DA:6,1
DA:30,1
DA:31,1
DA:32,1
DA:33,1
DA:51,1
DA:54,35
DA:58,1
DA:59,10
DA:60,10
DA:62,10
DA:63,10
DA:72,1
DA:73,10
DA:74,10
DA:75,10
DA:79,1
DA:80,0
DA:81,0
DA:82,0
DA:83,0
DA:85,0
DA:101,1
DA:102,7
DA:103,7
DA:105,7
DA:106,7
DA:110,7
DA:111,1
DA:112,1
DA:115,6
DA:116,6
DA:118,0
DA:119,0
DA:125,6
DA:127,6
DA:129,6
DA:130,5
DA:131,5
DA:132,5
DA:137,3
DA:138,3
DA:139,3
DA:146,6
DA:150,6
DA:151,2
DA:154,6
DA:155,6
DA:156,6
DA:157,6
DA:160,6
DA:161,3
DA:162,3
DA:164,6
DA:182,4
DA:183,4
DA:184,8
DA:185,8
DA:186,0
DA:191,4
DA:201,1
DA:202,2
DA:203,2
DA:204,2
DA:205,2
DA:212,1
DA:213,6
DA:214,6
DA:215,6
DA:216,6
DA:217,6
DA:218,6
DA:219,6
LF:77
LH:69
BRDA:59,0,0,0
BRDA:62,1,0,0
BRDA:63,2,0,5
BRDA:63,2,1,5
BRDA:63,3,0,10
BRDA:63,3,1,8
BRDA:63,3,2,8
BRDA:73,4,0,0
BRDA:74,5,0,0
BRDA:75,6,0,10
BRDA:75,6,1,10
BRDA:81,7,0,0
BRDA:102,8,0,0
BRDA:103,9,0,0
BRDA:110,10,0,1
BRDA:110,11,0,7
BRDA:110,11,1,2
BRDA:116,12,0,0
BRDA:118,13,0,0
BRDA:118,13,1,0
BRDA:125,14,0,6
BRDA:125,14,1,5
BRDA:125,15,0,1
BRDA:125,15,1,4
BRDA:129,16,0,5
BRDA:132,17,0,3
BRDA:132,18,0,5
BRDA:132,18,1,3
BRDA:150,19,0,2
BRDA:150,19,1,4
BRDA:151,20,0,2
BRDA:151,20,1,0
BRDA:152,21,0,4
BRDA:152,21,1,4
BRDA:160,22,0,3
BRDA:186,23,0,0
BRDA:203,24,0,0
BRDA:214,25,0,0
BRF:38
BRH:24
end_of_record
TN:
SF:lib/fees.ts
FN:18,inclusionFee
FNF:1
FNH:1
FNDA:25,inclusionFee
DA:1,3
DA:3,3
DA:18,3
DA:19,25
LF:4
LH:4
BRDA:19,0,0,0
BRDA:19,0,1,25
BRF:2
BRH:1
end_of_record
TN:
SF:lib/fetchPrice.ts
FN:4,assetParam
FN:20,fetchPrice
FN:31,(anonymous_2)
FN:53,fetchPrices
FN:57,(anonymous_4)
FN:64,(anonymous_5)
FNF:6
FNH:0
FNDA:0,assetParam
FNDA:0,fetchPrice
FNDA:0,(anonymous_2)
FNDA:0,fetchPrices
FNDA:0,(anonymous_4)
FNDA:0,(anonymous_5)
DA:1,0
DA:2,0
DA:5,0
DA:6,0
DA:7,0
DA:20,0
DA:24,0
DA:25,0
DA:27,0
DA:28,0
DA:30,0
DA:31,0
DA:33,0
DA:34,0
DA:36,0
DA:37,0
DA:39,0
DA:40,0
DA:42,0
DA:44,0
DA:53,0
DA:56,0
DA:58,0
DA:59,0
DA:60,0
DA:64,0
DA:65,0
DA:66,0
DA:68,0
LF:29
LH:0
BRDA:1,0,0,0
BRDA:1,0,1,0
BRDA:5,1,0,0
BRDA:6,2,0,0
BRDA:24,3,0,0
BRDA:36,4,0,0
BRDA:39,5,0,0
BRDA:39,5,1,0
BRDA:39,5,2,0
BRDA:39,5,3,0
BRDA:40,6,0,0
BRDA:40,6,1,0
BRDA:59,7,0,0
BRDA:59,7,1,0
BRDA:65,8,0,0
BRF:15
BRH:0
end_of_record
TN:
SF:lib/idle-lock.ts
FN:22,idleTimeoutToMs
FN:27,getIdleTimeout
FN:37,setIdleTimeout
FN:65,createIdleWatcher
FN:66,(anonymous_4)
FN:72,clear
FN:79,fire
FN:89,reset
FN:96,start
FN:99,(anonymous_9)
FN:106,stop
FN:110,(anonymous_11)
FNF:12
FNH:12
FNDA:5,idleTimeoutToMs
FNDA:8,getIdleTimeout
FNDA:5,setIdleTimeout
FNDA:7,createIdleWatcher
FNDA:2,(anonymous_4)
FNDA:17,clear
FNDA:5,fire
FNDA:10,reset
FNDA:7,start
FNDA:35,(anonymous_9)
FNDA:7,stop
FNDA:35,(anonymous_11)
DA:10,1
DA:11,1
DA:13,1
DA:16,1
DA:18,1
DA:19,1
DA:22,1
DA:23,5
DA:27,1
DA:28,8
DA:29,8
DA:30,8
DA:31,6
DA:32,6
DA:33,3
DA:37,1
DA:38,5
DA:39,5
DA:40,5
DA:65,1
DA:66,7
DA:67,7
DA:69,7
DA:70,7
DA:73,17
DA:74,4
DA:75,4
DA:80,5
DA:82,5
DA:83,1
DA:84,1
DA:86,4
DA:90,10
DA:91,10
DA:92,10
DA:93,8
DA:97,7
DA:98,7
DA:99,35
DA:101,7
DA:102,7
DA:103,7
DA:107,7
DA:108,7
DA:109,7
DA:110,35
DA:111,7
DA:112,7
DA:115,7
LF:49
LH:49
BRDA:23,0,0,2
BRDA:23,0,1,3
BRDA:28,1,0,0
BRDA:30,2,0,2
BRDA:32,3,0,3
BRDA:32,4,0,6
BRDA:32,4,1,5
BRDA:32,4,2,4
BRDA:38,5,0,0
BRDA:66,6,0,7
BRDA:66,6,1,1
BRDA:67,7,0,7
BRDA:67,7,1,6
BRDA:73,8,0,4
BRDA:82,9,0,1
BRDA:92,10,0,2
BRDA:92,11,0,10
BRDA:92,11,1,8
BRDA:97,12,0,0
BRDA:97,13,0,7
BRDA:97,13,1,7
BRDA:107,14,0,0
BRF:22
BRH:18
end_of_record
TN:
SF:lib/multisig.ts
FN:40,getOrFundFeePayer
FN:63,waitForTx
FN:69,(anonymous_2)
FN:75,deployAndInitMultisig
FN:129,(anonymous_4)
FN:158,fetchMultisigDetails
FN:206,proposeTransaction
FN:240,signTransaction
FN:276,getProposalsOnChain
FN:317,(anonymous_9)
FNF:10
FNH:0
FNDA:0,getOrFundFeePayer
FNDA:0,waitForTx
FNDA:0,(anonymous_2)
FNDA:0,deployAndInitMultisig
FNDA:0,(anonymous_4)
FNDA:0,fetchMultisigDetails
FNDA:0,proposeTransaction
FNDA:0,signTransaction
FNDA:0,getProposalsOnChain
FNDA:0,(anonymous_9)
DA:1,0
DA:2,0
DA:16,0
DA:17,0
DA:19,0
DA:20,0
DA:21,0
DA:22,0
DA:40,0
DA:41,0
DA:42,0
DA:44,0
DA:48,0
DA:49,0
DA:53,0
DA:54,0
DA:55,0
DA:56,0
DA:57,0
DA:59,0
DA:64,0
DA:65,0
DA:66,0
DA:67,0
DA:69,0
DA:71,0
DA:75,0
DA:80,0
DA:81,0
DA:82,0
DA:84,0
DA:85,0
DA:91,0
DA:96,0
DA:97,0
DA:98,0
DA:100,0
DA:101,0
DA:104,0
DA:105,0
DA:106,0
DA:109,0
DA:110,0
DA:111,0
DA:112,0
DA:113,0
DA:114,0
DA:115,0
DA:117,0
DA:119,0
DA:120,0
DA:122,0
DA:125,0
DA:126,0
DA:127,0
DA:129,0
DA:131,0
DA:141,0
DA:142,0
DA:143,0
DA:145,0
DA:146,0
DA:149,0
DA:150,0
DA:151,0
DA:154,0
DA:158,0
DA:159,0
DA:160,0
DA:162,0
DA:163,0
DA:166,0
DA:170,0
DA:171,0
DA:172,0
DA:175,0
DA:179,0
DA:180,0
DA:181,0
DA:184,0
DA:185,0
DA:186,0
DA:190,0
DA:191,0
DA:192,0
DA:193,0
DA:194,0
DA:197,0
DA:206,0
DA:212,0
DA:213,0
DA:214,0
DA:215,0
DA:217,0
DA:219,0
DA:228,0
DA:229,0
DA:230,0
DA:232,0
DA:233,0
DA:236,0
DA:240,0
DA:246,0
DA:247,0
DA:248,0
DA:249,0
DA:250,0
DA:252,0
DA:261,0
DA:262,0
DA:263,0
DA:264,0
DA:267,0
DA:268,0
DA:269,0
DA:272,0
DA:276,0
DA:277,0
DA:278,0
DA:280,0
DA:281,0
DA:284,0
DA:289,0
DA:290,0
DA:291,0
DA:293,0
DA:294,0
DA:295,0
DA:300,0
DA:301,0
DA:302,0
DA:303,0
DA:304,0
DA:306,0
DA:317,0
LF:135
LH:0
BRDA:41,0,0,0
BRDA:44,1,0,0
BRDA:44,1,1,0
BRDA:45,2,0,0
BRDA:45,2,1,0
BRDA:48,3,0,0
BRDA:56,4,0,0
BRDA:66,5,0,0
BRDA:100,6,0,0
BRDA:105,7,0,0
BRDA:112,8,0,0
BRDA:112,8,1,0
BRDA:114,9,0,0
BRDA:114,9,1,0
BRDA:117,10,0,0
BRDA:117,10,1,0
BRDA:145,11,0,0
BRDA:150,12,0,0
BRDA:171,13,0,0
BRDA:180,14,0,0
BRDA:192,15,0,0
BRDA:232,16,0,0
BRDA:263,17,0,0
BRDA:268,18,0,0
BRDA:290,19,0,0
BRDA:301,20,0,0
BRDA:303,21,0,0
BRF:27
BRH:0
end_of_record
TN:
SF:lib/network.ts
FN:47,envDefaultNetwork
FN:51,readStoredNetwork
FN:70,resolveMainnetRpcUrl
FN:121,getNetwork
FN:125,getNetworkName
FN:134,namespaceKey
FN:146,(anonymous_6)
FN:154,(anonymous_7)
FN:162,(anonymous_8)
FN:173,isNetworkAvailable
FN:182,setActiveNetwork
FN:227,getNativeAssetContractId
FN:231,buildFriendbotUrl
FN:245,mainnetUsesProxy
FN:259,getUsdcIssuer
FNF:15
FNH:8
FNDA:9,envDefaultNetwork
FNDA:13,readStoredNetwork
FNDA:13,resolveMainnetRpcUrl
FNDA:71,getNetwork
FNDA:0,getNetworkName
FNDA:155,namespaceKey
FNDA:55,(anonymous_6)
FNDA:13,(anonymous_7)
FNDA:20,(anonymous_8)
FNDA:0,isNetworkAvailable
FNDA:0,setActiveNetwork
FNDA:0,getNativeAssetContractId
FNDA:0,buildFriendbotUrl
FNDA:0,mainnetUsesProxy
FNDA:0,getUsdcIssuer
DA:1,13
DA:17,13
DA:26,13
DA:36,13
DA:39,13
DA:48,9
DA:52,13
DA:53,11
DA:54,11
DA:55,11
DA:58,0
DA:71,13
DA:72,13
DA:73,13
DA:74,2
DA:77,13
DA:119,13
DA:121,13
DA:122,71
DA:125,13
DA:126,0
DA:134,13
DA:135,155
DA:136,149
DA:145,13
DA:147,55
DA:148,55
DA:149,55
DA:151,0
DA:155,13
DA:156,13
DA:157,13
DA:163,20
DA:164,20
DA:165,20
DA:173,13
DA:174,0
DA:175,0
DA:182,13
DA:183,0
DA:184,0
DA:185,0
DA:186,0
DA:187,0
DA:188,0
DA:190,0
DA:206,0
DA:209,0
DA:214,0
DA:215,0
DA:218,13
DA:227,13
DA:228,0
DA:231,13
DA:232,0
DA:233,0
DA:235,0
DA:236,0
DA:237,0
DA:245,13
DA:246,0
DA:259,13
DA:260,0
LF:63
LH:39
BRDA:48,0,0,0
BRDA:48,0,1,9
BRDA:52,1,0,2
BRDA:55,2,0,4
BRDA:55,2,1,7
BRDA:55,3,0,11
BRDA:55,3,1,8
BRDA:72,4,0,0
BRDA:73,5,0,11
BRDA:82,6,0,13
BRDA:82,6,1,13
BRDA:84,7,0,13
BRDA:84,7,1,13
BRDA:84,7,2,13
BRDA:88,8,0,13
BRDA:88,8,1,13
BRDA:88,8,2,13
BRDA:102,9,0,13
BRDA:102,9,1,13
BRDA:119,10,0,13
BRDA:119,10,1,9
BRDA:134,11,0,135
BRDA:135,12,0,6
BRDA:136,13,0,7
BRDA:136,13,1,142
BRDA:147,14,0,0
BRDA:155,15,0,0
BRDA:163,16,0,0
BRDA:174,17,0,0
BRDA:183,18,0,0
BRDA:184,19,0,0
BRDA:184,20,0,0
BRDA:184,20,1,0
BRDA:185,21,0,0
BRDA:186,22,0,0
BRDA:233,23,0,0
BRDA:260,24,0,0
BRDA:260,24,1,0
BRF:38
BRH:23
end_of_record
TN:
SF:lib/passkeyAuth.ts
FN:7,requirePasskey
FN:14,(anonymous_1)
FNF:2
FNH:2
FNDA:21,requirePasskey
FNDA:340,(anonymous_1)
DA:1,1
DA:7,1
DA:8,21
DA:9,21
DA:11,19
DA:12,19
DA:13,19
DA:14,340
DA:15,19
DA:17,19
DA:26,17
LF:11
LH:11
BRDA:9,0,0,2
BRDA:26,1,0,3
BRF:2
BRH:2
end_of_record
TN:
SF:lib/paymentRequest.ts
FN:106,(anonymous_0)
FN:51,createPaymentRequest
FN:57,toPrefilledSend
FN:74,parsePaymentLink
FN:84,parseScannedValue
FN:89,isPaymentRequestUri
FN:97,tryParsePaymentLink
FNF:7
FNH:7
FNDA:6,(anonymous_0)
FNDA:4,createPaymentRequest
FNDA:4,toPrefilledSend
FNDA:8,parsePaymentLink
FNDA:2,parseScannedValue
FNDA:3,isPaymentRequestUri
FNDA:2,tryParsePaymentLink
DA:16,1
DA:51,1
DA:52,4
DA:53,3
DA:57,1
DA:58,4
DA:59,4
DA:60,4
DA:61,4
DA:62,4
DA:63,4
DA:64,4
DA:65,4
DA:66,4
DA:74,1
DA:75,8
DA:84,1
DA:85,2
DA:89,1
DA:90,3
DA:97,1
DA:98,2
DA:99,2
DA:101,1
DA:102,0
DA:106,7
LF:26
LH:25
BRDA:59,0,0,2
BRDA:60,1,0,1
BRDA:61,2,0,1
BRDA:62,3,0,1
BRDA:63,4,0,1
BRDA:64,5,0,1
BRDA:65,6,0,1
BRDA:90,7,0,3
BRDA:90,7,1,3
BRDA:101,8,0,1
BRF:10
BRH:10
end_of_record
TN:
SF:lib/recovery.ts
FN:16,generateMnemonicPhrase
FN:20,deriveP256KeyPair
FN:27,signWithP256
FN:33,arrayBufferToBase64
FN:42,base64ToArrayBuffer
FN:51,deriveKey
FN:74,encryptMnemonic
FN:93,decryptMnemonic
FN:114,storeEncryptedMnemonic
FN:115,(anonymous_18)
FN:120,(anonymous_19)
FN:123,(anonymous_20)
FN:128,(anonymous_21)
FN:129,(anonymous_22)
FN:130,(anonymous_23)
FN:132,(anonymous_24)
FN:136,getEncryptedMnemonic
FN:137,(anonymous_26)
FN:142,(anonymous_27)
FN:145,(anonymous_28)
FN:150,(anonymous_29)
FN:151,(anonymous_30)
FN:152,(anonymous_31)
FN:154,(anonymous_32)
FN:159,base64url
FN:171,rawToDerSignature
FN:175,(anonymous_35)
FN:209,generateRecoveryWebAuthnSignature
FN:248,initRecoveryInterceptor
FN:254,(anonymous_38)
FN:318,buildRecoveryClients
FN:319,(anonymous_40)
FN:326,rememberRecoveryServers
FN:328,(anonymous_42)
FN:332,getRememberedRecoveryServers
FN:349,registerWithRecoveryServers
FN:355,(anonymous_45)
FN:365,resolveRecoveryServers
FN:371,(anonymous_47)
FN:381,(anonymous_48)
FN:388,recoverSignatures
FNF:41
FNH:0
FNDA:0,generateMnemonicPhrase
FNDA:0,deriveP256KeyPair
FNDA:0,signWithP256
FNDA:0,arrayBufferToBase64
FNDA:0,base64ToArrayBuffer
FNDA:0,deriveKey
FNDA:0,encryptMnemonic
FNDA:0,decryptMnemonic
FNDA:0,storeEncryptedMnemonic
FNDA:0,(anonymous_18)
FNDA:0,(anonymous_19)
FNDA:0,(anonymous_20)
FNDA:0,(anonymous_21)
FNDA:0,(anonymous_22)
FNDA:0,(anonymous_23)
FNDA:0,(anonymous_24)
FNDA:0,getEncryptedMnemonic
FNDA:0,(anonymous_26)
FNDA:0,(anonymous_27)
FNDA:0,(anonymous_28)
FNDA:0,(anonymous_29)
FNDA:0,(anonymous_30)
FNDA:0,(anonymous_31)
FNDA:0,(anonymous_32)
FNDA:0,base64url
FNDA:0,rawToDerSignature
FNDA:0,(anonymous_35)
FNDA:0,generateRecoveryWebAuthnSignature
FNDA:0,initRecoveryInterceptor
FNDA:0,(anonymous_38)
FNDA:0,buildRecoveryClients
FNDA:0,(anonymous_40)
FNDA:0,rememberRecoveryServers
FNDA:0,(anonymous_42)
FNDA:0,getRememberedRecoveryServers
FNDA:0,registerWithRecoveryServers
FNDA:0,(anonymous_45)
FNDA:0,resolveRecoveryServers
FNDA:0,(anonymous_47)
FNDA:0,(anonymous_48)
FNDA:0,recoverSignatures
DA:1,0
DA:2,0
DA:3,0
DA:4,0
DA:5,0
DA:6,0
DA:14,0
DA:16,0
DA:17,0
DA:20,0
DA:21,0
DA:22,0
DA:23,0
DA:24,0
DA:27,0
DA:28,0
DA:29,0
DA:34,0
DA:35,0
DA:36,0
DA:37,0
DA:39,0
DA:43,0
DA:44,0
DA:45,0
DA:46,0
DA:48,0
DA:52,0
DA:53,0
DA:60,0
DA:74,0
DA:75,0
DA:76,0
DA:77,0
DA:78,0
DA:79,0
DA:85,0
DA:90,0
DA:93,0
DA:94,0
DA:95,0
DA:96,0
DA:97,0
DA:99,0
DA:100,0
DA:105,0
DA:106,0
DA:109,0
DA:110,0
DA:111,0
DA:112,0
DA:114,0
DA:115,0
DA:116,0
DA:117,0
DA:119,0
DA:120,0
DA:121,0
DA:123,0
DA:124,0
DA:125,0
DA:126,0
DA:127,0
DA:128,0
DA:129,0
DA:130,0
DA:132,0
DA:136,0
DA:137,0
DA:138,0
DA:139,0
DA:141,0
DA:142,0
DA:143,0
DA:145,0
DA:146,0
DA:147,0
DA:148,0
DA:149,0
DA:150,0
DA:151,0
DA:152,0
DA:154,0
DA:159,0
DA:160,0
DA:161,0
DA:162,0
DA:164,0
DA:171,0
DA:172,0
DA:173,0
DA:175,0
DA:176,0
DA:177,0
DA:178,0
DA:179,0
DA:180,0
DA:182,0
DA:183,0
DA:184,0
DA:185,0
DA:187,0
DA:190,0
DA:191,0
DA:193,0
DA:194,0
DA:195,0
DA:196,0
DA:197,0
DA:198,0
DA:199,0
DA:200,0
DA:201,0
DA:202,0
DA:203,0
DA:205,0
DA:209,0
DA:216,0
DA:217,0
DA:218,0
DA:219,0
DA:221,0
DA:222,0
DA:228,0
DA:229,0
DA:231,0
DA:232,0
DA:233,0
DA:234,0
DA:236,0
DA:237,0
DA:239,0
DA:248,0
DA:249,0
DA:250,0
DA:252,0
DA:254,0
DA:255,0
DA:256,0
DA:257,0
DA:259,0
DA:260,0
DA:261,0
DA:263,0
DA:264,0
DA:267,0
DA:268,0
DA:270,0
DA:273,0
DA:274,0
DA:275,0
DA:276,0
DA:278,0
DA:290,0
DA:292,0
DA:293,0
DA:315,0
DA:318,0
DA:319,0
DA:326,0
DA:327,0
DA:328,0
DA:332,0
DA:333,0
DA:334,0
DA:335,0
DA:336,0
DA:337,0
DA:338,0
DA:340,0
DA:349,0
DA:354,0
DA:355,0
DA:356,0
DA:357,0
DA:365,0
DA:369,0
DA:370,0
DA:372,0
DA:373,0
DA:374,0
DA:375,0
DA:377,0
DA:381,0
DA:388,0
DA:394,0
LF:186
LH:0
BRDA:116,0,0,0
BRDA:138,1,0,0
BRDA:150,2,0,0
BRDA:150,2,1,0
BRDA:177,3,0,0
BRDA:177,3,1,0
BRDA:179,4,0,0
BRDA:182,5,0,0
BRDA:213,6,0,0
BRDA:213,7,0,0
BRDA:213,7,1,0
BRDA:214,8,0,0
BRDA:214,9,0,0
BRDA:214,9,1,0
BRDA:249,10,0,0
BRDA:249,11,0,0
BRDA:249,11,1,0
BRDA:250,12,0,0
BRDA:256,13,0,0
BRDA:257,14,0,0
BRDA:257,14,1,0
BRDA:260,15,0,0
BRDA:261,16,0,0
BRDA:267,17,0,0
BRDA:267,17,1,0
BRDA:273,18,0,0
BRDA:273,18,1,0
BRDA:280,19,0,0
BRDA:280,19,1,0
BRDA:327,20,0,0
BRDA:333,21,0,0
BRDA:335,22,0,0
BRDA:338,23,0,0
BRDA:338,23,1,0
BRDA:375,24,0,0
BRDA:375,24,1,0
BRDA:392,25,0,0
BRF:37
BRH:0
end_of_record
TN:
SF:lib/reserves.ts
FN:25,spendableNativeXlm
FN:26,(anonymous_1)
FNF:2
FNH:0
FNDA:0,spendableNativeXlm
FNDA:0,(anonymous_1)
DA:25,0
DA:26,0
DA:27,0
DA:29,0
DA:30,0
DA:32,0
DA:33,0
DA:34,0
DA:36,0
DA:37,0
DA:41,0
LF:11
LH:0
BRDA:26,0,0,0
BRDA:26,0,1,0
BRDA:27,1,0,0
BRDA:30,2,0,0
BRDA:32,3,0,0
BRDA:32,3,1,0
BRDA:34,4,0,0
BRDA:34,4,1,0
BRDA:34,5,0,0
BRDA:34,5,1,0
BRDA:37,6,0,0
BRF:11
BRH:0
end_of_record
TN:
SF:lib/schedules.ts
FN:14,createSchedule
FN:27,getSchedules
FN:40,deleteSchedule
FN:51,updateSchedule
FN:65,getDueSchedules
FN:80,advanceNextRun
FNF:6
FNH:0
FNDA:0,createSchedule
FNDA:0,getSchedules
FNDA:0,deleteSchedule
FNDA:0,updateSchedule
FNDA:0,getDueSchedules
FNDA:0,advanceNextRun
DA:1,0
DA:14,0
DA:15,0
DA:21,0
DA:22,0
DA:24,0
DA:27,0
DA:28,0
DA:34,0
DA:35,0
DA:37,0
DA:40,0
DA:41,0
DA:46,0
DA:47,0
DA:51,0
DA:52,0
DA:59,0
DA:60,0
DA:62,0
DA:65,0
DA:66,0
DA:67,0
DA:74,0
DA:75,0
DA:77,0
DA:80,0
DA:81,0
DA:82,0
DA:83,0
DA:86,0
DA:88,0
DA:89,0
DA:91,0
DA:92,0
DA:94,0
DA:95,0
DA:98,0
DA:101,0
LF:39
LH:0
BRDA:21,0,0,0
BRDA:34,1,0,0
BRDA:37,2,0,0
BRDA:37,2,1,0
BRDA:46,3,0,0
BRDA:59,4,0,0
BRDA:74,5,0,0
BRDA:77,6,0,0
BRDA:77,6,1,0
BRDA:82,7,0,0
BRDA:86,8,0,0
BRDA:86,8,1,0
BRDA:86,8,2,0
BRDA:86,8,3,0
BRF:14
BRH:0
end_of_record
TN:
SF:lib/sentry.ts
FN:11,getSentryOptIn
FN:16,setSentryOptIn
FN:23,scrubString
FN:30,scrubEvent
FN:44,initSentry
FN:58,resetSentryInitForTesting
FNF:6
FNH:6
FNDA:8,getSentryOptIn
FNDA:5,setSentryOptIn
FNDA:5,scrubString
FNDA:5,scrubEvent
FNDA:4,initSentry
FNDA:12,resetSentryInitForTesting
DA:1,1
DA:3,1
DA:6,1
DA:7,1
DA:9,1
DA:11,1
DA:12,8
DA:13,8
DA:16,1
DA:17,5
DA:18,5
DA:24,5
DA:30,1
DA:31,5
DA:32,4
DA:34,5
DA:35,1
DA:36,1
DA:39,5
DA:42,1
DA:44,1
DA:45,4
DA:46,4
DA:47,3
DA:48,2
DA:50,2
DA:58,1
DA:59,12
LF:28
LH:28
BRDA:12,0,0,0
BRDA:17,1,0,0
BRDA:31,2,0,4
BRDA:34,3,0,1
BRDA:36,4,0,1
BRDA:45,5,0,0
BRDA:46,6,0,1
BRDA:47,7,0,1
BRF:8
BRH:5
end_of_record
TN:
SF:lib/sep24.ts
FN:33,discoverAnchorInfo
FN:64,discoverTransferServer
FN:84,(anonymous_2)
FN:106,signSep10Challenge
FN:123,(anonymous_4)
FN:176,getSep10Jwt
FN:187,(anonymous_6)
FN:208,(anonymous_7)
FN:258,(anonymous_8)
FN:296,initiateDeposit
FN:318,(anonymous_10)
FN:329,initiateWithdraw
FN:352,(anonymous_12)
FN:363,getTransactionStatus
FN:380,isSep24Complete
FNF:15
FNH:3
FNDA:0,discoverAnchorInfo
FNDA:0,discoverTransferServer
FNDA:6,(anonymous_2)
FNDA:14,signSep10Challenge
FNDA:15,(anonymous_4)
FNDA:0,getSep10Jwt
FNDA:0,(anonymous_6)
FNDA:0,(anonymous_7)
FNDA:0,(anonymous_8)
FNDA:0,initiateDeposit
FNDA:0,(anonymous_10)
FNDA:0,initiateWithdraw
FNDA:0,(anonymous_12)
FNDA:0,getTransactionStatus
FNDA:0,isSep24Complete
DA:13,1
DA:20,1
DA:21,1
DA:33,1
DA:34,0
DA:37,0
DA:38,0
DA:41,0
DA:43,0
DA:44,0
DA:45,0
DA:48,0
DA:49,0
DA:50,0
DA:53,0
DA:54,0
DA:56,0
DA:64,1
DA:65,0
DA:66,0
DA:82,1
DA:85,6
DA:86,6
DA:87,6
DA:106,1
DA:112,14
DA:113,14
DA:115,2
DA:122,12
DA:123,15
DA:125,12
DA:126,2
DA:133,10
DA:134,10
DA:135,1
DA:142,9
DA:143,0
DA:150,9
DA:151,9
DA:152,9
DA:153,1
DA:160,8
DA:161,8
DA:162,8
DA:176,1
DA:182,0
DA:186,0
DA:187,0
DA:188,0
DA:190,0
DA:195,0
DA:198,0
DA:199,0
DA:201,0
DA:202,0
DA:203,0
DA:204,0
DA:207,0
DA:208,0
DA:210,0
DA:219,0
DA:221,0
DA:222,0
DA:223,0
DA:228,0
DA:232,0
DA:233,0
DA:234,0
DA:235,0
DA:236,0
DA:237,0
DA:241,0
DA:246,0
DA:247,0
DA:248,0
DA:251,0
DA:257,0
DA:258,0
DA:259,0
DA:262,0
DA:263,0
DA:264,0
DA:296,1
DA:301,0
DA:307,0
DA:317,0
DA:318,0
DA:319,0
DA:322,0
DA:323,0
DA:324,0
DA:329,1
DA:334,0
DA:341,0
DA:351,0
DA:352,0
DA:353,0
DA:356,0
DA:357,0
DA:358,0
DA:363,1
DA:368,0
DA:372,0
DA:374,0
DA:375,0
DA:376,0
DA:380,1
DA:381,0
LF:108
LH:33
BRDA:37,0,0,0
BRDA:44,1,0,0
BRDA:49,2,0,0
BRDA:54,3,0,0
BRDA:54,3,1,0
BRDA:125,4,0,2
BRDA:134,5,0,1
BRDA:142,6,0,0
BRDA:152,7,0,1
BRDA:152,8,0,9
BRDA:152,8,1,9
BRDA:186,9,0,0
BRDA:195,10,0,0
BRDA:195,10,1,0
BRDA:203,11,0,0
BRDA:203,12,0,0
BRDA:203,12,1,0
BRDA:219,13,0,0
BRDA:228,14,0,0
BRDA:228,14,1,0
BRDA:232,15,0,0
BRDA:232,15,1,0
BRDA:257,16,0,0
BRDA:263,17,0,0
BRDA:304,18,0,0
BRDA:304,18,1,0
BRDA:311,19,0,0
BRDA:311,19,1,0
BRDA:317,20,0,0
BRDA:323,21,0,0
BRDA:323,22,0,0
BRDA:323,22,1,0
BRDA:337,23,0,0
BRDA:337,23,1,0
BRDA:338,24,0,0
BRDA:338,24,1,0
BRDA:345,25,0,0
BRDA:345,25,1,0
BRDA:351,26,0,0
BRDA:357,27,0,0
BRDA:357,28,0,0
BRDA:357,28,1,0
BRDA:369,29,0,0
BRDA:369,29,1,0
BRDA:372,30,0,0
BRDA:375,31,0,0
BRF:46
BRH:5
end_of_record
TN:
SF:lib/sep7.ts
FN:9,decodeComponentSafe
FN:17,toMaybeString
FN:23,parseSep7Uri
FN:67,looksLikeStellarAddress
FN:72,parseQrValue
FN:84,buildSep7PayUri
FNF:6
FNH:4
FNDA:0,decodeComponentSafe
FNDA:25,toMaybeString
FNDA:56892,parseSep7Uri
FNDA:26886,looksLikeStellarAddress
FNDA:30004,parseQrValue
FNDA:0,buildSep7PayUri
DA:10,0
DA:11,0
DA:13,0
DA:18,25
DA:19,13
DA:20,13
DA:23,1
DA:24,56892
DA:25,56892
DA:28,53773
DA:36,5
DA:38,5
DA:41,0
DA:42,0
DA:44,0
DA:48,5
DA:50,5
DA:51,5
DA:52,5
DA:54,5
DA:55,5
DA:58,5
DA:67,1
DA:68,26886
DA:69,26886
DA:72,1
DA:73,30004
DA:74,30004
DA:76,26886
DA:78,26884
DA:79,26884
DA:81,1
DA:84,1
DA:91,0
DA:92,0
DA:93,0
DA:94,0
DA:95,0
DA:96,0
DA:98,0
LF:40
LH:27
BRDA:18,0,0,12
BRDA:20,1,0,13
BRDA:20,1,1,0
BRDA:25,2,0,3119
BRDA:28,3,0,53768
BRDA:69,4,0,26886
BRDA:69,4,1,26692
BRDA:69,4,2,399
BRDA:74,5,0,3118
BRDA:76,6,0,2
BRDA:79,7,0,26883
BRDA:93,8,0,0
BRDA:94,9,0,0
BRDA:95,10,0,0
BRDA:96,11,0,0
BRF:15
BRH:10
end_of_record
TN:
SF:lib/simulate.ts
FN:95,previewTransaction
FN:124,(anonymous_1)
FN:129,(anonymous_2)
FN:152,extractInvocation
FN:174,decodeEvents
FN:200,decodeTransfers
FN:221,buildSwapPreview
FN:248,formatAmount
FN:261,decodeReturnValue
FN:266,estimatedReceiveFromReturn
FN:274,extractAmount
FN:281,safeScValToNative
FN:289,toBigInt
FN:296,asAddressString
FN:300,errorMessage
FNF:15
FNH:14
FNDA:3,previewTransaction
FNDA:1,(anonymous_1)
FNDA:0,(anonymous_2)
FNDA:3,extractInvocation
FNDA:1,decodeEvents
FNDA:4,decodeTransfers
FNDA:3,buildSwapPreview
FNDA:11,formatAmount
FNDA:1,decodeReturnValue
FNDA:2,estimatedReceiveFromReturn
FNDA:2,extractAmount
FNDA:5,safeScValToNative
FNDA:8,toBigInt
FNDA:4,asAddressString
FNDA:1,errorMessage
DA:1,1
DA:9,1
DA:23,1
DA:95,1
DA:98,3
DA:99,3
DA:100,3
DA:103,3
DA:104,3
DA:106,1
DA:109,2
DA:112,2
DA:113,2
DA:115,0
DA:118,2
DA:119,1
DA:122,1
DA:123,1
DA:124,1
DA:125,1
DA:126,1
DA:129,1
DA:130,0
DA:131,0
DA:134,1
DA:135,1
DA:139,1
DA:152,1
DA:155,3
DA:156,3
DA:157,3
DA:159,2
DA:160,2
DA:161,2
DA:162,2
DA:163,2
DA:169,0
DA:174,1
DA:175,1
DA:176,1
DA:177,0
DA:178,0
DA:179,0
DA:180,0
DA:181,0
DA:193,1
DA:200,1
DA:201,4
DA:202,4
DA:203,3
DA:204,2
DA:205,2
DA:206,2
DA:213,4
DA:221,1
DA:226,3
DA:228,2
DA:229,2
DA:230,2
DA:232,2
DA:233,0
DA:236,2
DA:248,1
DA:249,11
DA:251,10
DA:252,10
DA:253,10
DA:254,10
DA:255,10
DA:256,10
DA:262,1
DA:263,1
DA:268,2
DA:269,2
DA:271,0
DA:275,2
DA:276,1
DA:278,1
DA:282,5
DA:283,5
DA:285,0
DA:290,8
DA:291,0
DA:292,0
DA:293,0
DA:297,4
DA:301,1
LF:87
LH:72
BRDA:99,0,0,3
BRDA:99,0,1,0
BRDA:100,1,0,3
BRDA:100,1,1,3
BRDA:109,2,0,2
BRDA:109,2,1,0
BRDA:118,3,0,1
BRDA:123,4,0,1
BRDA:123,4,1,0
BRDA:125,5,0,1
BRDA:125,5,1,0
BRDA:126,6,0,1
BRDA:126,6,1,1
BRDA:135,7,0,1
BRDA:135,7,1,0
BRDA:141,8,0,1
BRDA:141,8,1,0
BRDA:142,9,0,1
BRDA:142,9,1,0
BRDA:145,10,0,1
BRDA:145,10,1,0
BRDA:155,11,0,0
BRDA:155,11,1,3
BRDA:157,12,0,1
BRDA:157,13,0,3
BRDA:157,13,1,3
BRDA:161,14,0,0
BRDA:183,15,0,0
BRDA:183,15,1,0
BRDA:203,16,0,1
BRDA:203,17,0,3
BRDA:203,17,1,3
BRDA:205,18,0,0
BRDA:226,19,0,1
BRDA:232,20,0,0
BRDA:232,21,0,2
BRDA:232,21,1,0
BRDA:232,21,2,0
BRDA:241,22,0,0
BRDA:241,22,1,2
BRDA:243,23,0,0
BRDA:243,23,1,2
BRDA:249,24,0,1
BRDA:252,25,0,1
BRDA:252,25,1,9
BRDA:255,26,0,1
BRDA:255,26,1,9
BRDA:256,27,0,5
BRDA:256,27,1,5
BRDA:262,28,0,1
BRDA:262,28,1,0
BRDA:263,29,0,1
BRDA:263,29,1,0
BRDA:268,30,0,2
BRDA:268,31,0,2
BRDA:268,31,1,2
BRDA:275,32,0,1
BRDA:275,33,0,2
BRDA:275,33,1,2
BRDA:275,33,2,1
BRDA:290,34,0,8
BRDA:291,35,0,0
BRDA:291,36,0,0
BRDA:291,36,1,0
BRDA:292,37,0,0
BRDA:292,38,0,0
BRDA:292,38,1,0
BRDA:297,39,0,4
BRDA:297,39,1,0
BRDA:301,40,0,1
BRDA:301,40,1,0
BRF:71
BRH:43
end_of_record
TN:
SF:lib/sorobanTx.ts
FN:8,signAndSubmitSorobanXdr
FN:51,(anonymous_1)
FNF:2
FNH:0
FNDA:0,signAndSubmitSorobanXdr
FNDA:0,(anonymous_1)
DA:1,0
DA:2,0
DA:8,0
DA:15,0
DA:16,0
DA:18,0
DA:21,0
DA:22,0
DA:23,0
DA:26,0
DA:27,0
DA:28,0
DA:36,0
DA:37,0
DA:38,0
DA:43,0
DA:44,0
DA:45,0
DA:46,0
DA:47,0
DA:49,0
DA:51,0
DA:54,0
LF:23
LH:0
BRDA:22,0,0,0
BRDA:28,1,0,0
BRDA:28,1,1,0
BRDA:37,2,0,0
BRDA:39,3,0,0
BRDA:39,3,1,0
BRDA:45,4,0,0
BRDA:46,5,0,0
BRF:8
BRH:0
end_of_record
TN:
SF:lib/soroswap.ts
FN:15,getSoroswapClient
FN:46,getSoroswapQuote
FN:73,(anonymous_2)
FN:74,(anonymous_3)
FN:88,buildSoroswapSwapXdr
FN:123,resolveTokenAddress
FN:132,(anonymous_6)
FNF:7
FNH:0
FNDA:0,getSoroswapClient
FNDA:0,getSoroswapQuote
FNDA:0,(anonymous_2)
FNDA:0,(anonymous_3)
FNDA:0,buildSoroswapSwapXdr
FNDA:0,resolveTokenAddress
FNDA:0,(anonymous_6)
DA:1,0
DA:2,0
DA:3,0
DA:10,0
DA:11,0
DA:13,0
DA:16,0
DA:17,0
DA:19,0
DA:46,0
DA:47,0
DA:48,0
DA:49,0
DA:50,0
DA:51,0
DA:54,0
DA:68,0
DA:69,0
DA:70,0
DA:73,0
DA:74,0
DA:79,0
DA:80,0
DA:88,0
DA:89,0
DA:90,0
DA:91,0
DA:92,0
DA:95,0
DA:109,0
DA:115,0
DA:117,0
DA:118,0
DA:123,0
DA:124,0
DA:125,0
DA:128,0
DA:129,0
DA:130,0
DA:131,0
DA:132,0
DA:134,0
DA:136,0
LF:43
LH:0
BRDA:13,0,0,0
BRDA:13,0,1,0
BRDA:16,1,0,0
BRDA:21,2,0,0
BRDA:21,2,1,0
BRDA:49,3,0,0
BRDA:68,4,0,0
BRDA:69,5,0,0
BRDA:69,5,1,0
BRDA:72,6,0,0
BRDA:72,6,1,0
BRDA:91,7,0,0
BRDA:129,8,0,0
BRDA:129,8,1,0
BRDA:130,9,0,0
BRDA:130,9,1,0
BRDA:132,10,0,0
BRDA:132,10,1,0
BRDA:134,11,0,0
BRDA:134,11,1,0
BRF:20
BRH:0
end_of_record
TN:
SF:lib/supabase.ts
FN:10,trackWalletCreated
FNF:1
FNH:0
FNDA:0,trackWalletCreated
DA:1,0
DA:3,0
DA:5,0
DA:7,0
DA:10,0
DA:14,0
DA:15,0
LF:7
LH:0
BRF:0
BRH:0
end_of_record
TN:
SF:lib/sweepContractBalance.ts
FN:22,getWalletNonce
FN:53,describeFailure
FN:126,sweepContractBalance
FN:299,(anonymous_3)
FNF:4
FNH:3
FNDA:6,getWalletNonce
FNDA:0,describeFailure
FNDA:7,sweepContractBalance
FNDA:32,(anonymous_3)
DA:1,1
DA:2,1
DA:27,6
DA:28,6
DA:29,6
DA:30,6
DA:37,6
DA:38,6
DA:39,6
DA:40,6
DA:41,6
DA:43,0
DA:54,0
DA:55,0
DA:58,0
DA:59,0
DA:61,0
DA:62,0
DA:66,0
DA:67,0
DA:68,0
DA:69,0
DA:70,0
DA:71,0
DA:72,0
DA:73,0
DA:76,0
DA:80,0
DA:81,0
DA:82,0
DA:83,0
DA:84,0
DA:85,0
DA:86,0
DA:87,0
DA:88,0
DA:89,0
DA:90,0
DA:91,0
DA:92,0
DA:93,0
DA:94,0
DA:95,0
DA:96,0
DA:103,0
DA:105,0
DA:109,0
DA:110,0
DA:112,0
DA:126,1
DA:133,7
DA:134,7
DA:135,7
DA:138,7
DA:139,7
DA:140,7
DA:148,7
DA:149,7
DA:150,0
DA:153,7
DA:154,7
DA:156,7
DA:157,7
DA:158,1
DA:164,6
DA:167,6
DA:168,6
DA:184,6
DA:185,6
DA:186,1
DA:194,5
DA:195,5
DA:197,5
DA:198,5
DA:199,5
DA:200,5
DA:204,5
DA:205,2
DA:206,2
DA:207,0
DA:210,2
DA:211,2
DA:219,2
DA:223,2
DA:224,2
DA:226,1
DA:232,1
DA:233,1
DA:235,1
DA:237,1
DA:260,4
DA:261,4
DA:262,4
DA:274,4
DA:275,4
DA:276,0
DA:280,4
DA:281,4
DA:284,4
DA:285,4
DA:286,0
DA:291,4
DA:292,35
DA:293,35
DA:294,3
DA:295,0
DA:297,3
DA:299,32
DA:302,1
LF:109
LH:66
BRDA:38,0,0,0
BRDA:40,1,0,0
BRDA:59,2,0,0
BRDA:62,3,0,0
BRDA:72,4,0,0
BRDA:72,4,1,0
BRDA:73,5,0,0
BRDA:73,5,1,0
BRDA:76,6,0,0
BRDA:76,6,1,0
BRDA:80,7,0,0
BRDA:80,7,1,0
BRDA:84,8,0,0
BRDA:85,9,0,0
BRDA:85,9,1,0
BRDA:86,10,0,0
BRDA:88,11,0,0
BRDA:88,12,0,0
BRDA:88,12,1,0
BRDA:90,13,0,0
BRDA:90,14,0,0
BRDA:90,14,1,0
BRDA:94,15,0,0
BRDA:94,15,1,0
BRDA:95,16,0,0
BRDA:95,16,1,0
BRDA:105,17,0,0
BRDA:109,18,0,0
BRDA:149,19,0,0
BRDA:154,20,0,0
BRDA:157,21,0,1
BRDA:185,22,0,1
BRDA:199,23,0,5
BRDA:206,24,0,0
BRDA:224,25,0,1
BRDA:232,26,0,1
BRDA:268,27,0,4
BRDA:268,27,1,0
BRDA:275,28,0,0
BRDA:285,29,0,0
BRDA:287,30,0,0
BRDA:287,30,1,0
BRDA:293,31,0,3
BRDA:294,32,0,0
BRF:44
BRH:7
end_of_record
TN:
SF:lib/trustlines.ts
FN:47,parseTrustlines
FN:50,(anonymous_1)
FN:53,(anonymous_2)
FN:54,(anonymous_3)
FN:64,hasTrustline
FN:69,(anonymous_5)
FN:76,canRemoveTrustline
FN:85,buildChangeTrustTx
FN:112,normalizeDomain
FN:124,resolveAnchorAssets
FN:126,(anonymous_10)
FN:134,(anonymous_11)
FN:135,(anonymous_12)
FNF:13
FNH:12
FNDA:1,parseTrustlines
FNDA:4,(anonymous_1)
FNDA:2,(anonymous_2)
FNDA:2,(anonymous_3)
FNDA:2,hasTrustline
FNDA:6,(anonymous_5)
FNDA:2,canRemoveTrustline
FNDA:2,buildChangeTrustTx
FNDA:5,normalizeDomain
FNDA:2,resolveAnchorAssets
FNDA:0,(anonymous_10)
FNDA:3,(anonymous_11)
FNDA:1,(anonymous_12)
DA:1,1
DA:2,1
DA:44,1
DA:47,1
DA:48,1
DA:51,4
DA:53,2
DA:54,2
DA:64,1
DA:69,6
DA:76,1
DA:77,2
DA:85,1
DA:93,2
DA:94,2
DA:96,2
DA:112,1
DA:113,5
DA:124,1
DA:127,0
DA:129,2
DA:130,2
DA:132,1
DA:133,1
DA:134,3
DA:135,1
LF:26
LH:25
BRDA:51,0,0,4
BRDA:51,0,1,3
BRDA:53,1,0,2
BRDA:53,1,1,2
BRDA:58,2,0,2
BRDA:58,2,1,0
BRDA:69,3,0,6
BRDA:69,3,1,1
BRDA:94,4,0,1
BRDA:94,4,1,1
BRDA:101,5,0,1
BRDA:101,5,1,1
BRDA:126,6,0,0
BRDA:130,7,0,1
BRDA:133,8,0,1
BRDA:133,8,1,0
BRDA:134,9,0,3
BRDA:134,9,1,2
BRF:18
BRH:15
end_of_record
TN:
SF:lib/txState.ts
FN:4,(anonymous_0)
FN:5,(anonymous_1)
FN:6,(anonymous_2)
FNF:3
FNH:3
FNDA:11,(anonymous_0)
FNDA:21,(anonymous_1)
FNDA:23,(anonymous_2)
DA:3,1
DA:4,11
DA:5,21
DA:6,23
LF:4
LH:4
BRF:0
BRH:0
end_of_record
TN:
SF:lib/vault.ts
FN:66,getVaultWasmHash
FN:84,getSigner
FN:100,asBigInt
FN:106,asNumber
FN:114,validateStellarAddress
FN:124,xlmToStroops
FN:140,stroopsToXlm
FN:151,waitForTransaction
FN:163,(anonymous_8)
FN:169,submitOperation
FN:203,simulateCall
FN:230,extractContractId
FN:246,deployAndInitializeVault
FN:299,depositToVault
FN:320,queueVaultWithdrawal
FN:339,cancelVaultWithdrawal
FN:356,executeVaultWithdrawal
FN:373,fetchVaultDetails
FN:398,(anonymous_18)
FN:432,(anonymous_19)
FNF:20
FNH:0
FNDA:0,getVaultWasmHash
FNDA:0,getSigner
FNDA:0,asBigInt
FNDA:0,asNumber
FNDA:0,validateStellarAddress
FNDA:0,xlmToStroops
FNDA:0,stroopsToXlm
FNDA:0,waitForTransaction
FNDA:0,(anonymous_8)
FNDA:0,submitOperation
FNDA:0,simulateCall
FNDA:0,extractContractId
FNDA:0,deployAndInitializeVault
FNDA:0,depositToVault
FNDA:0,queueVaultWithdrawal
FNDA:0,cancelVaultWithdrawal
FNDA:0,executeVaultWithdrawal
FNDA:0,fetchVaultDetails
FNDA:0,(anonymous_18)
FNDA:0,(anonymous_19)
DA:1,0
DA:2,0
DA:18,0
DA:19,0
DA:21,0
DA:67,0
DA:68,0
DA:75,0
DA:76,0
DA:81,0
DA:85,0
DA:91,0
DA:93,0
DA:94,0
DA:97,0
DA:101,0
DA:102,0
DA:103,0
DA:107,0
DA:108,0
DA:109,0
DA:111,0
DA:115,0
DA:116,0
DA:117,0
DA:119,0
DA:121,0
DA:124,0
DA:125,0
DA:126,0
DA:127,0
DA:130,0
DA:131,0
DA:134,0
DA:135,0
DA:137,0
DA:140,0
DA:141,0
DA:142,0
DA:143,0
DA:144,0
DA:148,0
DA:155,0
DA:156,0
DA:157,0
DA:158,0
DA:159,0
DA:161,0
DA:163,0
DA:166,0
DA:173,0
DA:174,0
DA:175,0
DA:176,0
DA:184,0
DA:185,0
DA:186,0
DA:189,0
DA:190,0
DA:192,0
DA:193,0
DA:194,0
DA:199,0
DA:200,0
DA:208,0
DA:209,0
DA:210,0
DA:211,0
DA:219,0
DA:220,0
DA:221,0
DA:223,0
DA:224,0
DA:227,0
DA:233,0
DA:234,0
DA:237,0
DA:238,0
DA:239,0
DA:242,0
DA:243,0
DA:246,0
DA:250,0
DA:251,0
DA:254,0
DA:255,0
DA:256,0
DA:257,0
DA:258,0
DA:260,0
DA:272,0
DA:273,0
DA:274,0
DA:275,0
DA:276,0
DA:281,0
DA:282,0
DA:283,0
DA:284,0
DA:286,0
DA:296,0
DA:299,0
DA:304,0
DA:305,0
DA:306,0
DA:307,0
DA:309,0
DA:320,0
DA:326,0
DA:327,0
DA:329,0
DA:339,0
DA:344,0
DA:345,0
DA:347,0
DA:356,0
DA:361,0
DA:362,0
DA:364,0
DA:373,0
DA:374,0
DA:375,0
DA:377,0
DA:378,0
DA:384,0
DA:385,0
DA:396,0
DA:397,0
DA:399,0
DA:404,0
DA:406,0
DA:419,0
DA:420,0
DA:421,0
DA:423,0
DA:432,0
LF:136
LH:0
BRDA:68,0,0,0
BRDA:68,0,1,0
BRDA:71,1,0,0
BRDA:71,1,1,0
BRDA:75,2,0,0
BRDA:75,3,0,0
BRDA:75,3,1,0
BRDA:85,4,0,0
BRDA:85,4,1,0
BRDA:88,5,0,0
BRDA:88,5,1,0
BRDA:91,6,0,0
BRDA:91,6,1,0
BRDA:93,7,0,0
BRDA:101,8,0,0
BRDA:102,9,0,0
BRDA:102,10,0,0
BRDA:102,10,1,0
BRDA:108,11,0,0
BRDA:126,12,0,0
BRDA:130,13,0,0
BRDA:134,14,0,0
BRDA:142,15,0,0
BRDA:142,15,1,0
BRDA:148,16,0,0
BRDA:148,16,1,0
BRDA:148,17,0,0
BRDA:148,17,1,0
BRDA:157,18,0,0
BRDA:158,19,0,0
BRDA:185,20,0,0
BRDA:193,21,0,0
BRDA:195,22,0,0
BRDA:195,22,1,0
BRDA:220,23,0,0
BRDA:223,24,0,0
BRDA:233,25,0,0
BRDA:239,26,0,0
BRDA:239,26,1,0
BRDA:250,27,0,0
BRDA:250,28,0,0
BRDA:250,28,1,0
BRDA:275,29,0,0
BRDA:277,30,0,0
BRDA:277,30,1,0
BRF:45
BRH:0
end_of_record
TN:
SF:lib/walletConnect.ts
FN:23,getWalletNonce
FN:85,getChainId
FN:90,parseSession
FN:91,(anonymous_3)
FN:104,loadStoredSessions
FN:116,persistSessions
FN:121,notifySessions
FN:125,notifyProposal
FN:129,syncSessionsFromClient
FN:136,getFeePayerKeypair
FN:146,signAuthEntry
FN:161,(anonymous_11)
FN:193,getRpcServer
FN:198,getRequestId
FN:202,getRequestXdr
FN:217,buildWcResult
FN:221,buildWcError
FN:225,signXdrPayload
FN:335,handleSignAndSubmitXdrRequest
FN:353,dispatchWalletConnectRequest
FN:360,handleSignXdrRequest
FN:417,subscribeWalletConnectSessions
FN:420,(anonymous_22)
FN:423,subscribeWalletConnectProposal
FN:426,(anonymous_24)
FN:429,getWalletConnectSessions
FN:433,getPendingWalletConnectProposal
FN:437,getWalletConnectClient
FN:463,(anonymous_28)
FN:468,(anonymous_29)
FN:469,(anonymous_30)
FN:474,(anonymous_31)
FN:482,pairWalletConnect
FN:487,approveSession
FN:515,rejectSession
FN:525,disconnectSession
FN:531,(anonymous_36)
FN:536,disconnectAllSessions
FN:540,(anonymous_38)
FN:544,(anonymous_39)
FN:555,useWalletConnect
FN:559,(anonymous_41)
FN:560,(anonymous_42)
FN:567,(anonymous_43)
FN:571,(anonymous_44)
FNF:45
FNH:0
FNDA:0,getWalletNonce
FNDA:0,getChainId
FNDA:0,parseSession
FNDA:0,(anonymous_3)
FNDA:0,loadStoredSessions
FNDA:0,persistSessions
FNDA:0,notifySessions
FNDA:0,notifyProposal
FNDA:0,syncSessionsFromClient
FNDA:0,getFeePayerKeypair
FNDA:0,signAuthEntry
FNDA:0,(anonymous_11)
FNDA:0,getRpcServer
FNDA:0,getRequestId
FNDA:0,getRequestXdr
FNDA:0,buildWcResult
FNDA:0,buildWcError
FNDA:0,signXdrPayload
FNDA:0,handleSignAndSubmitXdrRequest
FNDA:0,dispatchWalletConnectRequest
FNDA:0,handleSignXdrRequest
FNDA:0,subscribeWalletConnectSessions
FNDA:0,(anonymous_22)
FNDA:0,subscribeWalletConnectProposal
FNDA:0,(anonymous_24)
FNDA:0,getWalletConnectSessions
FNDA:0,getPendingWalletConnectProposal
FNDA:0,getWalletConnectClient
FNDA:0,(anonymous_28)
FNDA:0,(anonymous_29)
FNDA:0,(anonymous_30)
FNDA:0,(anonymous_31)
FNDA:0,pairWalletConnect
FNDA:0,approveSession
FNDA:0,rejectSession
FNDA:0,disconnectSession
FNDA:0,(anonymous_36)
FNDA:0,disconnectAllSessions
FNDA:0,(anonymous_38)
FNDA:0,(anonymous_39)
FNDA:0,useWalletConnect
FNDA:0,(anonymous_41)
FNDA:0,(anonymous_42)
FNDA:0,(anonymous_43)
FNDA:0,(anonymous_44)
DA:3,0
DA:4,0
DA:5,0
DA:6,0
DA:7,0
DA:8,0
DA:21,0
DA:28,0
DA:29,0
DA:30,0
DA:31,0
DA:38,0
DA:39,0
DA:40,0
DA:41,0
DA:42,0
DA:44,0
DA:48,0
DA:49,0
DA:51,0
DA:52,0
DA:78,0
DA:79,0
DA:80,0
DA:82,0
DA:83,0
DA:86,0
DA:87,0
DA:91,0
DA:92,0
DA:93,0
DA:96,0
DA:105,0
DA:106,0
DA:107,0
DA:108,0
DA:109,0
DA:110,0
DA:112,0
DA:117,0
DA:118,0
DA:122,0
DA:126,0
DA:130,0
DA:131,0
DA:132,0
DA:133,0
DA:138,0
DA:140,0
DA:141,0
DA:143,0
DA:147,0
DA:148,0
DA:149,0
DA:150,0
DA:153,0
DA:158,0
DA:159,0
DA:160,0
DA:161,0
DA:163,0
DA:164,0
DA:172,0
DA:174,0
DA:175,0
DA:182,0
DA:183,0
DA:187,0
DA:189,0
DA:194,0
DA:195,0
DA:199,0
DA:203,0
DA:204,0
DA:205,0
DA:206,0
DA:207,0
DA:208,0
DA:211,0
DA:212,0
DA:213,0
DA:214,0
DA:218,0
DA:222,0
DA:230,0
DA:231,0
DA:232,0
DA:233,0
DA:237,0
DA:238,0
DA:239,0
DA:246,0
DA:247,0
DA:249,0
DA:250,0
DA:252,0
DA:253,0
DA:257,0
DA:258,0
DA:259,0
DA:260,0
DA:263,0
DA:264,0
DA:265,0
DA:267,0
DA:275,0
DA:279,0
DA:280,0
DA:281,0
DA:284,0
DA:290,0
DA:291,0
DA:293,0
DA:295,0
DA:311,0
DA:312,0
DA:313,0
DA:325,0
DA:326,0
DA:327,0
DA:330,0
DA:331,0
DA:332,0
DA:340,0
DA:341,0
DA:342,0
DA:343,0
DA:344,0
DA:345,0
DA:346,0
DA:350,0
DA:354,0
DA:355,0
DA:360,0
DA:361,0
DA:362,0
DA:364,0
DA:365,0
DA:366,0
DA:368,0
DA:369,0
DA:370,0
DA:371,0
DA:372,0
DA:373,0
DA:377,0
DA:380,0
DA:381,0
DA:382,0
DA:383,0
DA:384,0
DA:388,0
DA:391,0
DA:396,0
DA:397,0
DA:401,0
DA:402,0
DA:403,0
DA:407,0
DA:410,0
DA:417,0
DA:418,0
DA:419,0
DA:420,0
DA:423,0
DA:424,0
DA:425,0
DA:426,0
DA:429,0
DA:430,0
DA:433,0
DA:434,0
DA:437,0
DA:438,0
DA:440,0
DA:441,0
DA:444,0
DA:445,0
DA:447,0
DA:448,0
DA:449,0
DA:452,0
DA:453,0
DA:463,0
DA:464,0
DA:465,0
DA:468,0
DA:469,0
DA:470,0
DA:471,0
DA:474,0
DA:475,0
DA:478,0
DA:479,0
DA:482,0
DA:483,0
DA:484,0
DA:487,0
DA:491,0
DA:492,0
DA:495,0
DA:496,0
DA:497,0
DA:506,0
DA:510,0
DA:511,0
DA:512,0
DA:515,0
DA:516,0
DA:517,0
DA:521,0
DA:522,0
DA:525,0
DA:526,0
DA:527,0
DA:531,0
DA:532,0
DA:533,0
DA:536,0
DA:537,0
DA:538,0
DA:539,0
DA:541,0
DA:548,0
DA:549,0
DA:550,0
DA:555,0
DA:556,0
DA:557,0
DA:559,0
DA:560,0
DA:561,0
DA:562,0
DA:564,0
DA:567,0
DA:568,0
DA:571,0
DA:572,0
DA:575,0
LF:239
LH:0
BRDA:39,0,0,0
BRDA:41,1,0,0
BRDA:87,2,0,0
BRDA:87,2,1,0
BRDA:91,3,0,0
BRDA:91,3,1,0
BRDA:91,4,0,0
BRDA:91,4,1,0
BRDA:92,5,0,0
BRDA:92,5,1,0
BRDA:93,6,0,0
BRDA:93,6,1,0
BRDA:93,7,0,0
BRDA:93,7,1,0
BRDA:100,8,0,0
BRDA:100,8,1,0
BRDA:105,9,0,0
BRDA:108,10,0,0
BRDA:110,11,0,0
BRDA:110,11,1,0
BRDA:117,12,0,0
BRDA:138,13,0,0
BRDA:138,13,1,0
BRDA:140,14,0,0
BRDA:149,15,0,0
BRDA:149,16,0,0
BRDA:149,16,1,0
BRDA:172,17,0,0
BRDA:182,18,0,0
BRDA:182,18,1,0
BRDA:183,19,0,0
BRDA:184,20,0,0
BRDA:184,20,1,0
BRDA:199,21,0,0
BRDA:199,21,1,0
BRDA:199,21,2,0
BRDA:203,22,0,0
BRDA:204,23,0,0
BRDA:206,24,0,0
BRDA:207,25,0,0
BRDA:207,26,0,0
BRDA:207,26,1,0
BRDA:208,27,0,0
BRDA:208,28,0,0
BRDA:208,28,1,0
BRDA:211,29,0,0
BRDA:211,30,0,0
BRDA:211,30,1,0
BRDA:212,31,0,0
BRDA:212,32,0,0
BRDA:212,32,1,0
BRDA:213,33,0,0
BRDA:213,34,0,0
BRDA:213,34,1,0
BRDA:238,35,0,0
BRDA:252,36,0,0
BRDA:259,37,0,0
BRDA:280,38,0,0
BRDA:290,39,0,0
BRDA:319,40,0,0
BRDA:319,40,1,0
BRDA:326,41,0,0
BRDA:345,42,0,0
BRDA:347,43,0,0
BRDA:347,43,1,0
BRDA:354,44,0,0
BRDA:362,45,0,0
BRDA:369,46,0,0
BRDA:380,47,0,0
BRDA:396,48,0,0
BRDA:396,48,1,0
BRDA:397,49,0,0
BRDA:397,49,1,0
BRDA:397,49,2,0
BRDA:401,50,0,0
BRDA:438,51,0,0
BRDA:440,52,0,0
BRDA:448,53,0,0
BRDA:491,54,0,0
BRDA:541,55,0,0
BRDA:541,55,1,0
BRF:81
BRH:0
end_of_record
TN:
SF:lib/walletStorage.ts
FN:24,safeStorage
FN:41,createNamespacedStorage
FN:43,(anonymous_2)
FN:52,(anonymous_3)
FN:61,(anonymous_4)
FN:87,clearActiveNetworkWallet
FN:112,migrateLegacyStorageOnce
FNF:7
FNH:7
FNDA:56,safeStorage
FNDA:9,createNamespacedStorage
FNDA:11,(anonymous_2)
FNDA:13,(anonymous_3)
FNDA:23,(anonymous_4)
FNDA:1,clearActiveNetworkWallet
FNDA:9,migrateLegacyStorageOnce
DA:1,9
DA:25,56
DA:26,56
DA:27,9
DA:29,47
DA:32,0
DA:42,9
DA:44,11
DA:45,11
DA:46,11
DA:47,11
DA:49,0
DA:53,13
DA:54,13
DA:55,13
DA:56,13
DA:62,23
DA:63,23
DA:64,23
DA:65,23
DA:77,9
DA:80,9
DA:87,9
DA:88,1
DA:89,7
DA:90,7
DA:95,9
DA:96,9
DA:97,9
DA:113,9
DA:114,9
DA:115,7
DA:116,7
DA:121,6
DA:122,2
DA:123,14
DA:124,14
DA:125,7
DA:126,7
DA:131,6
DA:137,9
LF:41
LH:39
BRDA:26,0,0,9
BRDA:27,1,0,2
BRDA:27,1,1,7
BRDA:29,2,0,0
BRDA:29,2,1,47
BRDA:45,3,0,0
BRDA:54,4,0,0
BRDA:63,5,0,0
BRDA:114,6,0,2
BRDA:116,7,0,1
BRDA:121,8,0,2
BRDA:124,9,0,7
BRDA:126,10,0,7
BRF:13
BRH:9
end_of_record
