{"/home/daytona/codebase/sdk/react/src/hooks/useAccount.ts": {"path":"/home/daytona/codebase/sdk/react/src/hooks/useAccount.ts","statementMap":{"0":{"start":{"line":28,"column":0},"end":{"line":28,"column":16}},"1":{"start":{"line":1,"column":0},"end":{"line":1,"column":65}},"2":{"start":{"line":32,"column":2},"end":{"line":43,"column":5}},"3":{"start":{"line":35,"column":6},"end":{"line":37,"column":7}},"4":{"start":{"line":36,"column":8},"end":{"line":36,"column":76}},"5":{"start":{"line":38,"column":6},"end":{"line":38,"column":30}}},"fnMap":{"0":{"name":"useAccount","decl":{"start":{"line":28,"column":16},"end":{"line":28,"column":26}},"loc":{"start":{"line":30,"column":52},"end":{"line":44,"column":1}}},"1":{"name":"(anonymous_1)","decl":{"start":{"line":34,"column":13},"end":{"line":34,"column":18}},"loc":{"start":{"line":34,"column":24},"end":{"line":39,"column":5}}}},"branchMap":{"0":{"loc":{"start":{"line":35,"column":6},"end":{"line":37,"column":7}},"type":"if","locations":[{"start":{"line":35,"column":6},"end":{"line":37,"column":7}}]}},"s":{"0":1,"1":1,"2":19,"3":9,"4":0,"5":9},"f":{"0":19,"1":9},"b":{"0":[0]}}
,"/home/daytona/codebase/sdk/react/src/hooks/useBalance.ts": {"path":"/home/daytona/codebase/sdk/react/src/hooks/useBalance.ts","statementMap":{"0":{"start":{"line":20,"column":0},"end":{"line":20,"column":16}},"1":{"start":{"line":1,"column":0},"end":{"line":1,"column":65}},"2":{"start":{"line":2,"column":0},"end":{"line":2,"column":44}},"3":{"start":{"line":21,"column":21},"end":{"line":21,"column":37}},"4":{"start":{"line":23,"column":2},"end":{"line":34,"column":5}},"5":{"start":{"line":26,"column":6},"end":{"line":28,"column":7}},"6":{"start":{"line":27,"column":8},"end":{"line":27,"column":64}},"7":{"start":{"line":29,"column":6},"end":{"line":29,"column":33}}},"fnMap":{"0":{"name":"useBalance","decl":{"start":{"line":20,"column":16},"end":{"line":20,"column":26}},"loc":{"start":{"line":20,"column":26},"end":{"line":35,"column":1}}},"1":{"name":"(anonymous_1)","decl":{"start":{"line":25,"column":13},"end":{"line":25,"column":18}},"loc":{"start":{"line":25,"column":24},"end":{"line":30,"column":5}}}},"branchMap":{"0":{"loc":{"start":{"line":26,"column":6},"end":{"line":28,"column":7}},"type":"if","locations":[{"start":{"line":26,"column":6},"end":{"line":28,"column":7}}]}},"s":{"0":1,"1":1,"2":1,"3":11,"4":11,"5":5,"6":0,"7":5},"f":{"0":11,"1":5},"b":{"0":[0]}}
,"/home/daytona/codebase/sdk/react/src/hooks/useSendPayment.ts": {"path":"/home/daytona/codebase/sdk/react/src/hooks/useSendPayment.ts","statementMap":{"0":{"start":{"line":35,"column":0},"end":{"line":35,"column":16}},"1":{"start":{"line":1,"column":0},"end":{"line":1,"column":87}},"2":{"start":{"line":3,"column":0},"end":{"line":3,"column":44}},"3":{"start":{"line":36,"column":21},"end":{"line":36,"column":37}},"4":{"start":{"line":37,"column":22},"end":{"line":37,"column":38}},"5":{"start":{"line":39,"column":2},"end":{"line":64,"column":5}},"6":{"start":{"line":41,"column":6},"end":{"line":43,"column":7}},"7":{"start":{"line":42,"column":8},"end":{"line":42,"column":70}},"8":{"start":{"line":44,"column":6},"end":{"line":46,"column":7}},"9":{"start":{"line":45,"column":8},"end":{"line":45,"column":67}},"10":{"start":{"line":47,"column":6},"end":{"line":49,"column":7}},"11":{"start":{"line":48,"column":8},"end":{"line":48,"column":83}},"12":{"start":{"line":51,"column":6},"end":{"line":57,"column":8}},"13":{"start":{"line":60,"column":6},"end":{"line":62,"column":7}},"14":{"start":{"line":61,"column":8},"end":{"line":61,"column":87}}},"fnMap":{"0":{"name":"useSendPayment","decl":{"start":{"line":35,"column":16},"end":{"line":35,"column":30}},"loc":{"start":{"line":35,"column":30},"end":{"line":65,"column":1}}},"1":{"name":"(anonymous_1)","decl":{"start":{"line":40,"column":16},"end":{"line":40,"column":21}},"loc":{"start":{"line":40,"column":50},"end":{"line":58,"column":5}}},"2":{"name":"(anonymous_2)","decl":{"start":{"line":59,"column":15},"end":{"line":59,"column":20}},"loc":{"start":{"line":59,"column":26},"end":{"line":63,"column":5}}}},"branchMap":{"0":{"loc":{"start":{"line":41,"column":6},"end":{"line":43,"column":7}},"type":"if","locations":[{"start":{"line":41,"column":6},"end":{"line":43,"column":7}}]},"1":{"loc":{"start":{"line":44,"column":6},"end":{"line":46,"column":7}},"type":"if","locations":[{"start":{"line":44,"column":6},"end":{"line":46,"column":7}}]},"2":{"loc":{"start":{"line":47,"column":6},"end":{"line":49,"column":7}},"type":"if","locations":[{"start":{"line":47,"column":6},"end":{"line":49,"column":7}}]},"3":{"loc":{"start":{"line":60,"column":6},"end":{"line":62,"column":7}},"type":"if","locations":[{"start":{"line":60,"column":6},"end":{"line":62,"column":7}}]}},"s":{"0":1,"1":1,"2":1,"3":13,"4":13,"5":13,"6":6,"7":0,"8":6,"9":0,"10":6,"11":0,"12":6,"13":4,"14":4},"f":{"0":13,"1":6,"2":4},"b":{"0":[0],"1":[0],"2":[0],"3":[4]}}
,"/home/daytona/codebase/sdk/react/src/hooks/useTransactionStatus.ts": {"path":"/home/daytona/codebase/sdk/react/src/hooks/useTransactionStatus.ts","statementMap":{"0":{"start":{"line":28,"column":0},"end":{"line":28,"column":16}},"1":{"start":{"line":1,"column":0},"end":{"line":1,"column":65}},"2":{"start":{"line":32,"column":2},"end":{"line":52,"column":5}},"3":{"start":{"line":35,"column":6},"end":{"line":37,"column":7}},"4":{"start":{"line":36,"column":8},"end":{"line":36,"column":72}},"5":{"start":{"line":38,"column":6},"end":{"line":38,"column":38}},"6":{"start":{"line":45,"column":19},"end":{"line":45,"column":37}},"7":{"start":{"line":46,"column":6},"end":{"line":46,"column":33}},"8":{"start":{"line":46,"column":17},"end":{"line":46,"column":33}},"9":{"start":{"line":47,"column":6},"end":{"line":49,"column":7}},"10":{"start":{"line":48,"column":8},"end":{"line":48,"column":24}},"11":{"start":{"line":50,"column":6},"end":{"line":50,"column":19}}},"fnMap":{"0":{"name":"useTransactionStatus","decl":{"start":{"line":28,"column":16},"end":{"line":28,"column":36}},"loc":{"start":{"line":30,"column":59},"end":{"line":53,"column":1}}},"1":{"name":"(anonymous_1)","decl":{"start":{"line":34,"column":13},"end":{"line":34,"column":18}},"loc":{"start":{"line":34,"column":24},"end":{"line":39,"column":5}}},"2":{"name":"(anonymous_2)","decl":{"start":{"line":44,"column":21},"end":{"line":44,"column":22}},"loc":{"start":{"line":44,"column":31},"end":{"line":51,"column":5}}}},"branchMap":{"0":{"loc":{"start":{"line":35,"column":6},"end":{"line":37,"column":7}},"type":"if","locations":[{"start":{"line":35,"column":6},"end":{"line":37,"column":7}}]},"1":{"loc":{"start":{"line":46,"column":6},"end":{"line":46,"column":33}},"type":"if","locations":[{"start":{"line":46,"column":6},"end":{"line":46,"column":33}}]},"2":{"loc":{"start":{"line":47,"column":6},"end":{"line":49,"column":7}},"type":"if","locations":[{"start":{"line":47,"column":6},"end":{"line":49,"column":7}}]}},"s":{"0":1,"1":1,"2":17,"3":8,"4":0,"5":8,"6":51,"7":51,"8":39,"9":12,"10":2,"11":10},"f":{"0":17,"1":8,"2":51},"b":{"0":[0],"1":[39],"2":[2]}}
,"/home/daytona/codebase/sdk/src/backup.ts": {"path":"/home/daytona/codebase/sdk/src/backup.ts","statementMap":{"0":{"start":{"line":147,"column":0},"end":{"line":147,"column":16}},"1":{"start":{"line":241,"column":0},"end":{"line":241,"column":7}},"2":{"start":{"line":278,"column":0},"end":{"line":278,"column":7}},"3":{"start":{"line":331,"column":0},"end":{"line":331,"column":16}},"4":{"start":{"line":336,"column":0},"end":{"line":336,"column":16}},"5":{"start":{"line":351,"column":0},"end":{"line":351,"column":7}},"6":{"start":{"line":362,"column":0},"end":{"line":362,"column":7}},"7":{"start":{"line":380,"column":0},"end":{"line":380,"column":7}},"8":{"start":{"line":396,"column":0},"end":{"line":396,"column":16}},"9":{"start":{"line":24,"column":13},"end":{"line":24,"column":39}},"10":{"start":{"line":27,"column":13},"end":{"line":27,"column":49}},"11":{"start":{"line":110,"column":8},"end":{"line":110,"column":23}},"12":{"start":{"line":111,"column":8},"end":{"line":111,"column":34}},"13":{"start":{"line":108,"column":0},"end":{"line":108,"column":13}},"14":{"start":{"line":121,"column":8},"end":{"line":121,"column":23}},"15":{"start":{"line":122,"column":8},"end":{"line":122,"column":40}},"16":{"start":{"line":119,"column":0},"end":{"line":119,"column":13}},"17":{"start":{"line":132,"column":31},"end":{"line":139,"column":2}},"18":{"start":{"line":148,"column":4},"end":{"line":148,"column":60}},"19":{"start":{"line":148,"column":53},"end":{"line":148,"column":60}},"20":{"start":{"line":149,"column":4},"end":{"line":152,"column":5}},"21":{"start":{"line":150,"column":8},"end":{"line":150,"column":82}},"22":{"start":{"line":150,"column":35},"end":{"line":150,"column":80}},"23":{"start":{"line":151,"column":8},"end":{"line":151,"column":15}},"24":{"start":{"line":153,"column":4},"end":{"line":161,"column":5}},"25":{"start":{"line":154,"column":27},"end":{"line":154,"column":67}},"26":{"start":{"line":155,"column":8},"end":{"line":159,"column":9}},"27":{"start":{"line":155,"column":47},"end":{"line":155,"column":92}},"28":{"start":{"line":156,"column":12},"end":{"line":158,"column":14}},"29":{"start":{"line":160,"column":8},"end":{"line":160,"column":56}},"30":{"start":{"line":167,"column":15},"end":{"line":167,"column":56}},"31":{"start":{"line":168,"column":4},"end":{"line":173,"column":5}},"32":{"start":{"line":169,"column":8},"end":{"line":172,"column":10}},"33":{"start":{"line":174,"column":4},"end":{"line":174,"column":13}},"34":{"start":{"line":178,"column":17},"end":{"line":178,"column":19}},"35":{"start":{"line":179,"column":4},"end":{"line":179,"column":83}},"36":{"start":{"line":179,"column":17},"end":{"line":179,"column":18}},"37":{"start":{"line":179,"column":43},"end":{"line":179,"column":83}},"38":{"start":{"line":180,"column":4},"end":{"line":180,"column":24}},"39":{"start":{"line":184,"column":19},"end":{"line":184,"column":28}},"40":{"start":{"line":185,"column":16},"end":{"line":185,"column":45}},"41":{"start":{"line":186,"column":4},"end":{"line":186,"column":74}},"42":{"start":{"line":186,"column":17},"end":{"line":186,"column":18}},"43":{"start":{"line":186,"column":44},"end":{"line":186,"column":74}},"44":{"start":{"line":187,"column":4},"end":{"line":187,"column":15}},"45":{"start":{"line":191,"column":4},"end":{"line":191,"column":100}},"46":{"start":{"line":201,"column":19},"end":{"line":201,"column":37}},"47":{"start":{"line":203,"column":4},"end":{"line":212,"column":5}},"48":{"start":{"line":205,"column":8},"end":{"line":207,"column":9}},"49":{"start":{"line":206,"column":12},"end":{"line":206,"column":79}},"50":{"start":{"line":208,"column":8},"end":{"line":211,"column":11}},"51":{"start":{"line":214,"column":4},"end":{"line":214,"column":93}},"52":{"start":{"line":214,"column":15},"end":{"line":214,"column":93}},"53":{"start":{"line":215,"column":20},"end":{"line":220,"column":null}},"54":{"start":{"line":222,"column":4},"end":{"line":228,"column":6}},"55":{"start":{"line":246,"column":4},"end":{"line":246,"column":37}},"56":{"start":{"line":248,"column":19},"end":{"line":248,"column":30}},"57":{"start":{"line":249,"column":22},"end":{"line":249,"column":48}},"58":{"start":{"line":250,"column":23},"end":{"line":250,"column":67}},"59":{"start":{"line":251,"column":17},"end":{"line":251,"column":83}},"60":{"start":{"line":252,"column":15},"end":{"line":252,"column":57}},"61":{"start":{"line":254,"column":16},"end":{"line":254,"column":60}},"62":{"start":{"line":255,"column":22},"end":{"line":255,"column":72}},"63":{"start":{"line":256,"column":23},"end":{"line":259,"column":null}},"64":{"start":{"line":262,"column":4},"end":{"line":269,"column":6}},"65":{"start":{"line":282,"column":4},"end":{"line":284,"column":5}},"66":{"start":{"line":283,"column":8},"end":{"line":283,"column":59}},"67":{"start":{"line":285,"column":4},"end":{"line":287,"column":5}},"68":{"start":{"line":286,"column":8},"end":{"line":286,"column":82}},"69":{"start":{"line":288,"column":4},"end":{"line":290,"column":5}},"70":{"start":{"line":289,"column":8},"end":{"line":289,"column":86}},"71":{"start":{"line":292,"column":28},"end":{"line":292,"column":54}},"72":{"start":{"line":293,"column":4},"end":{"line":297,"column":5}},"73":{"start":{"line":294,"column":8},"end":{"line":296,"column":10}},"74":{"start":{"line":299,"column":17},"end":{"line":299,"column":72}},"75":{"start":{"line":300,"column":15},"end":{"line":300,"column":39}},"76":{"start":{"line":301,"column":23},"end":{"line":301,"column":55}},"77":{"start":{"line":302,"column":16},"end":{"line":302,"column":99}},"78":{"start":{"line":305,"column":4},"end":{"line":314,"column":5}},"79":{"start":{"line":306,"column":8},"end":{"line":310,"column":10}},"80":{"start":{"line":313,"column":8},"end":{"line":313,"column":38}},"81":{"start":{"line":317,"column":4},"end":{"line":321,"column":5}},"82":{"start":{"line":318,"column":8},"end":{"line":318,"column":91}},"83":{"start":{"line":320,"column":8},"end":{"line":320,"column":74}},"84":{"start":{"line":322,"column":4},"end":{"line":324,"column":5}},"85":{"start":{"line":323,"column":8},"end":{"line":323,"column":83}},"86":{"start":{"line":325,"column":4},"end":{"line":325,"column":20}},"87":{"start":{"line":332,"column":4},"end":{"line":332,"column":37}},"88":{"start":{"line":337,"column":4},"end":{"line":341,"column":5}},"89":{"start":{"line":338,"column":8},"end":{"line":338,"column":51}},"90":{"start":{"line":340,"column":8},"end":{"line":340,"column":63}},"91":{"start":{"line":352,"column":19},"end":{"line":352,"column":111}},"92":{"start":{"line":353,"column":4},"end":{"line":353,"column":91}},"93":{"start":{"line":368,"column":22},"end":{"line":368,"column":92}},"94":{"start":{"line":369,"column":15},"end":{"line":369,"column":66}},"95":{"start":{"line":370,"column":4},"end":{"line":370,"column":54}},"96":{"start":{"line":371,"column":4},"end":{"line":371,"column":29}},"97":{"start":{"line":385,"column":17},"end":{"line":385,"column":38}},"98":{"start":{"line":386,"column":4},"end":{"line":386,"column":71}},"99":{"start":{"line":386,"column":15},"end":{"line":386,"column":71}},"100":{"start":{"line":387,"column":4},"end":{"line":387,"column":58}},"101":{"start":{"line":400,"column":4},"end":{"line":400,"column":93}},"102":{"start":{"line":400,"column":32},"end":{"line":400,"column":93}},"103":{"start":{"line":401,"column":25},"end":{"line":401,"column":92}},"104":{"start":{"line":401,"column":54},"end":{"line":401,"column":91}},"105":{"start":{"line":402,"column":4},"end":{"line":402,"column":77}},"106":{"start":{"line":402,"column":22},"end":{"line":402,"column":77}},"107":{"start":{"line":404,"column":22},"end":{"line":404,"column":89}},"108":{"start":{"line":404,"column":58},"end":{"line":404,"column":80}},"109":{"start":{"line":405,"column":4},"end":{"line":408,"column":6}},"110":{"start":{"line":418,"column":12},"end":{"line":418,"column":46}},"111":{"start":{"line":421,"column":8},"end":{"line":421,"column":33}},"112":{"start":{"line":425,"column":8},"end":{"line":425,"column":63}},"113":{"start":{"line":429,"column":8},"end":{"line":429,"column":30}},"114":{"start":{"line":417,"column":0},"end":{"line":417,"column":13}}},"fnMap":{"0":{"name":"(anonymous_0)","decl":{"start":{"line":109,"column":4},"end":{"line":109,"column":16}},"loc":{"start":{"line":109,"column":31},"end":{"line":112,"column":5}}},"1":{"name":"(anonymous_1)","decl":{"start":{"line":120,"column":4},"end":{"line":120,"column":16}},"loc":{"start":{"line":120,"column":94},"end":{"line":123,"column":5}}},"2":{"name":"assertNoSecretMaterial","decl":{"start":{"line":147,"column":16},"end":{"line":147,"column":38}},"loc":{"start":{"line":147,"column":72},"end":{"line":162,"column":1}}},"3":{"name":"(anonymous_3)","decl":{"start":{"line":150,"column":22},"end":{"line":150,"column":23}},"loc":{"start":{"line":150,"column":35},"end":{"line":150,"column":80}}},"4":{"name":"(anonymous_4)","decl":{"start":{"line":155,"column":40},"end":{"line":155,"column":41}},"loc":{"start":{"line":155,"column":47},"end":{"line":155,"column":92}}},"5":{"name":"getCrypto","decl":{"start":{"line":166,"column":9},"end":{"line":166,"column":18}},"loc":{"start":{"line":166,"column":18},"end":{"line":175,"column":1}}},"6":{"name":"toBase64","decl":{"start":{"line":177,"column":9},"end":{"line":177,"column":17}},"loc":{"start":{"line":177,"column":35},"end":{"line":181,"column":1}}},"7":{"name":"fromBase64","decl":{"start":{"line":183,"column":9},"end":{"line":183,"column":19}},"loc":{"start":{"line":183,"column":31},"end":{"line":188,"column":1}}},"8":{"name":"toArrayBuffer","decl":{"start":{"line":190,"column":9},"end":{"line":190,"column":22}},"loc":{"start":{"line":190,"column":40},"end":{"line":192,"column":1}}},"9":{"name":"deriveAesKey","decl":{"start":{"line":196,"column":15},"end":{"line":196,"column":27}},"loc":{"start":{"line":199,"column":22},"end":{"line":229,"column":1}}},"10":{"name":"encryptBackup","decl":{"start":{"line":241,"column":22},"end":{"line":241,"column":35}},"loc":{"start":{"line":244,"column":38},"end":{"line":270,"column":1}}},"11":{"name":"decryptBackup","decl":{"start":{"line":278,"column":22},"end":{"line":278,"column":35}},"loc":{"start":{"line":280,"column":24},"end":{"line":326,"column":1}}},"12":{"name":"serializeBackup","decl":{"start":{"line":331,"column":16},"end":{"line":331,"column":31}},"loc":{"start":{"line":331,"column":58},"end":{"line":333,"column":1}}},"13":{"name":"deserializeBackup","decl":{"start":{"line":336,"column":16},"end":{"line":336,"column":33}},"loc":{"start":{"line":336,"column":46},"end":{"line":342,"column":1}}},"14":{"name":"deriveBackupId","decl":{"start":{"line":351,"column":22},"end":{"line":351,"column":36}},"loc":{"start":{"line":351,"column":52},"end":{"line":354,"column":1}}},"15":{"name":"createBackup","decl":{"start":{"line":362,"column":22},"end":{"line":362,"column":34}},"loc":{"start":{"line":366,"column":51},"end":{"line":372,"column":1}}},"16":{"name":"restoreBackup","decl":{"start":{"line":380,"column":22},"end":{"line":380,"column":35}},"loc":{"start":{"line":383,"column":33},"end":{"line":388,"column":1}}},"17":{"name":"bindNewSigner","decl":{"start":{"line":396,"column":16},"end":{"line":396,"column":29}},"loc":{"start":{"line":398,"column":33},"end":{"line":409,"column":1}}},"18":{"name":"(anonymous_18)","decl":{"start":{"line":401,"column":47},"end":{"line":401,"column":48}},"loc":{"start":{"line":401,"column":54},"end":{"line":401,"column":91}}},"19":{"name":"(anonymous_19)","decl":{"start":{"line":404,"column":46},"end":{"line":404,"column":47}},"loc":{"start":{"line":404,"column":58},"end":{"line":404,"column":80}}},"20":{"name":"(anonymous_20)","decl":{"start":{"line":417,"column":0},"end":{"line":417,"column":13}},"loc":{"start":{"line":417,"column":0},"end":{"line":431,"column":1}}},"21":{"name":"(anonymous_21)","decl":{"start":{"line":420,"column":4},"end":{"line":420,"column":9}},"loc":{"start":{"line":420,"column":38},"end":{"line":422,"column":5}}},"22":{"name":"(anonymous_22)","decl":{"start":{"line":424,"column":4},"end":{"line":424,"column":9}},"loc":{"start":{"line":424,"column":24},"end":{"line":426,"column":5}}},"23":{"name":"(anonymous_23)","decl":{"start":{"line":428,"column":4},"end":{"line":428,"column":9}},"loc":{"start":{"line":428,"column":27},"end":{"line":430,"column":5}}}},"branchMap":{"0":{"loc":{"start":{"line":120,"column":16},"end":{"line":120,"column":94}},"type":"default-arg","locations":[{"start":{"line":120,"column":26},"end":{"line":120,"column":94}}]},"1":{"loc":{"start":{"line":147,"column":55},"end":{"line":147,"column":72}},"type":"default-arg","locations":[{"start":{"line":147,"column":62},"end":{"line":147,"column":72}}]},"2":{"loc":{"start":{"line":148,"column":4},"end":{"line":148,"column":60}},"type":"if","locations":[{"start":{"line":148,"column":4},"end":{"line":148,"column":60}}]},"3":{"loc":{"start":{"line":148,"column":8},"end":{"line":148,"column":51}},"type":"binary-expr","locations":[{"start":{"line":148,"column":8},"end":{"line":148,"column":22}},{"start":{"line":148,"column":26},"end":{"line":148,"column":51}}]},"4":{"loc":{"start":{"line":149,"column":4},"end":{"line":152,"column":5}},"type":"if","locations":[{"start":{"line":149,"column":4},"end":{"line":152,"column":5}}]},"5":{"loc":{"start":{"line":155,"column":8},"end":{"line":159,"column":9}},"type":"if","locations":[{"start":{"line":155,"column":8},"end":{"line":159,"column":9}}]},"6":{"loc":{"start":{"line":168,"column":4},"end":{"line":173,"column":5}},"type":"if","locations":[{"start":{"line":168,"column":4},"end":{"line":173,"column":5}}]},"7":{"loc":{"start":{"line":168,"column":8},"end":{"line":168,"column":23}},"type":"binary-expr","locations":[{"start":{"line":168,"column":8},"end":{"line":168,"column":10}},{"start":{"line":168,"column":14},"end":{"line":168,"column":23}}]},"8":{"loc":{"start":{"line":203,"column":4},"end":{"line":212,"column":5}},"type":"if","locations":[{"start":{"line":203,"column":4},"end":{"line":212,"column":5}}]},"9":{"loc":{"start":{"line":205,"column":8},"end":{"line":207,"column":9}},"type":"if","locations":[{"start":{"line":205,"column":8},"end":{"line":207,"column":9}}]},"10":{"loc":{"start":{"line":214,"column":4},"end":{"line":214,"column":93}},"type":"if","locations":[{"start":{"line":214,"column":4},"end":{"line":214,"column":93}}]},"11":{"loc":{"start":{"line":244,"column":4},"end":{"line":244,"column":38}},"type":"default-arg","locations":[{"start":{"line":244,"column":36},"end":{"line":244,"column":38}}]},"12":{"loc":{"start":{"line":250,"column":23},"end":{"line":250,"column":67}},"type":"binary-expr","locations":[{"start":{"line":250,"column":23},"end":{"line":250,"column":38}},{"start":{"line":250,"column":42},"end":{"line":250,"column":67}}]},"13":{"loc":{"start":{"line":251,"column":17},"end":{"line":251,"column":83}},"type":"cond-expr","locations":[{"start":{"line":251,"column":29},"end":{"line":251,"column":71}},{"start":{"line":251,"column":74},"end":{"line":251,"column":83}}]},"14":{"loc":{"start":{"line":265,"column":13},"end":{"line":265,"column":42}},"type":"cond-expr","locations":[{"start":{"line":265,"column":25},"end":{"line":265,"column":33}},{"start":{"line":265,"column":36},"end":{"line":265,"column":42}}]},"15":{"loc":{"start":{"line":266,"column":12},"end":{"line":266,"column":60}},"type":"cond-expr","locations":[{"start":{"line":266,"column":19},"end":{"line":266,"column":55}},{"start":{"line":266,"column":58},"end":{"line":266,"column":60}}]},"16":{"loc":{"start":{"line":282,"column":4},"end":{"line":284,"column":5}},"type":"if","locations":[{"start":{"line":282,"column":4},"end":{"line":284,"column":5}}]},"17":{"loc":{"start":{"line":282,"column":8},"end":{"line":282,"column":51}},"type":"binary-expr","locations":[{"start":{"line":282,"column":8},"end":{"line":282,"column":18}},{"start":{"line":282,"column":22},"end":{"line":282,"column":51}}]},"18":{"loc":{"start":{"line":285,"column":4},"end":{"line":287,"column":5}},"type":"if","locations":[{"start":{"line":285,"column":4},"end":{"line":287,"column":5}}]},"19":{"loc":{"start":{"line":285,"column":8},"end":{"line":285,"column":78}},"type":"binary-expr","locations":[{"start":{"line":285,"column":8},"end":{"line":285,"column":31}},{"start":{"line":285,"column":35},"end":{"line":285,"column":78}}]},"20":{"loc":{"start":{"line":288,"column":4},"end":{"line":290,"column":5}},"type":"if","locations":[{"start":{"line":288,"column":4},"end":{"line":290,"column":5}}]},"21":{"loc":{"start":{"line":293,"column":4},"end":{"line":297,"column":5}},"type":"if","locations":[{"start":{"line":293,"column":4},"end":{"line":297,"column":5}}]},"22":{"loc":{"start":{"line":299,"column":17},"end":{"line":299,"column":72}},"type":"cond-expr","locations":[{"start":{"line":299,"column":34},"end":{"line":299,"column":60}},{"start":{"line":299,"column":63},"end":{"line":299,"column":72}}]},"23":{"loc":{"start":{"line":302,"column":49},"end":{"line":302,"column":98}},"type":"binary-expr","locations":[{"start":{"line":302,"column":49},"end":{"line":302,"column":69}},{"start":{"line":302,"column":73},"end":{"line":302,"column":98}}]},"24":{"loc":{"start":{"line":322,"column":4},"end":{"line":324,"column":5}},"type":"if","locations":[{"start":{"line":322,"column":4},"end":{"line":324,"column":5}}]},"25":{"loc":{"start":{"line":322,"column":8},"end":{"line":322,"column":93}},"type":"binary-expr","locations":[{"start":{"line":322,"column":8},"end":{"line":322,"column":17}},{"start":{"line":322,"column":21},"end":{"line":322,"column":57}},{"start":{"line":322,"column":61},"end":{"line":322,"column":93}}]},"26":{"loc":{"start":{"line":366,"column":4},"end":{"line":366,"column":51}},"type":"default-arg","locations":[{"start":{"line":366,"column":49},"end":{"line":366,"column":51}}]},"27":{"loc":{"start":{"line":369,"column":15},"end":{"line":369,"column":66}},"type":"binary-expr","locations":[{"start":{"line":369,"column":15},"end":{"line":369,"column":22}},{"start":{"line":369,"column":27},"end":{"line":369,"column":65}}]},"28":{"loc":{"start":{"line":386,"column":4},"end":{"line":386,"column":71}},"type":"if","locations":[{"start":{"line":386,"column":4},"end":{"line":386,"column":71}}]},"29":{"loc":{"start":{"line":400,"column":4},"end":{"line":400,"column":93}},"type":"if","locations":[{"start":{"line":400,"column":4},"end":{"line":400,"column":93}}]},"30":{"loc":{"start":{"line":402,"column":4},"end":{"line":402,"column":77}},"type":"if","locations":[{"start":{"line":402,"column":4},"end":{"line":402,"column":77}}]},"31":{"loc":{"start":{"line":425,"column":15},"end":{"line":425,"column":62}},"type":"cond-expr","locations":[{"start":{"line":425,"column":36},"end":{"line":425,"column":55}},{"start":{"line":425,"column":58},"end":{"line":425,"column":62}}]}},"s":{"0":2,"1":2,"2":2,"3":2,"4":2,"5":2,"6":2,"7":2,"8":2,"9":2,"10":2,"11":14,"12":14,"13":2,"14":3,"15":3,"16":2,"17":2,"18":289,"19":204,"20":85,"21":21,"22":21,"23":21,"24":64,"25":252,"26":252,"27":1495,"28":5,"29":247,"30":49,"31":49,"32":0,"33":49,"34":44,"35":44,"36":44,"37":6184,"38":44,"39":23,"40":23,"41":23,"42":23,"43":3472,"44":23,"45":89,"46":23,"47":23,"48":3,"49":1,"50":2,"51":20,"52":0,"53":20,"54":20,"55":16,"56":15,"57":15,"58":15,"59":15,"60":15,"61":15,"62":14,"63":14,"64":14,"65":11,"66":0,"67":11,"68":2,"69":9,"70":0,"71":9,"72":9,"73":1,"74":8,"75":8,"76":8,"77":8,"78":8,"79":8,"80":3,"81":5,"82":5,"83":0,"84":5,"85":0,"86":5,"87":3,"88":3,"89":3,"90":1,"91":3,"92":3,"93":2,"94":2,"95":2,"96":2,"97":3,"98":3,"99":1,"100":2,"101":3,"102":0,"103":3,"104":3,"105":3,"106":1,"107":2,"108":2,"109":2,"110":3,"111":2,"112":4,"113":0,"114":2},"f":{"0":14,"1":3,"2":289,"3":21,"4":1495,"5":49,"6":44,"7":23,"8":89,"9":23,"10":16,"11":11,"12":3,"13":3,"14":3,"15":2,"16":3,"17":3,"18":3,"19":2,"20":3,"21":2,"22":4,"23":0},"b":{"0":[3],"1":[21],"2":[204],"3":[289,289],"4":[21],"5":[5],"6":[0],"7":[49,49],"8":[3],"9":[1],"10":[0],"11":[13],"12":[15,14],"13":[13,2],"14":[13,1],"15":[13,1],"16":[0],"17":[11,11],"18":[2],"19":[11,10],"20":[0],"21":[1],"22":[7,1],"23":[8,1],"24":[0],"25":[5,5,5],"26":[2],"27":[2,2],"28":[1],"29":[0],"30":[1],"31":[3,1]}}
,"/home/daytona/codebase/sdk/src/bulkPayout.ts": {"path":"/home/daytona/codebase/sdk/src/bulkPayout.ts","statementMap":{"0":{"start":{"line":35,"column":0},"end":{"line":35,"column":16}},"1":{"start":{"line":87,"column":0},"end":{"line":87,"column":16}},"2":{"start":{"line":95,"column":0},"end":{"line":95,"column":16}},"3":{"start":{"line":111,"column":0},"end":{"line":111,"column":16}},"4":{"start":{"line":115,"column":0},"end":{"line":115,"column":16}},"5":{"start":{"line":125,"column":0},"end":{"line":125,"column":16}},"6":{"start":{"line":129,"column":0},"end":{"line":129,"column":7}},"7":{"start":{"line":1,"column":0},"end":{"line":1,"column":46}},"8":{"start":{"line":36,"column":18},"end":{"line":36,"column":40}},"9":{"start":{"line":37,"column":30},"end":{"line":37,"column":32}},"10":{"start":{"line":38,"column":38},"end":{"line":38,"column":40}},"11":{"start":{"line":40,"column":4},"end":{"line":40,"column":52}},"12":{"start":{"line":40,"column":28},"end":{"line":40,"column":52}},"13":{"start":{"line":42,"column":19},"end":{"line":42,"column":71}},"14":{"start":{"line":42,"column":48},"end":{"line":42,"column":70}},"15":{"start":{"line":43,"column":25},"end":{"line":43,"column":52}},"16":{"start":{"line":44,"column":22},"end":{"line":44,"column":46}},"17":{"start":{"line":45,"column":21},"end":{"line":45,"column":44}},"18":{"start":{"line":47,"column":4},"end":{"line":50,"column":5}},"19":{"start":{"line":48,"column":8},"end":{"line":48,"column":110}},"20":{"start":{"line":49,"column":8},"end":{"line":49,"column":32}},"21":{"start":{"line":52,"column":4},"end":{"line":82,"column":5}},"22":{"start":{"line":52,"column":17},"end":{"line":52,"column":18}},"23":{"start":{"line":53,"column":21},"end":{"line":53,"column":36}},"24":{"start":{"line":54,"column":8},"end":{"line":54,"column":28}},"25":{"start":{"line":54,"column":19},"end":{"line":54,"column":28}},"26":{"start":{"line":56,"column":21},"end":{"line":56,"column":55}},"27":{"start":{"line":56,"column":46},"end":{"line":56,"column":54}},"28":{"start":{"line":57,"column":26},"end":{"line":57,"column":50}},"29":{"start":{"line":58,"column":23},"end":{"line":58,"column":44}},"30":{"start":{"line":59,"column":22},"end":{"line":59,"column":42}},"31":{"start":{"line":60,"column":25},"end":{"line":60,"column":26}},"32":{"start":{"line":61,"column":26},"end":{"line":61,"column":31}},"33":{"start":{"line":63,"column":8},"end":{"line":66,"column":9}},"34":{"start":{"line":64,"column":12},"end":{"line":64,"column":111}},"35":{"start":{"line":65,"column":12},"end":{"line":65,"column":31}},"36":{"start":{"line":68,"column":26},"end":{"line":68,"column":44}},"37":{"start":{"line":69,"column":8},"end":{"line":72,"column":9}},"38":{"start":{"line":70,"column":12},"end":{"line":70,"column":96}},"39":{"start":{"line":71,"column":12},"end":{"line":71,"column":31}},"40":{"start":{"line":74,"column":8},"end":{"line":77,"column":9}},"41":{"start":{"line":75,"column":12},"end":{"line":75,"column":91}},"42":{"start":{"line":76,"column":12},"end":{"line":76,"column":31}},"43":{"start":{"line":79,"column":8},"end":{"line":81,"column":9}},"44":{"start":{"line":80,"column":12},"end":{"line":80,"column":52}},"45":{"start":{"line":84,"column":4},"end":{"line":84,"column":28}},"46":{"start":{"line":88,"column":35},"end":{"line":88,"column":37}},"47":{"start":{"line":89,"column":4},"end":{"line":91,"column":5}},"48":{"start":{"line":89,"column":17},"end":{"line":89,"column":18}},"49":{"start":{"line":90,"column":8},"end":{"line":90,"column":51}},"50":{"start":{"line":92,"column":4},"end":{"line":92,"column":19}},"51":{"start":{"line":97,"column":8},"end":{"line":99,"column":37}},"52":{"start":{"line":100,"column":4},"end":{"line":106,"column":6}},"53":{"start":{"line":109,"column":17},"end":{"line":109,"column":67}},"54":{"start":{"line":109,"column":38},"end":{"line":109,"column":67}},"55":{"start":{"line":112,"column":4},"end":{"line":112,"column":73}},"56":{"start":{"line":116,"column":17},"end":{"line":116,"column":56}},"57":{"start":{"line":117,"column":4},"end":{"line":117,"column":27}},"58":{"start":{"line":117,"column":15},"end":{"line":117,"column":27}},"59":{"start":{"line":118,"column":4},"end":{"line":122,"column":5}},"60":{"start":{"line":119,"column":8},"end":{"line":119,"column":46}},"61":{"start":{"line":121,"column":8},"end":{"line":121,"column":20}},"62":{"start":{"line":126,"column":4},"end":{"line":126,"column":47}},"63":{"start":{"line":139,"column":25},"end":{"line":139,"column":53}},"64":{"start":{"line":140,"column":33},"end":{"line":140,"column":35}},"65":{"start":{"line":141,"column":32},"end":{"line":141,"column":118}},"66":{"start":{"line":143,"column":20},"end":{"line":143,"column":50}},"67":{"start":{"line":144,"column":4},"end":{"line":174,"column":5}},"68":{"start":{"line":144,"column":24},"end":{"line":144,"column":25}},"69":{"start":{"line":145,"column":22},"end":{"line":145,"column":39}},"70":{"start":{"line":146,"column":27},"end":{"line":146,"column":47}},"71":{"start":{"line":147,"column":39},"end":{"line":147,"column":41}},"72":{"start":{"line":148,"column":39},"end":{"line":148,"column":41}},"73":{"start":{"line":150,"column":8},"end":{"line":156,"column":9}},"74":{"start":{"line":150,"column":21},"end":{"line":150,"column":22}},"75":{"start":{"line":151,"column":30},"end":{"line":151,"column":44}},"76":{"start":{"line":152,"column":12},"end":{"line":155,"column":13}},"77":{"start":{"line":153,"column":16},"end":{"line":153,"column":41}},"78":{"start":{"line":154,"column":16},"end":{"line":154,"column":45}},"79":{"start":{"line":158,"column":8},"end":{"line":158,"column":45}},"80":{"start":{"line":158,"column":36},"end":{"line":158,"column":45}},"81":{"start":{"line":160,"column":8},"end":{"line":173,"column":9}},"82":{"start":{"line":161,"column":27},"end":{"line":161,"column":69}},"83":{"start":{"line":162,"column":12},"end":{"line":166,"column":13}},"84":{"start":{"line":163,"column":16},"end":{"line":163,"column":38}},"85":{"start":{"line":164,"column":16},"end":{"line":164,"column":48}},"86":{"start":{"line":165,"column":16},"end":{"line":165,"column":54}},"87":{"start":{"line":167,"column":12},"end":{"line":167,"column":36}},"88":{"start":{"line":168,"column":12},"end":{"line":168,"column":34}},"89":{"start":{"line":170,"column":12},"end":{"line":172,"column":13}},"90":{"start":{"line":171,"column":16},"end":{"line":171,"column":37}},"91":{"start":{"line":176,"column":4},"end":{"line":181,"column":6}}},"fnMap":{"0":{"name":"parseCSV","decl":{"start":{"line":35,"column":16},"end":{"line":35,"column":24}},"loc":{"start":{"line":35,"column":40},"end":{"line":85,"column":1}}},"1":{"name":"(anonymous_1)","decl":{"start":{"line":42,"column":43},"end":{"line":42,"column":44}},"loc":{"start":{"line":42,"column":48},"end":{"line":42,"column":70}}},"2":{"name":"(anonymous_2)","decl":{"start":{"line":56,"column":41},"end":{"line":56,"column":42}},"loc":{"start":{"line":56,"column":46},"end":{"line":56,"column":54}}},"3":{"name":"createBatches","decl":{"start":{"line":87,"column":16},"end":{"line":87,"column":29}},"loc":{"start":{"line":87,"column":64},"end":{"line":93,"column":1}}},"4":{"name":"initBatchState","decl":{"start":{"line":95,"column":16},"end":{"line":95,"column":30}},"loc":{"start":{"line":95,"column":48},"end":{"line":107,"column":1}}},"5":{"name":"(anonymous_5)","decl":{"start":{"line":109,"column":17},"end":{"line":109,"column":18}},"loc":{"start":{"line":109,"column":38},"end":{"line":109,"column":67}}},"6":{"name":"saveBatchState","decl":{"start":{"line":111,"column":16},"end":{"line":111,"column":30}},"loc":{"start":{"line":111,"column":48},"end":{"line":113,"column":1}}},"7":{"name":"loadBatchState","decl":{"start":{"line":115,"column":16},"end":{"line":115,"column":30}},"loc":{"start":{"line":115,"column":46},"end":{"line":123,"column":1}}},"8":{"name":"clearBatchState","decl":{"start":{"line":125,"column":16},"end":{"line":125,"column":31}},"loc":{"start":{"line":125,"column":47},"end":{"line":127,"column":1}}},"9":{"name":"executePayout","decl":{"start":{"line":129,"column":22},"end":{"line":129,"column":35}},"loc":{"start":{"line":137,"column":19},"end":{"line":182,"column":1}}}},"branchMap":{"0":{"loc":{"start":{"line":40,"column":4},"end":{"line":40,"column":52}},"type":"if","locations":[{"start":{"line":40,"column":4},"end":{"line":40,"column":52}}]},"1":{"loc":{"start":{"line":47,"column":4},"end":{"line":50,"column":5}},"type":"if","locations":[{"start":{"line":47,"column":4},"end":{"line":50,"column":5}}]},"2":{"loc":{"start":{"line":47,"column":8},"end":{"line":47,"column":66}},"type":"binary-expr","locations":[{"start":{"line":47,"column":8},"end":{"line":47,"column":27}},{"start":{"line":47,"column":31},"end":{"line":47,"column":47}},{"start":{"line":47,"column":51},"end":{"line":47,"column":66}}]},"3":{"loc":{"start":{"line":54,"column":8},"end":{"line":54,"column":28}},"type":"if","locations":[{"start":{"line":54,"column":8},"end":{"line":54,"column":28}}]},"4":{"loc":{"start":{"line":57,"column":26},"end":{"line":57,"column":50}},"type":"binary-expr","locations":[{"start":{"line":57,"column":26},"end":{"line":57,"column":44}},{"start":{"line":57,"column":48},"end":{"line":57,"column":50}}]},"5":{"loc":{"start":{"line":58,"column":23},"end":{"line":58,"column":44}},"type":"binary-expr","locations":[{"start":{"line":58,"column":23},"end":{"line":58,"column":38}},{"start":{"line":58,"column":42},"end":{"line":58,"column":44}}]},"6":{"loc":{"start":{"line":59,"column":22},"end":{"line":59,"column":42}},"type":"binary-expr","locations":[{"start":{"line":59,"column":22},"end":{"line":59,"column":36}},{"start":{"line":59,"column":40},"end":{"line":59,"column":42}}]},"7":{"loc":{"start":{"line":63,"column":8},"end":{"line":66,"column":9}},"type":"if","locations":[{"start":{"line":63,"column":8},"end":{"line":66,"column":9}}]},"8":{"loc":{"start":{"line":69,"column":8},"end":{"line":72,"column":9}},"type":"if","locations":[{"start":{"line":69,"column":8},"end":{"line":72,"column":9}}]},"9":{"loc":{"start":{"line":69,"column":12},"end":{"line":69,"column":46}},"type":"binary-expr","locations":[{"start":{"line":69,"column":12},"end":{"line":69,"column":28}},{"start":{"line":69,"column":32},"end":{"line":69,"column":46}}]},"10":{"loc":{"start":{"line":74,"column":8},"end":{"line":77,"column":9}},"type":"if","locations":[{"start":{"line":74,"column":8},"end":{"line":77,"column":9}}]},"11":{"loc":{"start":{"line":79,"column":8},"end":{"line":81,"column":9}},"type":"if","locations":[{"start":{"line":79,"column":8},"end":{"line":81,"column":9}}]},"12":{"loc":{"start":{"line":87,"column":49},"end":{"line":87,"column":64}},"type":"default-arg","locations":[{"start":{"line":87,"column":61},"end":{"line":87,"column":64}}]},"13":{"loc":{"start":{"line":97,"column":8},"end":{"line":99,"column":37}},"type":"cond-expr","locations":[{"start":{"line":98,"column":15},"end":{"line":98,"column":67}},{"start":{"line":99,"column":14},"end":{"line":99,"column":37}}]},"14":{"loc":{"start":{"line":97,"column":8},"end":{"line":97,"column":115}},"type":"binary-expr","locations":[{"start":{"line":97,"column":8},"end":{"line":97,"column":37}},{"start":{"line":97,"column":41},"end":{"line":97,"column":115}}]},"15":{"loc":{"start":{"line":117,"column":4},"end":{"line":117,"column":27}},"type":"if","locations":[{"start":{"line":117,"column":4},"end":{"line":117,"column":27}}]},"16":{"loc":{"start":{"line":137,"column":4},"end":{"line":137,"column":19}},"type":"default-arg","locations":[{"start":{"line":137,"column":16},"end":{"line":137,"column":19}}]},"17":{"loc":{"start":{"line":152,"column":12},"end":{"line":155,"column":13}},"type":"if","locations":[{"start":{"line":152,"column":12},"end":{"line":155,"column":13}}]},"18":{"loc":{"start":{"line":158,"column":8},"end":{"line":158,"column":45}},"type":"if","locations":[{"start":{"line":158,"column":8},"end":{"line":158,"column":45}}]}},"s":{"0":2,"1":2,"2":2,"3":2,"4":2,"5":2,"6":2,"7":2,"8":9,"9":9,"10":9,"11":9,"12":0,"13":9,"14":27,"15":9,"16":9,"17":9,"18":9,"19":1,"20":1,"21":8,"22":8,"23":12,"24":12,"25":3,"26":9,"27":27,"28":9,"29":9,"30":9,"31":9,"32":9,"33":9,"34":1,"35":1,"36":9,"37":9,"38":3,"39":3,"40":9,"41":1,"42":1,"43":9,"44":4,"45":8,"46":7,"47":7,"48":7,"49":12,"50":7,"51":6,"52":6,"53":2,"54":9,"55":5,"56":3,"57":3,"58":2,"59":1,"60":1,"61":0,"62":1,"63":5,"64":5,"65":5,"66":5,"67":5,"68":5,"69":5,"70":5,"71":5,"72":5,"73":5,"74":5,"75":19,"76":19,"77":13,"78":13,"79":5,"80":1,"81":4,"82":4,"83":3,"84":10,"85":10,"86":10,"87":3,"88":3,"89":1,"90":3,"91":5},"f":{"0":9,"1":27,"2":27,"3":7,"4":6,"5":9,"6":5,"7":3,"8":1,"9":5},"b":{"0":[0],"1":[1],"2":[9,8,8],"3":[3],"4":[9,0],"5":[9,0],"6":[9,0],"7":[1],"8":[3],"9":[9,8],"10":[1],"11":[4],"12":[1],"13":[6,0],"14":[6,6],"15":[2],"16":[5],"17":[13],"18":[1]}}
,"/home/daytona/codebase/sdk/src/claimableBalance.ts": {"path":"/home/daytona/codebase/sdk/src/claimableBalance.ts","statementMap":{"0":{"start":{"line":46,"column":0},"end":{"line":46,"column":16}},"1":{"start":{"line":59,"column":0},"end":{"line":59,"column":16}},"2":{"start":{"line":82,"column":0},"end":{"line":82,"column":7}},"3":{"start":{"line":126,"column":0},"end":{"line":126,"column":7}},"4":{"start":{"line":152,"column":0},"end":{"line":152,"column":7}},"5":{"start":{"line":1,"column":0},"end":{"line":1,"column":null}},"6":{"start":{"line":47,"column":4},"end":{"line":47,"column":53}},"7":{"start":{"line":64,"column":30},"end":{"line":64,"column":95}},"8":{"start":{"line":65,"column":27},"end":{"line":67,"column":null}},"9":{"start":{"line":69,"column":4},"end":{"line":69,"column":47}},"10":{"start":{"line":83,"column":93},"end":{"line":83,"column":100}},"11":{"start":{"line":84,"column":19},"end":{"line":84,"column":56}},"12":{"start":{"line":86,"column":20},"end":{"line":86,"column":71}},"13":{"start":{"line":87,"column":22},"end":{"line":87,"column":74}},"14":{"start":{"line":89,"column":22},"end":{"line":89,"column":98}},"15":{"start":{"line":91,"column":15},"end":{"line":103,"column":16}},"16":{"start":{"line":105,"column":4},"end":{"line":105,"column":27}},"17":{"start":{"line":107,"column":19},"end":{"line":107,"column":53}},"18":{"start":{"line":108,"column":23},"end":{"line":108,"column":79}},"19":{"start":{"line":109,"column":4},"end":{"line":111,"column":5}},"20":{"start":{"line":110,"column":8},"end":{"line":110,"column":92}},"21":{"start":{"line":113,"column":4},"end":{"line":117,"column":6}},"22":{"start":{"line":127,"column":51},"end":{"line":127,"column":58}},"23":{"start":{"line":128,"column":19},"end":{"line":128,"column":56}},"24":{"start":{"line":130,"column":20},"end":{"line":130,"column":73}},"25":{"start":{"line":132,"column":15},"end":{"line":138,"column":16}},"26":{"start":{"line":140,"column":4},"end":{"line":140,"column":29}},"27":{"start":{"line":142,"column":19},"end":{"line":142,"column":53}},"28":{"start":{"line":143,"column":4},"end":{"line":143,"column":35}},"29":{"start":{"line":153,"column":49},"end":{"line":153,"column":56}},"30":{"start":{"line":154,"column":19},"end":{"line":154,"column":56}},"31":{"start":{"line":156,"column":20},"end":{"line":156,"column":71}},"32":{"start":{"line":158,"column":15},"end":{"line":164,"column":16}},"33":{"start":{"line":166,"column":4},"end":{"line":166,"column":27}},"34":{"start":{"line":168,"column":19},"end":{"line":168,"column":53}},"35":{"start":{"line":169,"column":4},"end":{"line":169,"column":35}}},"fnMap":{"0":{"name":"buildClaimLink","decl":{"start":{"line":46,"column":16},"end":{"line":46,"column":30}},"loc":{"start":{"line":46,"column":48},"end":{"line":48,"column":1}}},"1":{"name":"buildEscrowClaimants","decl":{"start":{"line":59,"column":16},"end":{"line":59,"column":36}},"loc":{"start":{"line":62,"column":24},"end":{"line":70,"column":1}}},"2":{"name":"createEscrow","decl":{"start":{"line":82,"column":22},"end":{"line":82,"column":34}},"loc":{"start":{"line":82,"column":63},"end":{"line":118,"column":1}}},"3":{"name":"claimEscrow","decl":{"start":{"line":126,"column":22},"end":{"line":126,"column":33}},"loc":{"start":{"line":126,"column":55},"end":{"line":144,"column":1}}},"4":{"name":"reclaimEscrow","decl":{"start":{"line":152,"column":22},"end":{"line":152,"column":35}},"loc":{"start":{"line":152,"column":59},"end":{"line":170,"column":1}}}},"branchMap":{"0":{"loc":{"start":{"line":109,"column":4},"end":{"line":111,"column":5}},"type":"if","locations":[{"start":{"line":109,"column":4},"end":{"line":111,"column":5}}]}},"s":{"0":3,"1":3,"2":3,"3":3,"4":3,"5":3,"6":4,"7":8,"8":8,"9":8,"10":3,"11":3,"12":3,"13":3,"14":3,"15":3,"16":3,"17":3,"18":3,"19":3,"20":1,"21":2,"22":1,"23":1,"24":1,"25":1,"26":1,"27":1,"28":1,"29":2,"30":2,"31":2,"32":2,"33":2,"34":2,"35":1},"f":{"0":4,"1":8,"2":3,"3":1,"4":2},"b":{"0":[1]}}
,"/home/daytona/codebase/sdk/src/counterfactual.ts": {"path":"/home/daytona/codebase/sdk/src/counterfactual.ts","statementMap":{"0":{"start":{"line":38,"column":0},"end":{"line":38,"column":16}},"1":{"start":{"line":1,"column":0},"end":{"line":1,"column":47}},"2":{"start":{"line":42,"column":20},"end":{"line":45,"column":null}},"3":{"start":{"line":48,"column":16},"end":{"line":50,"column":17}},"4":{"start":{"line":49,"column":18},"end":{"line":49,"column":49}},"5":{"start":{"line":52,"column":4},"end":{"line":56,"column":6}}},"fnMap":{"0":{"name":"deriveCounterfactualAddress","decl":{"start":{"line":38,"column":16},"end":{"line":38,"column":43}},"loc":{"start":{"line":40,"column":32},"end":{"line":57,"column":1}}},"1":{"name":"(anonymous_1)","decl":{"start":{"line":49,"column":13},"end":{"line":49,"column":14}},"loc":{"start":{"line":49,"column":18},"end":{"line":49,"column":49}}}},"branchMap":{},"s":{"0":6,"1":6,"2":8,"3":8,"4":520,"5":8},"f":{"0":8,"1":520},"b":{}}
,"/home/daytona/codebase/sdk/src/events.ts": {"path":"/home/daytona/codebase/sdk/src/events.ts","statementMap":{"0":{"start":{"line":52,"column":0},"end":{"line":52,"column":16}},"1":{"start":{"line":99,"column":0},"end":{"line":99,"column":16}},"2":{"start":{"line":1,"column":0},"end":{"line":1,"column":46}},"3":{"start":{"line":53,"column":2},"end":{"line":63,"column":3}},"4":{"start":{"line":54,"column":4},"end":{"line":62,"column":null}},"5":{"start":{"line":65,"column":2},"end":{"line":79,"column":3}},"6":{"start":{"line":66,"column":21},"end":{"line":66,"column":96}},"7":{"start":{"line":67,"column":21},"end":{"line":67,"column":79}},"8":{"start":{"line":68,"column":4},"end":{"line":78,"column":null}},"9":{"start":{"line":81,"column":2},"end":{"line":94,"column":3}},"10":{"start":{"line":82,"column":19},"end":{"line":82,"column":40}},"11":{"start":{"line":83,"column":18},"end":{"line":83,"column":76}},"12":{"start":{"line":84,"column":4},"end":{"line":93,"column":null}},"13":{"start":{"line":96,"column":2},"end":{"line":96,"column":null}},"14":{"start":{"line":100,"column":54},"end":{"line":100,"column":60}},"15":{"start":{"line":102,"column":16},"end":{"line":102,"column":21}},"16":{"start":{"line":103,"column":40},"end":{"line":103,"column":44}},"17":{"start":{"line":104,"column":19},"end":{"line":104,"column":24}},"18":{"start":{"line":105,"column":61},"end":{"line":105,"column":65}},"19":{"start":{"line":106,"column":23},"end":{"line":106,"column":28}},"20":{"start":{"line":107,"column":30},"end":{"line":107,"column":36}},"21":{"start":{"line":109,"column":17},"end":{"line":109,"column":47}},"22":{"start":{"line":112,"column":4},"end":{"line":112,"column":23}},"23":{"start":{"line":112,"column":17},"end":{"line":112,"column":23}},"24":{"start":{"line":114,"column":4},"end":{"line":132,"column":null}},"25":{"start":{"line":120,"column":10},"end":{"line":120,"column":null}},"26":{"start":{"line":121,"column":10},"end":{"line":121,"column":null}},"27":{"start":{"line":122,"column":24},"end":{"line":122,"column":74}},"28":{"start":{"line":123,"column":10},"end":{"line":123,"column":null}},"29":{"start":{"line":123,"column":21},"end":{"line":123,"column":null}},"30":{"start":{"line":126,"column":10},"end":{"line":126,"column":29}},"31":{"start":{"line":126,"column":23},"end":{"line":126,"column":29}},"32":{"start":{"line":127,"column":10},"end":{"line":127,"column":null}},"33":{"start":{"line":128,"column":10},"end":{"line":128,"column":null}},"34":{"start":{"line":129,"column":10},"end":{"line":129,"column":null}},"35":{"start":{"line":130,"column":10},"end":{"line":130,"column":null}},"36":{"start":{"line":136,"column":4},"end":{"line":136,"column":23}},"37":{"start":{"line":136,"column":17},"end":{"line":136,"column":23}},"38":{"start":{"line":137,"column":4},"end":{"line":140,"column":null}},"39":{"start":{"line":138,"column":6},"end":{"line":138,"column":null}},"40":{"start":{"line":139,"column":6},"end":{"line":139,"column":null}},"41":{"start":{"line":143,"column":2},"end":{"line":143,"column":null}},"42":{"start":{"line":145,"column":2},"end":{"line":151,"column":null}},"43":{"start":{"line":147,"column":6},"end":{"line":147,"column":null}},"44":{"start":{"line":148,"column":6},"end":{"line":148,"column":null}},"45":{"start":{"line":148,"column":26},"end":{"line":148,"column":null}},"46":{"start":{"line":149,"column":6},"end":{"line":149,"column":null}}},"fnMap":{"0":{"name":"mapHorizonOpToEvent","decl":{"start":{"line":52,"column":16},"end":{"line":52,"column":35}},"loc":{"start":{"line":52,"column":71},"end":{"line":97,"column":1}}},"1":{"name":"createActivityFeed","decl":{"start":{"line":99,"column":16},"end":{"line":99,"column":34}},"loc":{"start":{"line":99,"column":61},"end":{"line":152,"column":1}}},"2":{"name":"connect","decl":{"start":{"line":111,"column":11},"end":{"line":111,"column":18}},"loc":{"start":{"line":111,"column":18},"end":{"line":133,"column":3}}},"3":{"name":"(anonymous_3)","decl":{"start":{"line":119,"column":8},"end":{"line":119,"column":17}},"loc":{"start":{"line":119,"column":25},"end":{"line":124,"column":9}}},"4":{"name":"(anonymous_4)","decl":{"start":{"line":125,"column":8},"end":{"line":125,"column":15}},"loc":{"start":{"line":125,"column":15},"end":{"line":131,"column":9}}},"5":{"name":"scheduleReconnect","decl":{"start":{"line":135,"column":11},"end":{"line":135,"column":28}},"loc":{"start":{"line":135,"column":28},"end":{"line":141,"column":3}}},"6":{"name":"(anonymous_6)","decl":{"start":{"line":137,"column":32},"end":{"line":137,"column":35}},"loc":{"start":{"line":137,"column":37},"end":{"line":140,"column":5}}},"7":{"name":"(anonymous_7)","decl":{"start":{"line":146,"column":4},"end":{"line":146,"column":8}},"loc":{"start":{"line":146,"column":8},"end":{"line":150,"column":5}}}},"branchMap":{"0":{"loc":{"start":{"line":53,"column":2},"end":{"line":63,"column":3}},"type":"if","locations":[{"start":{"line":53,"column":2},"end":{"line":63,"column":3}}]},"1":{"loc":{"start":{"line":57,"column":14},"end":{"line":57,"column":40}},"type":"binary-expr","locations":[{"start":{"line":57,"column":14},"end":{"line":57,"column":33}},{"start":{"line":57,"column":37},"end":{"line":57,"column":40}}]},"2":{"loc":{"start":{"line":59,"column":20},"end":{"line":59,"column":44}},"type":"binary-expr","locations":[{"start":{"line":59,"column":20},"end":{"line":59,"column":29}},{"start":{"line":59,"column":33},"end":{"line":59,"column":44}}]},"3":{"loc":{"start":{"line":65,"column":2},"end":{"line":79,"column":3}},"type":"if","locations":[{"start":{"line":65,"column":2},"end":{"line":79,"column":3}}]},"4":{"loc":{"start":{"line":66,"column":21},"end":{"line":66,"column":96}},"type":"cond-expr","locations":[{"start":{"line":66,"column":57},"end":{"line":66,"column":62}},{"start":{"line":66,"column":66},"end":{"line":66,"column":95}}]},"5":{"loc":{"start":{"line":66,"column":66},"end":{"line":66,"column":95}},"type":"binary-expr","locations":[{"start":{"line":66,"column":66},"end":{"line":66,"column":86}},{"start":{"line":66,"column":90},"end":{"line":66,"column":95}}]},"6":{"loc":{"start":{"line":67,"column":21},"end":{"line":67,"column":79}},"type":"cond-expr","locations":[{"start":{"line":67,"column":50},"end":{"line":67,"column":55}},{"start":{"line":67,"column":59},"end":{"line":67,"column":78}}]},"7":{"loc":{"start":{"line":67,"column":59},"end":{"line":67,"column":78}},"type":"binary-expr","locations":[{"start":{"line":67,"column":59},"end":{"line":67,"column":72}},{"start":{"line":67,"column":76},"end":{"line":67,"column":78}}]},"8":{"loc":{"start":{"line":71,"column":14},"end":{"line":71,"column":37}},"type":"binary-expr","locations":[{"start":{"line":71,"column":14},"end":{"line":71,"column":30}},{"start":{"line":71,"column":34},"end":{"line":71,"column":37}}]},"9":{"loc":{"start":{"line":73,"column":18},"end":{"line":73,"column":34}},"type":"binary-expr","locations":[{"start":{"line":73,"column":18},"end":{"line":73,"column":27}},{"start":{"line":73,"column":31},"end":{"line":73,"column":34}}]},"10":{"loc":{"start":{"line":81,"column":2},"end":{"line":94,"column":3}},"type":"if","locations":[{"start":{"line":81,"column":2},"end":{"line":94,"column":3}}]},"11":{"loc":{"start":{"line":83,"column":18},"end":{"line":83,"column":76}},"type":"cond-expr","locations":[{"start":{"line":83,"column":47},"end":{"line":83,"column":52}},{"start":{"line":83,"column":56},"end":{"line":83,"column":75}}]},"12":{"loc":{"start":{"line":83,"column":56},"end":{"line":83,"column":75}},"type":"binary-expr","locations":[{"start":{"line":83,"column":56},"end":{"line":83,"column":69}},{"start":{"line":83,"column":73},"end":{"line":83,"column":75}}]},"13":{"loc":{"start":{"line":86,"column":12},"end":{"line":86,"column":56}},"type":"cond-expr","locations":[{"start":{"line":86,"column":21},"end":{"line":86,"column":35}},{"start":{"line":86,"column":38},"end":{"line":86,"column":56}}]},"14":{"loc":{"start":{"line":87,"column":14},"end":{"line":87,"column":30}},"type":"binary-expr","locations":[{"start":{"line":87,"column":14},"end":{"line":87,"column":23}},{"start":{"line":87,"column":27},"end":{"line":87,"column":30}}]},"15":{"loc":{"start":{"line":89,"column":20},"end":{"line":89,"column":60}},"type":"cond-expr","locations":[{"start":{"line":89,"column":30},"end":{"line":89,"column":41}},{"start":{"line":89,"column":46},"end":{"line":89,"column":59}}]},"16":{"loc":{"start":{"line":89,"column":30},"end":{"line":89,"column":41}},"type":"binary-expr","locations":[{"start":{"line":89,"column":30},"end":{"line":89,"column":35}},{"start":{"line":89,"column":39},"end":{"line":89,"column":41}}]},"17":{"loc":{"start":{"line":89,"column":46},"end":{"line":89,"column":59}},"type":"binary-expr","locations":[{"start":{"line":89,"column":46},"end":{"line":89,"column":53}},{"start":{"line":89,"column":57},"end":{"line":89,"column":59}}]},"18":{"loc":{"start":{"line":112,"column":4},"end":{"line":112,"column":23}},"type":"if","locations":[{"start":{"line":112,"column":4},"end":{"line":112,"column":23}}]},"19":{"loc":{"start":{"line":123,"column":10},"end":{"line":123,"column":null}},"type":"if","locations":[{"start":{"line":123,"column":10},"end":{"line":123,"column":null}}]},"20":{"loc":{"start":{"line":126,"column":10},"end":{"line":126,"column":29}},"type":"if","locations":[{"start":{"line":126,"column":10},"end":{"line":126,"column":29}}]},"21":{"loc":{"start":{"line":136,"column":4},"end":{"line":136,"column":23}},"type":"if","locations":[{"start":{"line":136,"column":4},"end":{"line":136,"column":23}}]},"22":{"loc":{"start":{"line":148,"column":6},"end":{"line":148,"column":null}},"type":"if","locations":[{"start":{"line":148,"column":6},"end":{"line":148,"column":null}}]}},"s":{"0":1,"1":1,"2":1,"3":15,"4":2,"5":13,"6":1,"7":1,"8":1,"9":12,"10":8,"11":8,"12":8,"13":4,"14":8,"15":8,"16":8,"17":8,"18":8,"19":8,"20":8,"21":8,"22":21,"23":0,"24":21,"25":4,"26":4,"27":4,"28":4,"29":3,"30":14,"31":0,"32":14,"33":14,"34":14,"35":14,"36":14,"37":0,"38":14,"39":13,"40":13,"41":8,"42":8,"43":5,"44":5,"45":2,"46":5},"f":{"0":15,"1":8,"2":21,"3":4,"4":14,"5":14,"6":13,"7":5},"b":{"0":[2],"1":[2,0],"2":[2,1],"3":[1],"4":[1,0],"5":[0,0],"6":[0,1],"7":[1,0],"8":[1,0],"9":[1,0],"10":[8],"11":[7,1],"12":[1,0],"13":[2,6],"14":[8,0],"15":[2,6],"16":[2,0],"17":[6,0],"18":[0],"19":[3],"20":[0],"21":[0],"22":[2]}}
,"/home/daytona/codebase/sdk/src/index.ts": {"path":"/home/daytona/codebase/sdk/src/index.ts","statementMap":{"0":{"start":{"line":1,"column":0},"end":{"line":1,"column":37}},"1":{"start":{"line":2,"column":0},"end":{"line":2,"column":24}},"2":{"start":{"line":3,"column":0},"end":{"line":3,"column":25}},"3":{"start":{"line":4,"column":0},"end":{"line":4,"column":null}},"4":{"start":{"line":5,"column":4},"end":{"line":5,"column":null}},"5":{"start":{"line":6,"column":4},"end":{"line":6,"column":null}},"6":{"start":{"line":7,"column":4},"end":{"line":7,"column":null}},"7":{"start":{"line":8,"column":4},"end":{"line":8,"column":null}},"8":{"start":{"line":9,"column":4},"end":{"line":9,"column":null}},"9":{"start":{"line":10,"column":4},"end":{"line":10,"column":null}},"10":{"start":{"line":11,"column":4},"end":{"line":11,"column":null}},"11":{"start":{"line":12,"column":4},"end":{"line":12,"column":null}},"12":{"start":{"line":13,"column":4},"end":{"line":13,"column":null}},"13":{"start":{"line":14,"column":4},"end":{"line":14,"column":null}},"14":{"start":{"line":15,"column":4},"end":{"line":15,"column":null}},"15":{"start":{"line":16,"column":4},"end":{"line":16,"column":null}},"16":{"start":{"line":25,"column":0},"end":{"line":25,"column":null}},"17":{"start":{"line":26,"column":4},"end":{"line":26,"column":null}},"18":{"start":{"line":27,"column":4},"end":{"line":27,"column":null}},"19":{"start":{"line":28,"column":4},"end":{"line":28,"column":null}},"20":{"start":{"line":29,"column":4},"end":{"line":29,"column":null}},"21":{"start":{"line":30,"column":4},"end":{"line":30,"column":null}},"22":{"start":{"line":37,"column":0},"end":{"line":37,"column":39}},"23":{"start":{"line":38,"column":0},"end":{"line":38,"column":33}},"24":{"start":{"line":39,"column":0},"end":{"line":39,"column":29}},"25":{"start":{"line":40,"column":0},"end":{"line":40,"column":30}},"26":{"start":{"line":41,"column":0},"end":{"line":41,"column":29}},"27":{"start":{"line":42,"column":0},"end":{"line":42,"column":33}},"28":{"start":{"line":43,"column":0},"end":{"line":43,"column":35}}},"fnMap":{"0":{"name":"(anonymous_4)","decl":{"start":{"line":5,"column":4},"end":{"line":5,"column":17}},"loc":{"start":{"line":5,"column":4},"end":{"line":5,"column":null}}},"1":{"name":"(anonymous_5)","decl":{"start":{"line":6,"column":4},"end":{"line":6,"column":17}},"loc":{"start":{"line":6,"column":4},"end":{"line":6,"column":null}}},"2":{"name":"(anonymous_6)","decl":{"start":{"line":7,"column":4},"end":{"line":7,"column":19}},"loc":{"start":{"line":7,"column":4},"end":{"line":7,"column":null}}},"3":{"name":"(anonymous_7)","decl":{"start":{"line":8,"column":4},"end":{"line":8,"column":21}},"loc":{"start":{"line":8,"column":4},"end":{"line":8,"column":null}}},"4":{"name":"(anonymous_8)","decl":{"start":{"line":9,"column":4},"end":{"line":9,"column":16}},"loc":{"start":{"line":9,"column":4},"end":{"line":9,"column":null}}},"5":{"name":"(anonymous_9)","decl":{"start":{"line":10,"column":4},"end":{"line":10,"column":17}},"loc":{"start":{"line":10,"column":4},"end":{"line":10,"column":null}}},"6":{"name":"(anonymous_10)","decl":{"start":{"line":11,"column":4},"end":{"line":11,"column":17}},"loc":{"start":{"line":11,"column":4},"end":{"line":11,"column":null}}},"7":{"name":"(anonymous_11)","decl":{"start":{"line":12,"column":4},"end":{"line":12,"column":18}},"loc":{"start":{"line":12,"column":4},"end":{"line":12,"column":null}}},"8":{"name":"(anonymous_12)","decl":{"start":{"line":13,"column":4},"end":{"line":13,"column":26}},"loc":{"start":{"line":13,"column":4},"end":{"line":13,"column":null}}},"9":{"name":"(anonymous_13)","decl":{"start":{"line":14,"column":4},"end":{"line":14,"column":23}},"loc":{"start":{"line":14,"column":4},"end":{"line":14,"column":null}}},"10":{"name":"(anonymous_14)","decl":{"start":{"line":15,"column":4},"end":{"line":15,"column":15}},"loc":{"start":{"line":15,"column":4},"end":{"line":15,"column":null}}},"11":{"name":"(anonymous_15)","decl":{"start":{"line":16,"column":4},"end":{"line":16,"column":21}},"loc":{"start":{"line":16,"column":4},"end":{"line":16,"column":null}}},"12":{"name":"(anonymous_16)","decl":{"start":{"line":26,"column":4},"end":{"line":26,"column":22}},"loc":{"start":{"line":26,"column":4},"end":{"line":26,"column":null}}},"13":{"name":"(anonymous_17)","decl":{"start":{"line":27,"column":4},"end":{"line":27,"column":19}},"loc":{"start":{"line":27,"column":4},"end":{"line":27,"column":null}}},"14":{"name":"(anonymous_18)","decl":{"start":{"line":28,"column":4},"end":{"line":28,"column":20}},"loc":{"start":{"line":28,"column":4},"end":{"line":28,"column":null}}},"15":{"name":"(anonymous_19)","decl":{"start":{"line":29,"column":4},"end":{"line":29,"column":19}},"loc":{"start":{"line":29,"column":4},"end":{"line":29,"column":null}}},"16":{"name":"(anonymous_20)","decl":{"start":{"line":30,"column":4},"end":{"line":30,"column":13}},"loc":{"start":{"line":30,"column":4},"end":{"line":30,"column":null}}}},"branchMap":{},"s":{"0":1,"1":1,"2":1,"3":1,"4":2,"5":2,"6":2,"7":2,"8":2,"9":2,"10":2,"11":2,"12":2,"13":2,"14":2,"15":2,"16":1,"17":2,"18":2,"19":2,"20":2,"21":2,"22":1,"23":1,"24":1,"25":1,"26":1,"27":1,"28":1},"f":{"0":1,"1":1,"2":1,"3":1,"4":1,"5":1,"6":1,"7":1,"8":1,"9":1,"10":1,"11":1,"12":1,"13":1,"14":1,"15":1,"16":1},"b":{}}
,"/home/daytona/codebase/sdk/src/outbox.ts": {"path":"/home/daytona/codebase/sdk/src/outbox.ts","statementMap":{"0":{"start":{"line":28,"column":0},"end":{"line":28,"column":null}},"1":{"start":{"line":92,"column":28},"end":{"line":92,"column":53}},"2":{"start":{"line":93,"column":33},"end":{"line":93,"column":38}},"3":{"start":{"line":94,"column":34},"end":{"line":94,"column":36}},"4":{"start":{"line":100,"column":4},"end":{"line":100,"column":47}},"5":{"start":{"line":120,"column":8},"end":{"line":120,"column":27}},"6":{"start":{"line":121,"column":8},"end":{"line":121,"column":52}},"7":{"start":{"line":126,"column":20},"end":{"line":126,"column":56}},"8":{"start":{"line":127,"column":8},"end":{"line":127,"column":28}},"9":{"start":{"line":127,"column":18},"end":{"line":127,"column":28}},"10":{"start":{"line":128,"column":8},"end":{"line":134,"column":9}},"11":{"start":{"line":129,"column":27},"end":{"line":129,"column":42}},"12":{"start":{"line":130,"column":12},"end":{"line":130,"column":74}},"13":{"start":{"line":133,"column":12},"end":{"line":133,"column":22}},"14":{"start":{"line":139,"column":20},"end":{"line":139,"column":37}},"15":{"start":{"line":140,"column":8},"end":{"line":142,"column":80}},"16":{"start":{"line":141,"column":25},"end":{"line":141,"column":47}},"17":{"start":{"line":142,"column":29},"end":{"line":142,"column":77}},"18":{"start":{"line":146,"column":8},"end":{"line":146,"column":85}},"19":{"start":{"line":160,"column":24},"end":{"line":160,"column":41}},"20":{"start":{"line":161,"column":25},"end":{"line":161,"column":65}},"21":{"start":{"line":161,"column":43},"end":{"line":161,"column":64}},"22":{"start":{"line":162,"column":8},"end":{"line":162,"column":38}},"23":{"start":{"line":162,"column":22},"end":{"line":162,"column":38}},"24":{"start":{"line":164,"column":35},"end":{"line":172,"column":10}},"25":{"start":{"line":173,"column":8},"end":{"line":173,"column":28}},"26":{"start":{"line":174,"column":8},"end":{"line":174,"column":36}},"27":{"start":{"line":175,"column":8},"end":{"line":175,"column":21}},"28":{"start":{"line":180,"column":24},"end":{"line":180,"column":41}},"29":{"start":{"line":181,"column":21},"end":{"line":181,"column":57}},"30":{"start":{"line":181,"column":41},"end":{"line":181,"column":56}},"31":{"start":{"line":182,"column":8},"end":{"line":182,"column":69}},"32":{"start":{"line":182,"column":44},"end":{"line":182,"column":69}},"33":{"start":{"line":187,"column":8},"end":{"line":187,"column":31}},"34":{"start":{"line":205,"column":36},"end":{"line":205,"column":69}},"35":{"start":{"line":206,"column":31},"end":{"line":206,"column":79}},"36":{"start":{"line":207,"column":32},"end":{"line":207,"column":82}},"37":{"start":{"line":209,"column":37},"end":{"line":214,"column":10}},"38":{"start":{"line":216,"column":24},"end":{"line":216,"column":44}},"39":{"start":{"line":218,"column":25},"end":{"line":218,"column":42}},"40":{"start":{"line":220,"column":26},"end":{"line":220,"column":65}},"41":{"start":{"line":222,"column":8},"end":{"line":304,"column":9}},"42":{"start":{"line":224,"column":12},"end":{"line":241,"column":13}},"43":{"start":{"line":225,"column":30},"end":{"line":225,"column":69}},"44":{"start":{"line":226,"column":16},"end":{"line":230,"column":17}},"45":{"start":{"line":227,"column":20},"end":{"line":227,"column":84}},"46":{"start":{"line":228,"column":20},"end":{"line":228,"column":45}},"47":{"start":{"line":229,"column":20},"end":{"line":229,"column":29}},"48":{"start":{"line":231,"column":16},"end":{"line":235,"column":17}},"49":{"start":{"line":232,"column":20},"end":{"line":232,"column":71}},"50":{"start":{"line":233,"column":20},"end":{"line":233,"column":45}},"51":{"start":{"line":234,"column":20},"end":{"line":234,"column":29}},"52":{"start":{"line":239,"column":16},"end":{"line":239,"column":48}},"53":{"start":{"line":240,"column":16},"end":{"line":240,"column":25}},"54":{"start":{"line":244,"column":12},"end":{"line":244,"column":72}},"55":{"start":{"line":246,"column":12},"end":{"line":257,"column":13}},"56":{"start":{"line":247,"column":16},"end":{"line":247,"column":84}},"57":{"start":{"line":249,"column":16},"end":{"line":253,"column":19}},"58":{"start":{"line":254,"column":16},"end":{"line":254,"column":67}},"59":{"start":{"line":255,"column":16},"end":{"line":255,"column":41}},"60":{"start":{"line":256,"column":16},"end":{"line":256,"column":25}},"61":{"start":{"line":259,"column":12},"end":{"line":303,"column":13}},"62":{"start":{"line":260,"column":35},"end":{"line":260,"column":67}},"63":{"start":{"line":262,"column":16},"end":{"line":272,"column":17}},"64":{"start":{"line":263,"column":32},"end":{"line":263,"column":90}},"65":{"start":{"line":264,"column":20},"end":{"line":268,"column":23}},"66":{"start":{"line":269,"column":20},"end":{"line":269,"column":87}},"67":{"start":{"line":270,"column":20},"end":{"line":270,"column":45}},"68":{"start":{"line":271,"column":20},"end":{"line":271,"column":29}},"69":{"start":{"line":275,"column":16},"end":{"line":278,"column":17}},"70":{"start":{"line":276,"column":20},"end":{"line":276,"column":52}},"71":{"start":{"line":277,"column":20},"end":{"line":277,"column":29}},"72":{"start":{"line":280,"column":30},"end":{"line":280,"column":101}},"73":{"start":{"line":281,"column":16},"end":{"line":295,"column":17}},"74":{"start":{"line":282,"column":20},"end":{"line":282,"column":77}},"75":{"start":{"line":283,"column":20},"end":{"line":283,"column":45}},"76":{"start":{"line":284,"column":23},"end":{"line":295,"column":17}},"77":{"start":{"line":285,"column":20},"end":{"line":289,"column":23}},"78":{"start":{"line":290,"column":20},"end":{"line":290,"column":71}},"79":{"start":{"line":291,"column":20},"end":{"line":291,"column":45}},"80":{"start":{"line":294,"column":20},"end":{"line":294,"column":52}},"81":{"start":{"line":298,"column":16},"end":{"line":301,"column":19}},"82":{"start":{"line":302,"column":16},"end":{"line":302,"column":48}},"83":{"start":{"line":307,"column":20},"end":{"line":307,"column":37}},"84":{"start":{"line":308,"column":21},"end":{"line":313,"column":14}},"85":{"start":{"line":309,"column":25},"end":{"line":309,"column":46}},"86":{"start":{"line":311,"column":30},"end":{"line":311,"column":51}},"87":{"start":{"line":312,"column":16},"end":{"line":312,"column":54}},"88":{"start":{"line":314,"column":8},"end":{"line":314,"column":33}},"89":{"start":{"line":316,"column":8},"end":{"line":316,"column":22}},"90":{"start":{"line":326,"column":8},"end":{"line":331,"column":9}},"91":{"start":{"line":326,"column":21},"end":{"line":326,"column":22}},"92":{"start":{"line":327,"column":24},"end":{"line":327,"column":57}},"93":{"start":{"line":328,"column":12},"end":{"line":328,"column":93}},"94":{"start":{"line":328,"column":76},"end":{"line":328,"column":93}},"95":{"start":{"line":329,"column":12},"end":{"line":329,"column":91}},"96":{"start":{"line":329,"column":75},"end":{"line":329,"column":91}},"97":{"start":{"line":330,"column":12},"end":{"line":330,"column":62}},"98":{"start":{"line":330,"column":35},"end":{"line":330,"column":60}},"99":{"start":{"line":332,"column":8},"end":{"line":332,"column":25}},"100":{"start":{"line":115,"column":0},"end":{"line":115,"column":13}}},"fnMap":{"0":{"name":"readItem","decl":{"start":{"line":99,"column":15},"end":{"line":99,"column":23}},"loc":{"start":{"line":99,"column":58},"end":{"line":101,"column":1}}},"1":{"name":"(anonymous_1)","decl":{"start":{"line":119,"column":4},"end":{"line":119,"column":16}},"loc":{"start":{"line":119,"column":62},"end":{"line":122,"column":5}}},"2":{"name":"(anonymous_2)","decl":{"start":{"line":125,"column":4},"end":{"line":125,"column":9}},"loc":{"start":{"line":125,"column":14},"end":{"line":135,"column":5}}},"3":{"name":"(anonymous_3)","decl":{"start":{"line":138,"column":4},"end":{"line":138,"column":9}},"loc":{"start":{"line":138,"column":17},"end":{"line":143,"column":5}}},"4":{"name":"(anonymous_4)","decl":{"start":{"line":141,"column":20},"end":{"line":141,"column":21}},"loc":{"start":{"line":141,"column":25},"end":{"line":141,"column":47}}},"5":{"name":"(anonymous_5)","decl":{"start":{"line":142,"column":18},"end":{"line":142,"column":19}},"loc":{"start":{"line":142,"column":29},"end":{"line":142,"column":77}}},"6":{"name":"(anonymous_6)","decl":{"start":{"line":145,"column":12},"end":{"line":145,"column":17}},"loc":{"start":{"line":145,"column":48},"end":{"line":147,"column":5}}},"7":{"name":"(anonymous_7)","decl":{"start":{"line":154,"column":4},"end":{"line":154,"column":9}},"loc":{"start":{"line":159,"column":5},"end":{"line":176,"column":5}}},"8":{"name":"(anonymous_8)","decl":{"start":{"line":161,"column":38},"end":{"line":161,"column":39}},"loc":{"start":{"line":161,"column":43},"end":{"line":161,"column":64}}},"9":{"name":"(anonymous_9)","decl":{"start":{"line":179,"column":4},"end":{"line":179,"column":9}},"loc":{"start":{"line":179,"column":29},"end":{"line":183,"column":5}}},"10":{"name":"(anonymous_10)","decl":{"start":{"line":181,"column":36},"end":{"line":181,"column":37}},"loc":{"start":{"line":181,"column":41},"end":{"line":181,"column":56}}},"11":{"name":"(anonymous_11)","decl":{"start":{"line":186,"column":4},"end":{"line":186,"column":9}},"loc":{"start":{"line":186,"column":15},"end":{"line":188,"column":5}}},"12":{"name":"(anonymous_12)","decl":{"start":{"line":204,"column":4},"end":{"line":204,"column":9}},"loc":{"start":{"line":204,"column":64},"end":{"line":317,"column":5}}},"13":{"name":"(anonymous_13)","decl":{"start":{"line":309,"column":20},"end":{"line":309,"column":21}},"loc":{"start":{"line":309,"column":25},"end":{"line":309,"column":46}}},"14":{"name":"(anonymous_14)","decl":{"start":{"line":310,"column":17},"end":{"line":310,"column":18}},"loc":{"start":{"line":310,"column":21},"end":{"line":313,"column":13}}},"15":{"name":"(anonymous_15)","decl":{"start":{"line":320,"column":12},"end":{"line":320,"column":17}},"loc":{"start":{"line":324,"column":27},"end":{"line":333,"column":5}}},"16":{"name":"(anonymous_16)","decl":{"start":{"line":330,"column":30},"end":{"line":330,"column":31}},"loc":{"start":{"line":330,"column":35},"end":{"line":330,"column":60}}}},"branchMap":{"0":{"loc":{"start":{"line":121,"column":19},"end":{"line":121,"column":51}},"type":"binary-expr","locations":[{"start":{"line":121,"column":19},"end":{"line":121,"column":28}},{"start":{"line":121,"column":32},"end":{"line":121,"column":51}}]},"1":{"loc":{"start":{"line":127,"column":8},"end":{"line":127,"column":28}},"type":"if","locations":[{"start":{"line":127,"column":8},"end":{"line":127,"column":28}}]},"2":{"loc":{"start":{"line":130,"column":19},"end":{"line":130,"column":73}},"type":"cond-expr","locations":[{"start":{"line":130,"column":44},"end":{"line":130,"column":68}},{"start":{"line":130,"column":71},"end":{"line":130,"column":73}}]},"3":{"loc":{"start":{"line":142,"column":29},"end":{"line":142,"column":77}},"type":"cond-expr","locations":[{"start":{"line":142,"column":71},"end":{"line":142,"column":73}},{"start":{"line":142,"column":76},"end":{"line":142,"column":77}}]},"4":{"loc":{"start":{"line":162,"column":8},"end":{"line":162,"column":38}},"type":"if","locations":[{"start":{"line":162,"column":8},"end":{"line":162,"column":38}}]},"5":{"loc":{"start":{"line":182,"column":8},"end":{"line":182,"column":69}},"type":"if","locations":[{"start":{"line":182,"column":8},"end":{"line":182,"column":69}}]},"6":{"loc":{"start":{"line":205,"column":36},"end":{"line":205,"column":69}},"type":"binary-expr","locations":[{"start":{"line":205,"column":36},"end":{"line":205,"column":61}},{"start":{"line":205,"column":65},"end":{"line":205,"column":69}}]},"7":{"loc":{"start":{"line":206,"column":31},"end":{"line":206,"column":79}},"type":"binary-expr","locations":[{"start":{"line":206,"column":31},"end":{"line":206,"column":51}},{"start":{"line":206,"column":55},"end":{"line":206,"column":79}}]},"8":{"loc":{"start":{"line":207,"column":32},"end":{"line":207,"column":82}},"type":"binary-expr","locations":[{"start":{"line":207,"column":32},"end":{"line":207,"column":53}},{"start":{"line":207,"column":57},"end":{"line":207,"column":82}}]},"9":{"loc":{"start":{"line":226,"column":16},"end":{"line":230,"column":17}},"type":"if","locations":[{"start":{"line":226,"column":16},"end":{"line":230,"column":17}}]},"10":{"loc":{"start":{"line":231,"column":16},"end":{"line":235,"column":17}},"type":"if","locations":[{"start":{"line":231,"column":16},"end":{"line":235,"column":17}}]},"11":{"loc":{"start":{"line":252,"column":31},"end":{"line":252,"column":79}},"type":"cond-expr","locations":[{"start":{"line":252,"column":54},"end":{"line":252,"column":65}},{"start":{"line":252,"column":68},"end":{"line":252,"column":79}}]},"12":{"loc":{"start":{"line":262,"column":16},"end":{"line":272,"column":17}},"type":"if","locations":[{"start":{"line":262,"column":16},"end":{"line":272,"column":17}}]},"13":{"loc":{"start":{"line":263,"column":32},"end":{"line":263,"column":90}},"type":"binary-expr","locations":[{"start":{"line":263,"column":32},"end":{"line":263,"column":71}},{"start":{"line":263,"column":75},"end":{"line":263,"column":90}}]},"14":{"loc":{"start":{"line":275,"column":16},"end":{"line":278,"column":17}},"type":"if","locations":[{"start":{"line":275,"column":16},"end":{"line":278,"column":17}}]},"15":{"loc":{"start":{"line":281,"column":16},"end":{"line":295,"column":17}},"type":"if","locations":[{"start":{"line":281,"column":16},"end":{"line":295,"column":17}},{"start":{"line":284,"column":23},"end":{"line":295,"column":17}}]},"16":{"loc":{"start":{"line":284,"column":23},"end":{"line":295,"column":17}},"type":"if","locations":[{"start":{"line":284,"column":23},"end":{"line":295,"column":17}},{"start":{"line":292,"column":23},"end":{"line":295,"column":17}}]},"17":{"loc":{"start":{"line":300,"column":31},"end":{"line":300,"column":79}},"type":"cond-expr","locations":[{"start":{"line":300,"column":54},"end":{"line":300,"column":65}},{"start":{"line":300,"column":68},"end":{"line":300,"column":79}}]},"18":{"loc":{"start":{"line":312,"column":23},"end":{"line":312,"column":53}},"type":"cond-expr","locations":[{"start":{"line":312,"column":31},"end":{"line":312,"column":49}},{"start":{"line":312,"column":52},"end":{"line":312,"column":53}}]},"19":{"loc":{"start":{"line":328,"column":12},"end":{"line":328,"column":93}},"type":"if","locations":[{"start":{"line":328,"column":12},"end":{"line":328,"column":93}}]},"20":{"loc":{"start":{"line":329,"column":12},"end":{"line":329,"column":91}},"type":"if","locations":[{"start":{"line":329,"column":12},"end":{"line":329,"column":91}}]}},"s":{"0":6,"1":6,"2":6,"3":6,"4":36,"5":43,"6":43,"7":36,"8":36,"9":9,"10":27,"11":27,"12":26,"13":1,"14":16,"15":16,"16":12,"17":1,"18":17,"19":11,"20":11,"21":2,"22":11,"23":1,"24":10,"25":10,"26":10,"27":10,"28":0,"29":0,"30":0,"31":0,"32":0,"33":0,"34":7,"35":7,"36":7,"37":7,"38":7,"39":7,"40":7,"41":7,"42":7,"43":7,"44":6,"45":1,"46":1,"47":1,"48":5,"49":1,"50":1,"51":1,"52":1,"53":1,"54":4,"55":4,"56":4,"57":0,"58":0,"59":0,"60":0,"61":4,"62":4,"63":4,"64":1,"65":1,"66":1,"67":1,"68":1,"69":3,"70":1,"71":1,"72":2,"73":2,"74":2,"75":2,"76":0,"77":0,"78":0,"79":0,"80":0,"81":0,"82":0,"83":7,"84":7,"85":7,"86":2,"87":2,"88":7,"89":7,"90":2,"91":2,"92":2,"93":2,"94":2,"95":0,"96":0,"97":0,"98":0,"99":0,"100":6},"f":{"0":36,"1":43,"2":36,"3":16,"4":12,"5":1,"6":17,"7":11,"8":2,"9":0,"10":0,"11":0,"12":7,"13":7,"14":2,"15":2,"16":0},"b":{"0":[43,43],"1":[9],"2":[26,0],"3":[1,0],"4":[1],"5":[0],"6":[7,6],"7":[7,7],"8":[7,7],"9":[1],"10":[1],"11":[0,0],"12":[1],"13":[1,0],"14":[1],"15":[2,0],"16":[0,0],"17":[0,0],"18":[1,1],"19":[2],"20":[0]}}
,"/home/daytona/codebase/sdk/src/sep7.ts": {"path":"/home/daytona/codebase/sdk/src/sep7.ts","statementMap":{"0":{"start":{"line":75,"column":0},"end":{"line":75,"column":16}},"1":{"start":{"line":162,"column":0},"end":{"line":162,"column":16}},"2":{"start":{"line":259,"column":0},"end":{"line":259,"column":16}},"3":{"start":{"line":298,"column":0},"end":{"line":298,"column":16}},"4":{"start":{"line":16,"column":0},"end":{"line":16,"column":46}},"5":{"start":{"line":21,"column":13},"end":{"line":21,"column":42}},"6":{"start":{"line":27,"column":13},"end":{"line":27,"column":40}},"7":{"start":{"line":30,"column":28},"end":{"line":30,"column":30}},"8":{"start":{"line":32,"column":23},"end":{"line":32,"column":26}},"9":{"start":{"line":34,"column":20},"end":{"line":34,"column":46}},"10":{"start":{"line":36,"column":20},"end":{"line":36,"column":47}},"11":{"start":{"line":67,"column":8},"end":{"line":67,"column":23}},"12":{"start":{"line":68,"column":8},"end":{"line":68,"column":32}},"13":{"start":{"line":65,"column":0},"end":{"line":65,"column":13}},"14":{"start":{"line":76,"column":4},"end":{"line":80,"column":6}},"15":{"start":{"line":85,"column":18},"end":{"line":85,"column":45}},"16":{"start":{"line":86,"column":22},"end":{"line":86,"column":43}},"17":{"start":{"line":87,"column":25},"end":{"line":87,"column":106}},"18":{"start":{"line":90,"column":19},"end":{"line":90,"column":29}},"19":{"start":{"line":91,"column":4},"end":{"line":93,"column":5}},"20":{"start":{"line":92,"column":8},"end":{"line":92,"column":56}},"21":{"start":{"line":94,"column":37},"end":{"line":94,"column":54}},"22":{"start":{"line":95,"column":4},"end":{"line":97,"column":5}},"23":{"start":{"line":96,"column":8},"end":{"line":96,"column":69}},"24":{"start":{"line":99,"column":20},"end":{"line":99,"column":101}},"25":{"start":{"line":100,"column":4},"end":{"line":100,"column":79}},"26":{"start":{"line":100,"column":23},"end":{"line":100,"column":79}},"27":{"start":{"line":101,"column":4},"end":{"line":101,"column":97}},"28":{"start":{"line":101,"column":31},"end":{"line":101,"column":97}},"29":{"start":{"line":102,"column":4},"end":{"line":102,"column":18}},"30":{"start":{"line":106,"column":4},"end":{"line":135,"column":5}},"31":{"start":{"line":108,"column":12},"end":{"line":110,"column":13}},"32":{"start":{"line":109,"column":16},"end":{"line":109,"column":86}},"33":{"start":{"line":111,"column":12},"end":{"line":111,"column":19}},"34":{"start":{"line":113,"column":12},"end":{"line":115,"column":13}},"35":{"start":{"line":114,"column":16},"end":{"line":114,"column":82}},"36":{"start":{"line":116,"column":12},"end":{"line":116,"column":19}},"37":{"start":{"line":121,"column":12},"end":{"line":127,"column":13}},"38":{"start":{"line":122,"column":35},"end":{"line":122,"column":77}},"39":{"start":{"line":123,"column":31},"end":{"line":123,"column":89}},"40":{"start":{"line":124,"column":16},"end":{"line":124,"column":49}},"41":{"start":{"line":126,"column":16},"end":{"line":126,"column":76}},"42":{"start":{"line":128,"column":12},"end":{"line":130,"column":13}},"43":{"start":{"line":129,"column":16},"end":{"line":129,"column":80}},"44":{"start":{"line":131,"column":12},"end":{"line":131,"column":19}},"45":{"start":{"line":134,"column":12},"end":{"line":134,"column":72}},"46":{"start":{"line":141,"column":26},"end":{"line":141,"column":81}},"47":{"start":{"line":143,"column":4},"end":{"l
[...]
e":274,"column":23},"end":{"line":274,"column":30}},"131":{"start":{"line":276,"column":4},"end":{"line":283,"column":5}},"132":{"start":{"line":277,"column":25},"end":{"line":277,"column":39}},"133":{"start":{"line":278,"column":8},"end":{"line":278,"column":19}},"134":{"start":{"line":279,"column":8},"end":{"line":279,"column":85}},"135":{"start":{"line":279,"column":21},"end":{"line":279,"column":22}},"136":{"start":{"line":279,"column":43},"end":{"line":279,"column":85}},"137":{"start":{"line":280,"column":8},"end":{"line":280,"column":42}},"138":{"start":{"line":282,"column":8},"end":{"line":282,"column":25}},"139":{"start":{"line":284,"column":23},"end":{"line":284,"column":44}},"140":{"start":{"line":285,"column":4},"end":{"line":285,"column":62}},"141":{"start":{"line":297,"column":20},"end":{"line":297,"column":36}},"142":{"start":{"line":298,"column":4},"end":{"line":298,"column":95}},"143":{"start":{"line":298,"column":30},"end":{"line":298,"column":95}},"144":{"start":{"line":299,"column":16},"end":{"line":299,"column":51}},"145":{"start":{"line":300,"column":4},"end":{"line":300,"column":94}},"146":{"start":{"line":300,"column":26},"end":{"line":300,"column":94}},"147":{"start":{"line":302,"column":17},"end":{"line":302,"column":33}},"148":{"start":{"line":304,"column":16},"end":{"line":304,"column":37}},"149":{"start":{"line":305,"column":4},"end":{"line":305,"column":47}},"150":{"start":{"line":305,"column":28},"end":{"line":305,"column":47}},"151":{"start":{"line":307,"column":4},"end":{"line":307,"column":67}},"152":{"start":{"line":307,"column":17},"end":{"line":307,"column":18}},"153":{"start":{"line":307,"column":32},"end":{"line":307,"column":67}},"154":{"start":{"line":308,"column":17},"end":{"line":308,"column":38}},"155":{"start":{"line":309,"column":4},"end":{"line":309,"column":100}},"156":{"start":{"line":309,"column":27},"end":{"line":309,"column":100}},"157":{"start":{"line":310,"column":4},"end":{"line":310,"column":40}},"158":{"start":{"line":316,"column":16},"end":{"line":318,"column":null}},"159":{"start":{"line":320,"column":4},"end":{"line":320,"column":31}},"160":{"start":{"line":331,"column":23},"end":{"line":331,"column":78}},"161":{"start":{"line":332,"column":4},"end":{"line":332,"column":32}},"162":{"start":{"line":333,"column":4},"end":{"line":333,"column":52}},"163":{"start":{"line":335,"column":16},"end":{"line":340,"column":null}},"164":{"start":{"line":343,"column":19},"end":{"line":343,"column":40}},"165":{"start":{"line":344,"column":4},"end":{"line":349,"column":6}},"166":{"start":{"line":363,"column":34},"end":{"line":363,"column":68}},"167":{"start":{"line":364,"column":21},"end":{"line":364,"column":52}},"168":{"start":{"line":365,"column":28},"end":{"line":365,"column":56}},"169":{"start":{"line":367,"column":31},"end":{"line":367,"column":51}},"170":{"start":{"line":368,"column":4},"end":{"line":368,"column":101}},"171":{"start":{"line":368,"column":35},"end":{"line":368,"column":101}},"172":{"start":{"line":370,"column":16},"end":{"line":370,"column":34}},"173":{"start":{"line":371,"column":20},"end":{"line":371,"column":42}},"174":{"start":{"line":372,"column":24},"end":{"line":372,"column":47}},"175":{"start":{"line":373,"column":4},"end":{"line":373,"column":93}},"176":{"start":{"line":373,"column":33},"end":{"line":373,"column":93}},"177":{"start":{"line":374,"column":4},"end":{"line":374,"column":111}},"178":{"start":{"line":374,"column":46},"end":{"line":374,"column":111}},"179":{"start":{"line":376,"column":19},"end":{"line":376,"column":45}},"180":{"start":{"line":378,"column":34},"end":{"line":387,"column":6}},"181":{"start":{"line":380,"column":51},"end":{"line":380,"column":82}},"182":{"start":{"line":389,"column":4},"end":{"line":420,"column":5}},"183":{"start":{"line":390,"column":8},"end":{"line":390,"column":38}},"184":{"start":{"line":391,"column":8},"end":{"line":391,"column":30}},"185":{"start":{"line":392,"column":11},"end":{"line":420,"column":5}},"186":{"start":{"line":393,"column":20},"end":{"line":393,"column":38}},"187":{"start":{"line":394,"column":20},"end":{"line":394,"column":38}},"188":{"start":{"line":395,"column":8},"end":{"line":395,"column":99}},"189":{"start":{"line":395,"column":42},"end":{"line":395,"column":99}},"190":{"start":{"line":397,"column":31},"end":{"line":397,"column":60}},"191":{"start":{"line":399,"column":8},"end":{"line":411,"column":9}},"192":{"start":{"line":401,"column":12},"end":{"line":401,"column":43}},"193":{"start":{"line":402,"column":12},"end":{"line":402,"column":49}},"194":{"start":{"line":403,"column":25},"end":{"line":403,"column":66}},"195":{"start":{"line":404,"column":12},"end":{"line":404,"column":104}},"196":{"start":{"line":405,"column":15},"end":{"line":411,"column":9}},"197":{"start":{"line":407,"column":12},"end":{"line":407,"column":42}},"198":{"start":{"line":408,"column":12},"end":{"line":408,"column":115}},"199":{"start":{"line":410,"column":12},"end":{"line":410,"column":105}},"200":{"start":{"line":413,"column":8},"end":{"line":415,"column":9}},"201":{"start":{"line":414,"column":12},"end":{"line":414,"column":114}},"202":{"start":{"line":418,"column":8},"end":{"line":418,"column":45}},"203":{"start":{"line":419,"column":8},"end":{"line":419,"column":30}},"204":{"start":{"line":422,"column":4},"end":{"line":429,"column":5}},"205":{"start":{"line":423,"column":24},"end":{"line":423,"column":47}},"206":{"start":{"line":424,"column":8},"end":{"line":428,"column":9}},"207":{"start":{"line":425,"column":12},"end":{"line":427,"column":14}},"208":{"start":{"line":431,"column":4},"end":{"line":431,"column":16}}},"fnMap":{"0":{"name":"(anonymous_0)","decl":{"start":{"line":36,"column":4},"end":{"line":36,"column":16}},"loc":{"start":{"line":36,"column":31},"end":{"line":39,"column":5}}},"1":{"name":"(anonymous_1)","decl":{"start":{"line":44,"column":4},"end":{"line":44,"column":16}},"loc":{"start":{"line":44,"column":31},"end":{"line":47,"column":5}}},"2":{"name":"toUint8","decl":{"start":{"line":112,"column":9},"end":{"line":112,"column":16}},"loc":{"start":{"line":112,"column":48},"end":{"line":114,"column":1}}},"3":{"name":"decodeCbor","decl":{"start":{"line":118,"column":9},"end":{"line":118,"column":19}},"loc":{"start":{"line":118,"column":48},"end":{"line":178,"column":1}}},"4":{"name":"readLength","decl":{"start":{"line":121,"column":13},"end":{"line":121,"column":23}},"loc":{"start":{"line":121,"column":36},"end":{"line":136,"column":5}}},"5":{"name":"decodeItem","decl":{"start":{"line":138,"column":13},"end":{"line":138,"column":23}},"loc":{"start":{"line":138,"column":23},"end":{"line":174,"column":5}}},"6":{"name":"coseToUncompressedP256","decl":{"start":{"line":194,"column":9},"end":{"line":194,"column":31}},"loc":{"start":{"line":194,"column":59},"end":{"line":206,"column":1}}},"7":{"name":"parseAuthData","decl":{"start":{"line":208,"column":9},"end":{"line":208,"column":22}},"loc":{"start":{"line":208,"column":43},"end":{"line":235,"column":1}}},"8":{"name":"derEcdsaToRaw","decl":{"start":{"line":240,"column":9},"end":{"line":240,"column":22}},"loc":{"start":{"line":240,"column":38},"end":{"line":268,"column":1}}},"9":{"name":"(anonymous_9)","decl":{"start":{"line":255,"column":18},"end":{"line":255,"column":19}},"loc":{"start":{"line":255,"column":48},"end":{"line":262,"column":5}}},"10":{"name":"readTLV","decl":{"start":{"line":271,"column":9},"end":{"line":271,"column":16}},"loc":{"start":{"line":271,"column":45},"end":{"line":286,"column":1}}},"11":{"name":"extractSpkiFromCert","decl":{"start":{"line":296,"column":9},"end":{"line":296,"column":28}},"loc":{"start":{"line":296,"column":45},"end":{"line":311,"column":1}}},"12":{"name":"sha256","decl":{"start":{"line":315,"column":15},"end":{"line":315,"column":21}},"loc":{"start":{"line":315,"column":38},"end":{"line":321,"column":1}}},"13":{"name":"verifyPackedSignature","decl":{"start":{"line":324,"column":15},"end":{"line":324,"column":36}},"loc":{"start":{"line":329,"column":22},"end":{"line":350,"column":1}}},"14":{"name":"verifyAttestation","decl":{"start":{"line":362,"column":22},"end":{"line":362,"column":39}},"loc":{"start":{"line":362,"column":70},"end":{"line":432,"column":1}}},"15":{"name":"(anonymous_15)","decl":{"start":{"line":380,"column":46},"end":{"line":380,"column":47}},"loc":{"start":{"line":380,"column":51},"end":{"line":380,"column":82}}}},"branchMap":{"0":{"loc":{"start":{"line":113,"column":11},"end":{"line":113,"column":70}},"type":"cond-expr","locations":[{"start":{"line":113,"column":41},"end":{"line":113,"column":46}},{"start":{"line":113,"column":49},"end":{"line":113,"column":70}}]},"1":{"loc":{"start":{"line":118,"column":39},"end":{"line":118,"column":48}},"type":"default-arg","locations":[{"start":{"line":118,"column":47},"end":{"line":118,"column":48}}]},"2":{"loc":{"start":{"line":122,"column":8},"end":{"line":122,"column":35}},"type":"if","locations":[{"start":{"line":122,"column":8},"end":{"line":122,"column":35}}]},"3":{"loc":{"start":{"line":123,"column":8},"end":{"line":123,"column":48}},"type":"if","locations":[{"start":{"line":123,"column":8},"end":{"line":123,"column":48}}]},"4":{"loc":{"start":{"line":124,"column":8},"end":{"line":124,"column":103}},"type":"if","locations":[{"start":{"line":124,"column":8},"end":{"line":124,"column":103}}]},"5":{"loc":{"start":{"line":125,"column":8},"end":{"line":128,"column":9}},"type":"if","locations":[{"start":{"line":125,"column":8},"end":{"line":128,"column":9}}]},"6":{"loc":{"start":{"line":129,"column":8},"end":{"line":134,"column":9}},"type":"if","locations":[{"start":{"line":129,"column":8},"end":{"line":134,"column":9}}]},"7":{"loc":{"start":{"line":142,"column":8},"end":{"line":173,"column":9}},"type":"switch","locations":[{"start":{"line":143,"column":12},"end":{"line":143,"column":44}},{"start":{"line":144,"column":12},"end":{"line":144,"column":49}},{"start":{"line":145,"column":12},"end":{"line":148,"column":13}},{"start":{"line":149,"column":12},"end":{"line":152,"column":13}},{"start":{"line":153,"column":12},"end":{"line":158,"column":13}},{"start":{"line":159,"column":12},"end":{"line":164,"column":13}},{"start":{"line":165,"column":12},"end":{"line":170,"column":77}},{"start":{"line":171,"column":12},"end":{"line":172,"column":84}}]},"8":{"loc":{"start":{"line":166,"column":16},"end":{"line":166,"column":46}},"type":"if","locations":[{"start":{"line":166,"column":16},"end":{"line":166,"column":46}}]},"9":{"loc":{"start":{"line":167,"column":16},"end":{"line":167,"column":45}},"type":"if","locations":[{"start":{"line":167,"column":16},"end":{"line":167,"column":45}}]},"10":{"loc":{"start":{"line":168,"column":16},"end":{"line":168,"column":45}},"type":"if","locations":[{"start":{"line":168,"column":16},"end":{"line":168,"column":45}}]},"11":{"loc":{"start":{"line":169,"column":16},"end":{"line":169,"column":50}},"type":"if","locations":[{"start":{"line":169,"column":16},"end":{"line":169,"column":50}}]},"12":{"loc":{"start":{"line":195,"column":4},"end":{"line":195,"column":44}},"type":"if","locations":[{"start":{"line":195,"column":4},"end":{"line":195,"column":44}}]},"13":{"loc":{"start":{"line":198,"column":4},"end":{"line":200,"column":5}},"type":"if","locations":[{"start":{"line":198,"column":4},"end":{"line":200,"column":5}}]},"14":{"loc":{"start":{"line":198,"column":8},"end":{"line":198,"column":102}},"type":"binary-expr","locations":[{"start":{"line":198,"column":8},"end":{"line":198,"column":34}},{"start":{"line":198,"column":38},"end":{"line":198,"column":64}},{"start":{"line":198,"column":68},"end":{"line":198,"column":83}},{"start":{"line":198,"column":87},"end":{"line":198,"column":102}}]},"15":{"loc":{"start":{"line":209,"column":4},"end":{"line":209,"column":92}},"type":"if","locations":[{"start":{"line":209,"column":4},"end":{"line":209,"column":92}}]},"16":{"loc":{"start":{"line":220,"column":4},"end":{"line":232,"column":5}},"type":"if","locations":[{"start":{"line":220,"column":4},"end":{"line":232,"column":5}}]},"17":{"loc":{"start":{"line":221,"column":8},"end":{"line":221,"column":106}},"type":"if","locations":[{"start":{"line":221,"column":8},"end":{"line":221,"column":106}}]},"18":{"loc":{"start":{"line":226,"column":8},"end":{"line":226,"column":113}},"type":"if","locations":[{"start":{"line":226,"column":8},"end":{"line":226,"column":113}}]},"19":{"loc":{"start":{"line":231,"column":8},"end":{"line":231,"column":76}},"type":"if","locations":[{"start":{"line":231,"column":8},"end":{"line":231,"column":76}}]},"20":{"loc":{"start":{"line":241,"column":4},"end":{"line":241,"column":78}},"type":"if","locations":[{"start":{"line":241,"column":4},"end":{"line":241,"column":78}}]},"21":{"loc":{"start":{"line":244,"column":4},"end":{"line":244,"column":52}},"type":"if","locations":[{"start":{"line":244,"column":4},"end":{"line":244,"column":52}}]},"22":{"loc":{"start":{"line":246,"column":4},"end":{"line":246,"column":86}},"type":"if","locations":[{"start":{"line":246,"column":4},"end":{"line":246,"column":86}}]},"23":{"loc":{"start":{"line":251,"column":4},"end":{"line":251,"column":86}},"type":"if","locations":[{"start":{"line":251,"column":4},"end":{"line":251,"column":86}}]},"24":{"loc":{"start":{"line":257,"column":15},"end":{"line":257,"column":46}},"type":"binary-expr","locations":[{"start":{"line":257,"column":15},"end":{"line":257,"column":32}},{"start":{"line":257,"column":36},"end":{"line":257,"column":46}}]},"25":{"loc":{"start":{"line":276,"column":4},"end":{"line":283,"column":5}},"type":"if","locations":[{"start":{"line":276,"column":4},"end":{"line":283,"column":5}},{"start":{"line":281,"column":11},"end":{"line":283,"column":5}}]},"26":{"loc":{"start":{"line":298,"column":4},"end":{"line":298,"column":95}},"type":"if","locations":[{"start":{"line":298,"column":4},"end":{"line":298,"column":95}}]},"27":{"loc":{"start":{"line":300,"column":4},"end":{"line":300,"column":94}},"type":"if","locations":[{"start":{"line":300,"column":4},"end":{"line":300,"column":94}}]},"28":{"loc":{"start":{"line":305,"column":4},"end":{"line":305,"column":47}},"type":"if","locations":[{"start":{"line":305,"column":4},"end":{"line":305,"column":47}}]},"29":{"loc":{"start":{"line":309,"column":4},"end":{"line":309,"column":100}},"type":"if","locations":[{"start":{"line":309,"column":4},"end":{"line":309,"column":100}}]},"30":{"loc":{"start":{"line":363,"column":34},"end":{"line":363,"column":68}},"type":"binary-expr","locations":[{"start":{"line":363,"column":34},"end":{"line":363,"column":60}},{"start":{"line":363,"column":64},"end":{"line":363,"column":68}}]},"31":{"loc":{"start":{"line":368,"column":4},"end":{"line":368,"column":101}},"type":"if","locations":[{"start":{"line":368,"column":4},"end":{"line":368,"column":101}}]},"32":{"loc":{"start":{"line":373,"column":4},"end":{"line":373,"column":93}},"type":"if","locations":[{"start":{"line":373,"column":4},"end":{"line":373,"column":93}}]},"33":{"loc":{"start":{"line":374,"column":4},"end":{"line":374,"column":111}},"type":"if","locations":[{"start":{"line":374,"column":4},"end":{"line":374,"column":111}}]},"34":{"loc":{"start":{"line":389,"column":4},"end":{"line":420,"column":5}},"type":"if","locations":[{"start":{"line":389,"column":4},"end":{"line":420,"column":5}},{"start":{"line":392,"column":11},"end":{"line":420,"column":5}}]},"35":{"loc":{"start":{"line":392,"column":11},"end":{"line":420,"column":5}},"type":"if","locations":[{"start":{"line":392,"column":11},"end":{"line":420,"column":5}},{"start":{"line":416,"column":11},"end":{"line":420,"column":5}}]},"36":{"loc":{"start":{"line":392,"column":15},"end":{"line":392,"column":57}},"type":"binary-expr","locations":[{"start":{"line":392,"column":15},"end":{"line":392,"column":31}},{"start":{"line":392,"column":35},"end":{"line":392,"column":57}}]},"37":{"loc":{"start":{"line":395,"column":8},"end":{"line":395,"column":99}},"type":"if","locations":[{"start":{"line":395,"column":8},"end":{"line":395,"column":99}}]},"38":{"loc":{"start":{"line":399,"column":8},"end":{"line":411,"column":9}},"type":"if","locations":[{"start":{"line":399,"column":8},"end":{"line":411,"column":9}},{"start":{"line":405,"column":15},"end":{"line":411,"column":9}}]},"39":{"loc":{"start":{"line":399,"column":12},"end":{"line":399,"column":80}},"type":"binary-expr","locations":[{"start":{"line":399,"column":12},"end":{"line":399,"column":30}},{"start":{"line":399,"column":34},"end":{"line":399,"column":48}},{"start":{"line":399,"column":52},"end":{"line":399,"column":80}}]},"40":{"loc":{"start":{"line":405,"column":15},"end":{"line":411,"column":9}},"type":"if","locations":[{"start":{"line":405,"column":15},"end":{"line":411,"column":9}},{"start":{"line":409,"column":15},"end":{"line":411,"column":9}}]},"41":{"loc":{"start":{"line":413,"column":8},"end":{"line":415,"column":9}},"type":"if","locations":[{"start":{"line":413,"column":8},"end":{"line":415,"column":9}}]},"42":{"loc":{"start":{"line":413,"column":12},"end":{"line":413,"column":51}},"type":"binary-expr","locations":[{"start":{"line":413,"column":12},"end":{"line":413,"column":26}},{"start":{"line":413,"column":30},"end":{"line":413,"column":51}}]},"43":{"loc":{"start":{"line":422,"column":4},"end":{"line":429,"column":5}},"type":"if","locations":[{"start":{"line":422,"column":4},"end":{"line":429,"column":5}}]},"44":{"loc":{"start":{"line":424,"column":8},"end":{"line":428,"column":9}},"type":"if","locations":[{"start":{"line":424,"column":8},"end":{"line":428,"column":9}}]},"45":{"loc":{"start":{"line":426,"column":75},"end":{"line":426,"column":96}},"type":"binary-expr","locations":[{"start":{"line":426,"column":75},"end":{"line":426,"column":86}},{"start":{"line":426,"column":90},"end":{"line":426,"column":96}}]}},"s":{"0":6,"1":2,"2":2,"3":6,"4":2,"5":2,"6":6,"7":16,"8":15,"9":147,"10":121,"11":26,"12":26,"13":0,"14":0,"15":0,"16":0,"17":0,"18":0,"19":0,"20":0,"21":0,"22":0,"23":0,"24":0,"25":0,"26":0,"27":0,"28":0,"29":147,"30":147,"31":147,"32":147,"33":29,"34":33,"35":26,"36":26,"37":26,"38":26,"39":38,"40":38,"41":38,"42":38,"43":0,"44":0,"45":0,"46":0,"47":0,"48":0,"49":21,"50":21,"51":21,"52":21,"53":66,"54":66,"55":21,"56":0,"57":0,"58":0,"59":0,"60":0,"61":0,"62":0,"63":0,"64":0,"65":0,"66":15,"67":15,"68":6,"69":7,"70":0,"71":7,"72":7,"73":7,"74":0,"75":7,"76":7,"77":7,"78":7,"79":7,"80":7,"81":0,"82":7,"83":7,"84":7,"85":7,"86":7,"87":7,"88":7,"89":7,"90":0,"91":7,"92":7,"93":7,"94":7,"95":7,"96":0,"97":7,"98":7,"99":7,"100":7,"101":7,"102":5,"103":0,"104":5,"105":5,"106":0,"107":5,"108":0,"109":5,"110":5,"111":5,"112":5,"113":0,"114":5,"115":5,"116":5,"117":10,"118":10,"119":5,"120":10,"121":10,"122":10,"123":10,"124":5,"125":5,"126":5,"127":5,"128":0,"129":0,"130":0,"131":0,"132":0,"133":0,"134":0,"135":0,"136":0,"137":0,"138":0,"139":0,"140":0,"141":0,"142":0,"143":0,"144":0,"145":0,"146":0,"147":0,"148":0,"149":0,"150":0,"151":0,"152":0,"153":0,"154":0,"155":0,"156":0,"157":0,"158":5,"159":5,"160":5,"161":5,"162":5,"163":5,"164":5,"165":5,"166":8,"167":8,"168":8,"169":8,"170":8,"171":1,"172":7,"173":7,"174":7,"175":7,"176":0,"177":7,"178":0,"179":7,"180":7,"181":112,"182":7,"183":2,"184":2,"185":5,"186":5,"187":5,"188":5,"189":0,"190":5,"191":5,"192":0,"193":0,"194":0,"195":0,"196":5,"197":5,"198":5,"199":0,"200":5,"201":1,"202":0,"203":0,"204":6,"205":3,"206":3,"207":2,"208":4},"f":{"0":2,"1":2,"2":16,"3":15,"4":147,"5":147,"6":7,"7":7,"8":5,"9":10,"10":0,"11":0,"12":5,"13":5,"14":8,"15":112},"b":{"0":[16,0],"1":[8],"2":[121],"3":[26],"4":[0],"5":[0],"6":[0],"7":[29,33,26,38,0,21,0,0],"8":[0],"9":[0],"10":[0],"11":[0],"12":[0],"13":[0],"14":[7,7,7,7],"15":[0],"16":[7],"17":[0],"18":[0],"19":[7],"20":[0],"21":[0],"22":[0],"23":[0],"24":[15,5],"25":[0,0],"26":[0],"27":[0],"28":[0],"29":[0],"30":[8,7],"31":[1],"32":[0],"33":[0],"34":[2,5],"35":[5,0],"36":[5,5],"37":[0],"38":[0,5],"39":[5,0,0],"40":[5,0],"41":[1],"42":[5,2],"43":[3],"44":[2],"45":[2,0]}}
}
