TN:
SF:react/src/hooks/useAccount.ts
FN:28,useAccount
FN:34,(anonymous_1)
FNF:2
FNH:2
FNDA:19,useAccount
FNDA:9,(anonymous_1)
DA:1,1
DA:28,1
DA:32,19
DA:35,9
DA:36,0
DA:38,9
LF:6
LH:5
BRDA:35,0,0,0
BRF:1
BRH:0
end_of_record
TN:
SF:react/src/hooks/useBalance.ts
FN:20,useBalance
FN:25,(anonymous_1)
FNF:2
FNH:2
FNDA:11,useBalance
FNDA:5,(anonymous_1)
DA:1,1
DA:2,1
DA:20,1
DA:21,11
DA:23,11
DA:26,5
DA:27,0
DA:29,5
LF:8
LH:7
BRDA:26,0,0,0
BRF:1
BRH:0
end_of_record
TN:
SF:react/src/hooks/useSendPayment.ts
FN:35,useSendPayment
FN:40,(anonymous_1)
FN:59,(anonymous_2)
FNF:3
FNH:3
FNDA:13,useSendPayment
FNDA:6,(anonymous_1)
FNDA:4,(anonymous_2)
DA:1,1
DA:3,1
DA:35,1
DA:36,13
DA:37,13
DA:39,13
DA:41,6
DA:42,0
DA:44,6
DA:45,0
DA:47,6
DA:48,0
DA:51,6
DA:60,4
DA:61,4
LF:15
LH:12
BRDA:41,0,0,0
BRDA:44,1,0,0
BRDA:47,2,0,0
BRDA:60,3,0,4
BRF:4
BRH:1
end_of_record
TN:
SF:react/src/hooks/useTransactionStatus.ts
FN:28,useTransactionStatus
FN:34,(anonymous_1)
FN:44,(anonymous_2)
FNF:3
FNH:3
FNDA:17,useTransactionStatus
FNDA:8,(anonymous_1)
FNDA:51,(anonymous_2)
DA:1,1
DA:28,1
DA:32,17
DA:35,8
DA:36,0
DA:38,8
DA:45,51
DA:46,51
DA:47,12
DA:48,2
DA:50,10
LF:11
LH:10
BRDA:35,0,0,0
BRDA:46,1,0,39
BRDA:47,2,0,2
BRF:3
BRH:2
end_of_record
TN:
SF:src/backup.ts
FN:109,(anonymous_0)
FN:120,(anonymous_1)
FN:147,assertNoSecretMaterial
FN:150,(anonymous_3)
FN:155,(anonymous_4)
FN:166,getCrypto
FN:177,toBase64
FN:183,fromBase64
FN:190,toArrayBuffer
FN:196,deriveAesKey
FN:241,encryptBackup
FN:278,decryptBackup
FN:331,serializeBackup
FN:336,deserializeBackup
FN:351,deriveBackupId
FN:362,createBackup
FN:380,restoreBackup
FN:396,bindNewSigner
FN:401,(anonymous_18)
FN:404,(anonymous_19)
FN:417,(anonymous_20)
FN:420,(anonymous_21)
FN:424,(anonymous_22)
FN:428,(anonymous_23)
FNF:24
FNH:23
FNDA:14,(anonymous_0)
FNDA:3,(anonymous_1)
FNDA:289,assertNoSecretMaterial
FNDA:21,(anonymous_3)
FNDA:1495,(anonymous_4)
FNDA:49,getCrypto
FNDA:44,toBase64
FNDA:23,fromBase64
FNDA:89,toArrayBuffer
FNDA:23,deriveAesKey
FNDA:16,encryptBackup
FNDA:11,decryptBackup
FNDA:3,serializeBackup
FNDA:3,deserializeBackup
FNDA:3,deriveBackupId
FNDA:2,createBackup
FNDA:3,restoreBackup
FNDA:3,bindNewSigner
FNDA:3,(anonymous_18)
FNDA:2,(anonymous_19)
FNDA:3,(anonymous_20)
FNDA:2,(anonymous_21)
FNDA:4,(anonymous_22)
FNDA:0,(anonymous_23)
DA:24,2
DA:27,2
DA:108,2
DA:110,14
DA:111,14
DA:119,2
DA:121,3
DA:122,3
DA:132,2
DA:147,2
DA:148,289
DA:149,85
DA:150,21
DA:151,21
DA:153,64
DA:154,252
DA:155,1495
DA:156,5
DA:160,247
DA:167,49
DA:168,49
DA:169,0
DA:174,49
DA:178,44
DA:179,6184
DA:180,44
DA:184,23
DA:185,23
DA:186,3472
DA:187,23
DA:191,89
DA:201,23
DA:203,23
DA:205,3
DA:206,1
DA:208,2
DA:214,20
DA:215,20
DA:222,20
DA:241,2
DA:246,16
DA:248,15
DA:249,15
DA:250,15
DA:251,15
DA:252,15
DA:254,15
DA:255,14
DA:256,14
DA:262,14
DA:278,2
DA:282,11
DA:283,0
DA:285,11
DA:286,2
DA:288,9
DA:289,0
DA:292,9
DA:293,9
DA:294,1
DA:299,8
DA:300,8
DA:301,8
DA:302,8
DA:305,8
DA:306,8
DA:313,3
DA:317,5
DA:318,5
DA:320,0
DA:322,5
DA:323,0
DA:325,5
DA:331,2
DA:332,3
DA:336,2
DA:337,3
DA:338,3
DA:340,1
DA:351,2
DA:352,3
DA:353,3
DA:362,2
DA:368,2
DA:369,2
DA:370,2
DA:371,2
DA:380,2
DA:385,3
DA:386,3
DA:387,2
DA:396,2
DA:400,3
DA:401,3
DA:402,3
DA:404,2
DA:405,2
DA:417,2
DA:418,3
DA:421,2
DA:425,4
DA:429,0
LF:102
LH:96
BRDA:120,0,0,3
BRDA:147,1,0,21
BRDA:148,2,0,204
BRDA:148,3,0,289
BRDA:148,3,1,289
BRDA:149,4,0,21
BRDA:155,5,0,5
BRDA:168,6,0,0
BRDA:168,7,0,49
BRDA:168,7,1,49
BRDA:203,8,0,3
BRDA:205,9,0,1
BRDA:214,10,0,0
BRDA:244,11,0,13
BRDA:250,12,0,15
BRDA:250,12,1,14
BRDA:251,13,0,13
BRDA:251,13,1,2
BRDA:265,14,0,13
BRDA:265,14,1,1
BRDA:266,15,0,13
BRDA:266,15,1,1
BRDA:282,16,0,0
BRDA:282,17,0,11
BRDA:282,17,1,11
BRDA:285,18,0,2
BRDA:285,19,0,11
BRDA:285,19,1,10
BRDA:288,20,0,0
BRDA:293,21,0,1
BRDA:299,22,0,7
BRDA:299,22,1,1
BRDA:302,23,0,8
BRDA:302,23,1,1
BRDA:322,24,0,0
BRDA:322,25,0,5
BRDA:322,25,1,5
BRDA:322,25,2,5
BRDA:366,26,0,2
BRDA:369,27,0,2
BRDA:369,27,1,2
BRDA:386,28,0,1
BRDA:400,29,0,0
BRDA:402,30,0,1
BRDA:425,31,0,3
BRDA:425,31,1,1
BRF:46
BRH:40
end_of_record
TN:
SF:src/bulkPayout.ts
FN:35,parseCSV
FN:42,(anonymous_1)
FN:56,(anonymous_2)
FN:87,createBatches
FN:95,initBatchState
FN:109,(anonymous_5)
FN:111,saveBatchState
FN:115,loadBatchState
FN:125,clearBatchState
FN:129,executePayout
FNF:10
FNH:10
FNDA:9,parseCSV
FNDA:27,(anonymous_1)
FNDA:27,(anonymous_2)
FNDA:7,createBatches
FNDA:6,initBatchState
FNDA:9,(anonymous_5)
FNDA:5,saveBatchState
FNDA:3,loadBatchState
FNDA:1,clearBatchState
FNDA:5,executePayout
DA:1,2
DA:35,2
DA:36,9
DA:37,9
DA:38,9
DA:40,9
DA:42,27
DA:43,9
DA:44,9
DA:45,9
DA:47,9
DA:48,1
DA:49,1
DA:52,8
DA:53,12
DA:54,12
DA:56,27
DA:57,9
DA:58,9
DA:59,9
DA:60,9
DA:61,9
DA:63,9
DA:64,1
DA:65,1
DA:68,9
DA:69,9
DA:70,3
DA:71,3
DA:74,9
DA:75,1
DA:76,1
DA:79,9
DA:80,4
DA:84,8
DA:87,2
DA:88,7
DA:89,7
DA:90,12
DA:92,7
DA:95,2
DA:97,6
DA:100,6
DA:109,9
DA:111,2
DA:112,5
DA:115,2
DA:116,3
DA:117,3
DA:118,1
DA:119,1
DA:121,0
DA:125,2
DA:126,1
DA:129,2
DA:139,5
DA:140,5
DA:141,5
DA:143,5
DA:144,5
DA:145,5
DA:146,5
DA:147,5
DA:148,5
DA:150,5
DA:151,19
DA:152,19
DA:153,13
DA:154,13
DA:158,5
DA:160,4
DA:161,4
DA:162,3
DA:163,10
DA:164,10
DA:165,10
DA:167,3
DA:168,3
DA:170,1
DA:171,3
DA:176,5
LF:81
LH:80
BRDA:40,0,0,0
BRDA:47,1,0,1
BRDA:47,2,0,9
BRDA:47,2,1,8
BRDA:47,2,2,8
BRDA:54,3,0,3
BRDA:57,4,0,9
BRDA:57,4,1,0
BRDA:58,5,0,9
BRDA:58,5,1,0
BRDA:59,6,0,9
BRDA:59,6,1,0
BRDA:63,7,0,1
BRDA:69,8,0,3
BRDA:69,9,0,9
BRDA:69,9,1,8
BRDA:74,10,0,1
BRDA:79,11,0,4
BRDA:87,12,0,1
BRDA:97,13,0,6
BRDA:97,13,1,0
BRDA:97,14,0,6
BRDA:97,14,1,6
BRDA:117,15,0,2
BRDA:137,16,0,5
BRDA:152,17,0,13
BRDA:158,18,0,1
BRF:27
BRH:22
end_of_record
TN:
SF:src/claimableBalance.ts
FN:46,buildClaimLink
FN:59,buildEscrowClaimants
FN:82,createEscrow
FN:126,claimEscrow
FN:152,reclaimEscrow
FNF:5
FNH:5
FNDA:4,buildClaimLink
FNDA:8,buildEscrowClaimants
FNDA:3,createEscrow
FNDA:1,claimEscrow
FNDA:2,reclaimEscrow
DA:1,3
DA:46,3
DA:47,4
DA:59,3
DA:64,8
DA:65,8
DA:69,8
DA:82,3
DA:83,3
DA:84,3
DA:86,3
DA:87,3
DA:89,3
DA:91,3
DA:105,3
DA:107,3
DA:108,3
DA:109,3
DA:110,1
DA:113,2
DA:126,3
DA:127,1
DA:128,1
DA:130,1
DA:132,1
DA:140,1
DA:142,1
DA:143,1
DA:152,3
DA:153,2
DA:154,2
DA:156,2
DA:158,2
DA:166,2
DA:168,2
DA:169,1
LF:36
LH:36
BRDA:109,0,0,1
BRF:1
BRH:1
end_of_record
TN:
SF:src/counterfactual.ts
FN:38,deriveCounterfactualAddress
FN:49,(anonymous_1)
FNF:2
FNH:2
FNDA:8,deriveCounterfactualAddress
FNDA:520,(anonymous_1)
DA:1,6
DA:38,6
DA:42,8
DA:48,8
DA:49,520
DA:52,8
LF:6
LH:6
BRF:0
BRH:0
end_of_record
TN:
SF:src/events.ts
FN:52,mapHorizonOpToEvent
FN:99,createActivityFeed
FN:111,connect
FN:119,(anonymous_3)
FN:125,(anonymous_4)
FN:135,scheduleReconnect
FN:137,(anonymous_6)
FN:146,(anonymous_7)
FNF:8
FNH:8
FNDA:15,mapHorizonOpToEvent
FNDA:8,createActivityFeed
FNDA:21,connect
FNDA:4,(anonymous_3)
FNDA:14,(anonymous_4)
FNDA:14,scheduleReconnect
FNDA:13,(anonymous_6)
FNDA:5,(anonymous_7)
DA:1,1
DA:52,1
DA:53,15
DA:54,2
DA:65,13
DA:66,1
DA:67,1
DA:68,1
DA:81,12
DA:82,8
DA:83,8
DA:84,8
DA:96,4
DA:99,1
DA:100,8
DA:102,8
DA:103,8
DA:104,8
DA:105,8
DA:106,8
DA:107,8
DA:109,8
DA:112,21
DA:114,21
DA:120,4
DA:121,4
DA:122,4
DA:123,4
DA:126,14
DA:127,14
DA:128,14
DA:129,14
DA:130,14
DA:136,14
DA:137,14
DA:138,13
DA:139,13
DA:143,8
DA:145,8
DA:147,5
DA:148,5
DA:149,5
LF:42
LH:42
BRDA:53,0,0,2
BRDA:57,1,0,2
BRDA:57,1,1,0
BRDA:59,2,0,2
BRDA:59,2,1,1
BRDA:65,3,0,1
BRDA:66,4,0,1
BRDA:66,4,1,0
BRDA:66,5,0,0
BRDA:66,5,1,0
BRDA:67,6,0,0
BRDA:67,6,1,1
BRDA:67,7,0,1
BRDA:67,7,1,0
BRDA:71,8,0,1
BRDA:71,8,1,0
BRDA:73,9,0,1
BRDA:73,9,1,0
BRDA:81,10,0,8
BRDA:83,11,0,7
BRDA:83,11,1,1
BRDA:83,12,0,1
BRDA:83,12,1,0
BRDA:86,13,0,2
BRDA:86,13,1,6
BRDA:87,14,0,8
BRDA:87,14,1,0
BRDA:89,15,0,2
BRDA:89,15,1,6
BRDA:89,16,0,2
BRDA:89,16,1,0
BRDA:89,17,0,6
BRDA:89,17,1,0
BRDA:112,18,0,0
BRDA:123,19,0,3
BRDA:126,20,0,0
BRDA:136,21,0,0
BRDA:148,22,0,2
BRF:38
BRH:23
end_of_record
TN:
SF:src/index.ts
FN:5,(anonymous_4)
FN:6,(anonymous_5)
FN:7,(anonymous_6)
FN:8,(anonymous_7)
FN:9,(anonymous_8)
FN:10,(anonymous_9)
FN:11,(anonymous_10)
FN:12,(anonymous_11)
FN:13,(anonymous_12)
FN:14,(anonymous_13)
FN:15,(anonymous_14)
FN:16,(anonymous_15)
FN:26,(anonymous_16)
FN:27,(anonymous_17)
FN:28,(anonymous_18)
FN:29,(anonymous_19)
FN:30,(anonymous_20)
FNF:17
FNH:17
FNDA:1,(anonymous_4)
FNDA:1,(anonymous_5)
FNDA:1,(anonymous_6)
FNDA:1,(anonymous_7)
FNDA:1,(anonymous_8)
FNDA:1,(anonymous_9)
FNDA:1,(anonymous_10)
FNDA:1,(anonymous_11)
FNDA:1,(anonymous_12)
FNDA:1,(anonymous_13)
FNDA:1,(anonymous_14)
FNDA:1,(anonymous_15)
FNDA:1,(anonymous_16)
FNDA:1,(anonymous_17)
FNDA:1,(anonymous_18)
FNDA:1,(anonymous_19)
FNDA:1,(anonymous_20)
DA:1,1
DA:2,1
DA:3,1
DA:4,1
DA:5,2
DA:6,2
DA:7,2
DA:8,2
DA:9,2
DA:10,2
DA:11,2
DA:12,2
DA:13,2
DA:14,2
DA:15,2
DA:16,2
DA:25,1
DA:26,2
DA:27,2
DA:28,2
DA:29,2
DA:30,2
DA:37,1
DA:38,1
DA:39,1
DA:40,1
DA:41,1
DA:42,1
DA:43,1
LF:29
LH:29
BRF:0
BRH:0
end_of_record
TN:
SF:src/outbox.ts
FN:99,readItem
FN:119,(anonymous_1)
FN:125,(anonymous_2)
FN:138,(anonymous_3)
FN:141,(anonymous_4)
FN:142,(anonymous_5)
FN:145,(anonymous_6)
FN:154,(anonymous_7)
FN:161,(anonymous_8)
FN:179,(anonymous_9)
FN:181,(anonymous_10)
FN:186,(anonymous_11)
FN:204,(anonymous_12)
FN:309,(anonymous_13)
FN:310,(anonymous_14)
FN:320,(anonymous_15)
FN:330,(anonymous_16)
FNF:17
FNH:13
FNDA:36,readItem
FNDA:43,(anonymous_1)
FNDA:36,(anonymous_2)
FNDA:16,(anonymous_3)
FNDA:12,(anonymous_4)
FNDA:1,(anonymous_5)
FNDA:17,(anonymous_6)
FNDA:11,(anonymous_7)
FNDA:2,(anonymous_8)
FNDA:0,(anonymous_9)
FNDA:0,(anonymous_10)
FNDA:0,(anonymous_11)
FNDA:7,(anonymous_12)
FNDA:7,(anonymous_13)
FNDA:2,(anonymous_14)
FNDA:2,(anonymous_15)
FNDA:0,(anonymous_16)
DA:28,6
DA:92,6
DA:93,6
DA:94,6
DA:100,36
DA:115,6
DA:120,43
DA:121,43
DA:126,36
DA:127,36
DA:128,27
DA:129,27
DA:130,26
DA:133,1
DA:139,16
DA:140,16
DA:141,12
DA:142,1
DA:146,17
DA:160,11
DA:161,11
DA:162,11
DA:164,10
DA:173,10
DA:174,10
DA:175,10
DA:180,0
DA:181,0
DA:182,0
DA:187,0
DA:205,7
DA:206,7
DA:207,7
DA:209,7
DA:216,7
DA:218,7
DA:220,7
DA:222,7
DA:224,7
DA:225,7
DA:226,6
DA:227,1
DA:228,1
DA:229,1
DA:231,5
DA:232,1
DA:233,1
DA:234,1
DA:239,1
DA:240,1
DA:244,4
DA:246,4
DA:247,4
DA:249,0
DA:254,0
DA:255,0
DA:256,0
DA:259,4
DA:260,4
DA:262,4
DA:263,1
DA:264,1
DA:269,1
DA:270,1
DA:271,1
DA:275,3
DA:276,1
DA:277,1
DA:280,2
DA:281,2
DA:282,2
DA:283,2
DA:284,0
DA:285,0
DA:290,0
DA:291,0
DA:294,0
DA:298,0
DA:302,0
DA:307,7
DA:308,7
DA:309,7
DA:311,2
DA:312,2
DA:314,7
DA:316,7
DA:326,2
DA:327,2
DA:328,2
DA:329,0
DA:330,0
DA:332,0
LF:92
LH:74
BRDA:121,0,0,43
BRDA:121,0,1,43
BRDA:127,1,0,9
BRDA:130,2,0,26
BRDA:130,2,1,0
BRDA:142,3,0,1
BRDA:142,3,1,0
BRDA:162,4,0,1
BRDA:182,5,0,0
BRDA:205,6,0,7
BRDA:205,6,1,6
BRDA:206,7,0,7
BRDA:206,7,1,7
BRDA:207,8,0,7
BRDA:207,8,1,7
BRDA:226,9,0,1
BRDA:231,10,0,1
BRDA:252,11,0,0
BRDA:252,11,1,0
BRDA:262,12,0,1
BRDA:263,13,0,1
BRDA:263,13,1,0
BRDA:275,14,0,1
BRDA:281,15,0,2
BRDA:281,15,1,0
BRDA:284,16,0,0
BRDA:284,16,1,0
BRDA:300,17,0,0
BRDA:300,17,1,0
BRDA:312,18,0,1
BRDA:312,18,1,1
BRDA:328,19,0,2
BRDA:329,20,0,0
BRF:33
BRH:21
end_of_record
TN:
SF:src/sep7.ts
FN:66,(anonymous_0)
FN:75,isValidDestination
FN:89,normalizeAmount
FN:105,validateMemo
FN:140,normalizeCallback
FN:162,parseSep7PayUri
FN:189,(anonymous_6)
FN:259,parseSep7QrValue
FN:285,encode
FN:288,(anonymous_9)
FN:298,buildSep7PayUri
FN:349,(anonymous_11)
FNF:12
FNH:11
FNDA:22,(anonymous_0)
FNDA:35,isValidDestination
FNDA:15,normalizeAmount
FNDA:10,validateMemo
FNDA:8,normalizeCallback
FNDA:16,parseSep7PayUri
FNDA:72,(anonymous_6)
FNDA:3,parseSep7QrValue
FNDA:29,encode
FNDA:0,(anonymous_9)
FNDA:19,buildSep7PayUri
FNDA:29,(anonymous_11)
DA:16,2
DA:21,2
DA:27,2
DA:30,2
DA:32,2
DA:34,2
DA:36,2
DA:65,2
DA:67,22
DA:68,22
DA:75,2
DA:76,35
DA:85,2
DA:86,2
DA:87,2
DA:90,15
DA:91,15
DA:92,6
DA:94,9
DA:95,9
DA:96,1
DA:99,8
DA:100,8
DA:101,7
DA:102,7
DA:106,10
DA:108,8
DA:109,1
DA:111,7
DA:113,2
DA:114,0
DA:116,2
DA:121,0
DA:122,0
DA:123,0
DA:124,0
DA:126,0
DA:128,0
DA:129,0
DA:131,0
DA:134,0
DA:141,8
DA:143,8
DA:144,8
DA:146,0
DA:148,8
DA:149,3
DA:151,5
DA:162,2
DA:163,16
DA:164,16
DA:165,16
DA:166,15
DA:168,14
DA:169,2
DA:173,12
DA:174,12
DA:175,12
DA:176,12
DA:178,12
DA:179,1
DA:183,11
DA:184,11
DA:186,0
DA:189,11
DA:190,72
DA:191,72
DA:192,30
DA:193,30
DA:196,11
DA:197,11
DA:198,10
DA:200,9
DA:202,9
DA:203,9
DA:205,8
DA:206,8
DA:207,8
DA:208,2
DA:209,2
DA:210,2
DA:211,2
DA:212,2
DA:213,0
DA:215,2
DA:216,2
DA:218,6
DA:219,1
DA:222,7
DA:223,7
DA:224,4
DA:225,4
DA:226,4
DA:227,4
DA:228,3
DA:229,0
DA:232,7
DA:233,7
DA:235,5
DA:236,5
DA:237,2
DA:238,2
DA:241,5
DA:242,5
DA:244,5
DA:245,5
DA:246,0
DA:247,0
DA:250,5
DA:259,2
DA:260,3
DA:261,3
DA:262,3
DA:263,2
DA:286,29
DA:288,0
DA:298,2
DA:299,19
DA:300,1
DA:303,18
DA:305,18
DA:306,11
DA:309,11
DA:310,5
DA:311,5
DA:312,5
DA:313,4
DA:314,1
DA:316,3
DA:317,3
DA:319,6
DA:320,0
DA:323,10
DA:324,6
DA:325,6
DA:326,5
DA:327,5
DA:328,4
DA:329,0
DA:332,9
DA:333,4
DA:334,3
DA:337,8
DA:338,2
DA:339,2
DA:342,8
DA:344,8
DA:345,0
DA:346,0
DA:349,29
DA:350,8
LF:151
LH:130
BRDA:77,0,0,35
BRDA:77,0,1,6
BRDA:77,0,2,6
BRDA:91,1,0,6
BRDA:94,2,0,3
BRDA:95,3,0,1
BRDA:99,4,0,8
BRDA:99,4,1,0
BRDA:100,5,0,1
BRDA:101,6,0,0
BRDA:106,7,0,8
BRDA:106,7,1,2
BRDA:106,7,2,0
BRDA:106,7,3,0
BRDA:106,7,4,0
BRDA:108,8,0,1
BRDA:113,9,0,0
BRDA:113,10,0,2
BRDA:113,10,1,2
BRDA:128,11,0,0
BRDA:141,12,0,4
BRDA:141,12,1,4
BRDA:148,13,0,3
BRDA:148,14,0,8
BRDA:148,14,1,8
BRDA:163,15,0,0
BRDA:165,16,0,1
BRDA:166,17,0,1
BRDA:168,18,0,2
BRDA:175,19,0,0
BRDA:175,19,1,12
BRDA:176,20,0,0
BRDA:176,20,1,12
BRDA:178,21,0,1
BRDA:179,22,0,1
BRDA:179,22,1,0
BRDA:191,23,0,42
BRDA:193,24,0,30
BRDA:193,24,1,0
BRDA:197,25,0,1
BRDA:198,26,0,1
BRDA:203,27,0,4
BRDA:207,28,0,2
BRDA:207,28,1,6
BRDA:208,29,0,0
BRDA:209,30,0,2
BRDA:209,30,1,0
BRDA:210,31,0,2
BRDA:211,32,0,0
BRDA:212,33,0,0
BRDA:218,34,0,1
BRDA:223,35,0,4
BRDA:223,35,1,3
BRDA:224,36,0,4
BRDA:224,36,1,3
BRDA:228,37,0,0
BRDA:233,38,0,4
BRDA:236,39,0,2
BRDA:237,40,0,0
BRDA:242,41,0,0
BRDA:245,42,0,0
BRDA:246,43,0,0
BRDA:260,44,0,3
BRDA:260,44,1,0
BRDA:261,45,0,0
BRDA:262,46,0,1
BRDA:299,47,0,1
BRDA:299,48,0,19
BRDA:299,48,1,19
BRDA:305,49,0,11
BRDA:305,50,0,18
BRDA:305,50,1,11
BRDA:309,51,0,5
BRDA:309,51,1,6
BRDA:310,52,0,0
BRDA:311,53,0,5
BRDA:311,53,1,1
BRDA:312,54,0,4
BRDA:313,55,0,1
BRDA:313,56,0,4
BRDA:313,56,1,3
BRDA:319,57,0,0
BRDA:323,58,0,6
BRDA:323,58,1,4
BRDA:324,59,0,6
BRDA:324,59,1,5
BRDA:327,60,0,1
BRDA:328,61,0,0
BRDA:332,62,0,4
BRDA:337,63,0,2
BRDA:338,64,0,0
BRDA:342,65,0,0
BRDA:344,66,0,0
BRDA:345,67,0,0
BRF:94
BRH:64
end_of_record
TN:
SF:src/signMessage.ts
FN:17,domainSeparatedHash
FN:25,signMessage
FN:61,verifyMessage
FN:93,(anonymous_3)
FNF:4
FNH:4
FNDA:13,domainSeparatedHash
FNDA:6,signMessage
FNDA:7,verifyMessage
FNDA:128,(anonymous_3)
DA:1,2
DA:15,2
DA:18,13
DA:19,13
DA:20,13
DA:21,13
DA:22,13
DA:25,2
DA:30,6
DA:31,6
DA:32,6
DA:33,5
DA:61,2
DA:66,7
DA:68,7
DA:69,7
DA:72,6
DA:73,1
DA:78,5
DA:80,5
DA:81,5
DA:83,0
DA:85,5
DA:86,4
DA:89,4
DA:90,4
DA:91,4
DA:93,128
DA:95,4
DA:98,4
DA:99,4
DA:102,4
DA:103,4
DA:104,4
DA:107,4
DA:108,4
DA:110,4
DA:118,4
DA:125,0
LF:39
LH:37
BRDA:32,0,0,1
BRDA:69,1,0,1
BRDA:72,2,0,1
BRDA:72,3,0,6
BRDA:72,3,1,2
BRDA:85,4,0,1
BRDA:86,5,0,0
BRDA:95,6,0,0
BRF:8
BRH:6
end_of_record
TN:
SF:src/useInvisibleWallet.ts
FN:251,(anonymous_0)
FN:259,(anonymous_1)
FN:267,(anonymous_2)
FN:513,waitForTransaction
FN:522,(anonymous_4)
FN:527,resolveSponsorKeypair
FN:531,signForSubmission
FN:558,resolveStorage
FN:562,(anonymous_8)
FN:563,(anonymous_9)
FN:564,(anonymous_10)
FN:567,(anonymous_11)
FN:567,(anonymous_12)
FN:567,(anonymous_13)
FN:571,readPortableSigner
FN:589,useInvisibleWallet
FN:597,(anonymous_16)
FN:598,(anonymous_17)
FN:603,(anonymous_18)
FN:608,(anonymous_19)
FN:614,(anonymous_20)
FN:617,(anonymous_21)
FN:617,(anonymous_22)
FN:619,(anonymous_23)
FN:622,(anonymous_24)
FN:627,(anonymous_25)
FN:637,(anonymous_26)
FN:718,(anonymous_27)
FN:724,(anonymous_28)
FN:730,(anonymous_29)
FN:833,(anonymous_30)
FN:916,(anonymous_31)
FN:961,(anonymous_32)
FN:1003,(anonymous_33)
FN:1074,(anonymous_34)
FN:1117,(anonymous_35)
FN:1130,(anonymous_36)
FN:1187,(anonymous_37)
FN:1295,(anonymous_38)
FN:1480,(anonymous_39)
FN:1556,(anonymous_40)
FN:1624,(anonymous_41)
FN:1674,(anonymous_42)
FN:1796,(anonymous_43)
FN:1812,(anonymous_44)
FN:1911,(anonymous_45)
FN:1964,(anonymous_46)
FN:2086,(anonymous_47)
FN:2095,(anonymous_48)
FN:2100,(anonymous_49)
FN:2105,(anonymous_50)
FN:2110,(anonymous_51)
FNF:52
FNH:26
FNDA:0,(anonymous_0)
FNDA:0,(anonymous_1)
FNDA:0,(anonymous_2)
FNDA:4,waitForTransaction
FNDA:0,(anonymous_4)
FNDA:4,resolveSponsorKeypair
FNDA:4,signForSubmission
FNDA:32,resolveStorage
FNDA:55,(anonymous_8)
FNDA:31,(anonymous_9)
FNDA:7,(anonymous_10)
FNDA:0,(anonymous_11)
FNDA:0,(anonymous_12)
FNDA:0,(anonymous_13)
FNDA:7,readPortableSigner
FNDA:71,useInvisibleWallet
FNDA:32,(anonymous_16)
FNDA:32,(anonymous_17)
FNDA:32,(anonymous_18)
FNDA:0,(anonymous_19)
FNDA:32,(anonymous_20)
FNDA:0,(anonymous_21)
FNDA:0,(anonymous_22)
FNDA:32,(anonymous_23)
FNDA:32,(anonymous_24)
FNDA:0,(anonymous_25)
FNDA:10,(anonymous_26)
FNDA:0,(anonymous_27)
FNDA:2,(anonymous_28)
FNDA:1,(anonymous_29)
FNDA:6,(anonymous_30)
FNDA:6,(anonymous_31)
FNDA:0,(anonymous_32)
FNDA:3,(anonymous_33)
FNDA:2,(anonymous_34)
FNDA:1,(anonymous_35)
FNDA:2,(anonymous_36)
FNDA:0,(anonymous_37)
FNDA:2,(anonymous_38)
FNDA:0,(anonymous_39)
FNDA:0,(anonymous_40)
FNDA:0,(anonymous_41)
FNDA:0,(anonymous_42)
FNDA:0,(anonymous_43)
FNDA:0,(anonymous_44)
FNDA:0,(anonymous_45)
FNDA:0,(anonymous_46)
FNDA:0,(anonymous_47)
FNDA:0,(anonymous_48)
FNDA:0,(anonymous_49)
FNDA:0,(anonymous_50)
FNDA:63,(anonymous_51)
DA:1,5
DA:2,5
DA:18,5
DA:19,5
DA:24,5
DA:25,5
DA:26,5
DA:27,5
DA:28,5
DA:250,5
DA:251,0
DA:252,0
DA:253,0
DA:258,5
DA:260,0
DA:261,0
DA:266,5
DA:268,0
DA:269,0
DA:503,5
DA:504,5
DA:507,5
DA:517,4
DA:518,4
DA:519,4
DA:520,4
DA:522,0
DA:524,0
DA:528,4
DA:537,4
DA:538,4
DA:539,0
DA:540,0
DA:544,4
DA:545,4
DA:547,1
DA:553,1
DA:554,1
DA:559,32
DA:560,31
DA:561,31
DA:562,55
DA:563,31
DA:564,7
DA:567,0
DA:572,7
DA:573,7
DA:574,2
DA:575,2
DA:576,2
DA:577,2
DA:579,0
DA:581,0
DA:589,5
DA:590,71
DA:592,71
DA:593,71
DA:594,71
DA:595,71
DA:597,71
DA:598,71
DA:602,71
DA:603,71
DA:608,71
DA:609,0
DA:610,0
DA:614,71
DA:615,32
DA:616,32
DA:617,32
DA:618,32
DA:619,32
DA:622,71
DA:625,32
DA:626,32
DA:627,0
DA:629,32
DA:630,32
DA:637,71
DA:638,10
DA:639,10
DA:640,10
DA:641,10
DA:642,10
DA:643,10
DA:644,10
DA:648,10
DA:650,10
DA:660,8
DA:661,0
DA:662,0
DA:667,0
DA:668,0
DA:674,8
DA:675,8
DA:679,8
DA:680,8
DA:682,8
DA:683,8
DA:684,8
DA:686,8
DA:690,2
DA:696,2
DA:697,6
DA:699,6
DA:702,8
DA:703,8
DA:705,8
DA:708,2
DA:709,2
DA:710,2
DA:712,10
DA:718,71
DA:719,0
DA:724,71
DA:725,2
DA:730,71
DA:734,1
DA:737,1
DA:738,1
DA:740,1
DA:741,1
DA:742,1
DA:743,0
DA:744,0
DA:747,0
DA:750,1
DA:752,1
DA:754,1
DA:757,1
DA:758,1
DA:759,1
DA:761,1
DA:762,1
DA:764,1
DA:765,1
DA:767,1
DA:775,1
DA:784,1
DA:786,1
DA:787,1
DA:788,0
DA:791,1
DA:792,1
DA:794,1
DA:795,1
DA:796,0
DA:801,1
DA:802,1
DA:803,0
DA:806,1
DA:807,1
DA:808,1
DA:809,1
DA:813,0
DA:814,0
DA:816,0
DA:818,0
DA:819,0
DA:820,0
DA:821,0
DA:822,0
DA:824,0
DA:825,0
DA:827,1
DA:833,71
DA:834,6
DA:835,6
DA:836,6
DA:837,6
DA:840,6
DA:843,6
DA:844,2
DA:848,6
DA:849,1
DA:850,1
DA:855,1
DA:856,1
DA:865,0
DA:866,0
DA:875,5
DA:876,1
DA:880,1
DA:883,4
DA:884,4
DA:891,2
DA:892,2
DA:893,2
DA:894,2
DA:896,2
DA:897,2
DA:898,2
DA:899,2
DA:900,2
DA:901,2
DA:903,0
DA:907,1
DA:908,1
DA:910,6
DA:916,71
DA:919,6
DA:920,6
DA:921,6
DA:922,6
DA:923,6
DA:924,6
DA:925,5
DA:927,5
DA:928,1
DA:931,4
DA:938,4
DA:940,4
DA:947,4
DA:949,4
DA:952,2
DA:953,2
DA:955,6
DA:961,71
DA:962,0
DA:963,0
DA:964,0
DA:965,0
DA:967,0
DA:968,0
DA:970,0
DA:971,0
DA:973,0
DA:981,0
DA:982,0
DA:983,0
DA:986,0
DA:987,0
DA:989,0
DA:990,0
DA:993,0
DA:994,0
DA:995,0
DA:997,0
DA:1003,71
DA:1007,3
DA:1008,3
DA:1009,3
DA:1010,3
DA:1011,2
DA:1012,1
DA:1015,1
DA:1016,1
DA:1017,1
DA:1019,1
DA:1032,1
DA:1033,1
DA:1034,0
DA:1037,1
DA:1038,1
DA:1040,1
DA:1041,1
DA:1042,0
DA:1047,1
DA:1048,1
DA:1049,0
DA:1052,1
DA:1053,1
DA:1054,1
DA:1055,1
DA:1061,1
DA:1064,2
DA:1065,2
DA:1066,2
DA:1068,3
DA:1074,71
DA:1075,2
DA:1076,2
DA:1077,2
DA:1078,2
DA:1080,1
DA:1081,1
DA:1083,1
DA:1084,1
DA:1086,1
DA:1094,1
DA:1095,1
DA:1096,0
DA:1099,1
DA:1100,1
DA:1102,1
DA:1103,1
DA:1106,1
DA:1110,1
DA:1111,2
DA:1117,1
DA:1120,1
DA:1121,1
DA:1122,1
DA:1124,2
DA:1130,71
DA:1134,2
DA:1135,2
DA:1136,2
DA:1137,2
DA:1139,1
DA:1140,1
DA:1141,1
DA:1143,1
DA:1156,1
DA:1157,1
DA:1158,0
DA:1161,1
DA:1162,1
DA:1164,1
DA:1165,1
DA:1166,0
DA:1171,1
DA:1172,1
DA:1173,0
DA:1177,1
DA:1178,1
DA:1179,1
DA:1181,2
DA:1187,71
DA:1191,0
DA:1192,0
DA:1193,0
DA:1194,0
DA:1196,0
DA:1197,0
DA:1198,0
DA:1200,0
DA:1213,0
DA:1214,0
DA:1215,0
DA:1218,0
DA:1220,0
DA:1221,0
DA:1222,0
DA:1224,0
DA:1228,0
DA:1229,0
DA:1230,0
DA:1231,0
DA:1234,0
DA:1235,0
DA:1243,0
DA:1247,0
DA:1248,0
DA:1250,0
DA:1257,0
DA:1270,0
DA:1272,0
DA:1273,0
DA:1274,0
DA:1279,0
DA:1280,0
DA:1281,0
DA:1285,0
DA:1286,0
DA:1287,0
DA:1289,0
DA:1295,71
DA:1300,2
DA:1301,2
DA:1302,2
DA:1303,2
DA:1306,2
DA:1307,2
DA:1308,1
DA:1310,1
DA:1313,1
DA:1314,1
DA:1315,1
DA:1316,1
DA:1319,1
DA:1328,1
DA:1337,1
DA:1338,0
DA:1342,1
DA:1343,0
DA:1344,0
DA:1349,0
DA:1350,0
DA:1357,1
DA:1358,1
DA:1359,1
DA:1361,1
DA:1375,1
DA:1376,1
DA:1377,0
DA:1380,1
DA:1385,1
DA:1386,1
DA:1387,1
DA:1388,0
DA:1392,0
DA:1393,0
DA:1394,0
DA:1395,0
DA:1398,0
DA:1399,0
DA:1407,0
DA:1411,0
DA:1412,0
DA:1414,0
DA:1421,0
DA:1434,1
DA:1436,1
DA:1437,1
DA:1438,0
DA:1443,1
DA:1444,1
DA:1445,0
DA:1450,1
DA:1451,1
DA:1452,1
DA:1454,1
DA:1455,1
DA:1456,0
DA:1462,0
DA:1463,1
DA:1464,1
DA:1467,1
DA:1470,1
DA:1471,1
DA:1472,1
DA:1474,2
DA:1480,71
DA:1484,0
DA:1485,0
DA:1486,0
DA:1487,0
DA:1488,0
DA:1489,0
DA:1492,0
DA:1493,0
DA:1494,0
DA:1496,0
DA:1509,0
DA:1510,0
DA:1511,0
DA:1512,0
DA:1513,0
DA:1515,0
DA:1518,0
DA:1519,0
DA:1521,0
DA:1522,0
DA:1523,0
DA:1528,0
DA:1529,0
DA:1530,0
DA:1533,0
DA:1534,0
DA:1535,0
DA:1536,0
DA:1542,0
DA:1545,0
DA:1546,0
DA:1547,0
DA:1548,0
DA:1550,0
DA:1556,71
DA:1557,0
DA:1558,0
DA:1559,0
DA:1560,0
DA:1562,0
DA:1563,0
DA:1564,0
DA:1566,0
DA:1574,0
DA:1575,0
DA:1576,0
DA:1577,0
DA:1578,0
DA:1579,0
DA:1580,0
DA:1582,0
DA:1583,0
DA:1585,0
DA:1586,0
DA:1588,0
DA:1591,0
DA:1592,0
DA:1594,0
DA:1595,0
DA:1596,0
DA:1601,0
DA:1602,0
DA:1603,0
DA:1607,0
DA:1612,0
DA:1614,0
DA:1615,0
DA:1616,0
DA:1618,0
DA:1624,71
DA:1625,0
DA:1626,0
DA:1627,0
DA:1628,0
DA:1630,0
DA:1631,0
DA:1632,0
DA:1634,0
DA:1635,0
DA:1637,0
DA:1648,0
DA:1649,0
DA:1650,0
DA:1653,0
DA:1654,0
DA:1656,0
DA:1657,0
DA:1664,0
DA:1665,0
DA:1666,0
DA:1668,0
DA:1674,71
DA:1681,0
DA:1682,0
DA:1683,0
DA:1684,0
DA:1686,0
DA:1690,0
DA:1691,0
DA:1692,0
DA:1696,0
DA:1697,0
DA:1698,0
DA:1709,0
DA:1710,0
DA:1713,0
DA:1714,0
DA:1715,0
DA:1716,0
DA:1719,0
DA:1720,0
DA:1721,0
DA:1723,0
DA:1724,0
DA:1728,0
DA:1729,0
DA:1730,0
DA:1731,0
DA:1734,0
DA:1735,0
DA:1743,0
DA:1747,0
DA:1748,0
DA:1750,0
DA:1757,0
DA:1770,0
DA:1771,0
DA:1772,0
DA:1773,0
DA:1778,0
DA:1779,0
DA:1780,0
DA:1783,0
DA:1786,0
DA:1787,0
DA:1788,0
DA:1790,0
DA:1796,71
DA:1800,0
DA:1801,0
DA:1802,0
DA:1803,0
DA:1804,0
DA:1806,0
DA:1809,0
DA:1810,0
DA:1811,0
DA:1812,0
DA:1827,0
DA:1835,0
DA:1836,0
DA:1837,0
DA:1840,0
DA:1841,0
DA:1842,0
DA:1843,0
DA:1844,0
DA:1848,0
DA:1849,0
DA:1850,0
DA:1851,0
DA:1854,0
DA:1855,0
DA:1863,0
DA:1866,0
DA:1867,0
DA:1869,0
DA:1887,0
DA:1888,0
DA:1889,0
DA:1890,0
DA:1895,0
DA:1896,0
DA:1897,0
DA:1899,0
DA:1901,0
DA:1902,0
DA:1903,0
DA:1905,0
DA:1911,71
DA:1912,0
DA:1913,0
DA:1914,0
DA:1915,0
DA:1917,0
DA:1918,0
DA:1920,0
DA:1921,0
DA:1923,0
DA:1935,0
DA:1936,0
DA:1937,0
DA:1940,0
DA:1941,0
DA:1943,0
DA:1944,0
DA:1947,0
DA:1948,0
DA:1954,0
DA:1955,0
DA:1956,0
DA:1958,0
DA:1964,71
DA:1971,0
DA:1972,0
DA:1973,0
DA:1974,0
DA:1976,0
DA:1977,0
DA:1978,0
DA:1981,0
DA:1982,0
DA:1984,0
DA:1987,0
DA:2003,0
DA:2004,0
DA:2005,0
DA:2008,0
DA:2010,0
DA:2011,0
DA:2012,0
DA:2013,0
DA:2017,0
DA:2018,0
DA:2019,0
DA:2020,0
DA:2023,0
DA:2024,0
DA:2032,0
DA:2036,0
DA:2037,0
DA:2039,0
DA:2046,0
DA:2059,0
DA:2061,0
DA:2062,0
DA:2063,0
DA:2068,0
DA:2069,0
DA:2070,0
DA:2074,0
DA:2075,0
DA:2076,0
DA:2078,0
DA:2086,71
DA:2087,0
DA:2088,0
DA:2089,0
DA:2090,0
DA:2091,0
DA:2092,0
DA:2095,71
DA:2096,0
DA:2097,0
DA:2100,71
DA:2101,0
DA:2102,0
DA:2105,71
DA:2106,0
DA:2107,0
DA:2110,71
DA:2111,63
LF:686
LH:308
BRDA:519,0,0,4
BRDA:528,1,0,1
BRDA:528,1,1,3
BRDA:535,2,0,4
BRDA:539,3,0,0
BRDA:545,4,0,3
BRDA:549,5,0,1
BRDA:549,5,1,1
BRDA:559,6,0,1
BRDA:560,7,0,31
BRDA:573,8,0,5
BRDA:576,9,0,2
BRDA:576,10,0,2
BRDA:576,10,1,2
BRDA:576,10,2,2
BRDA:577,11,0,2
BRDA:577,11,1,0
BRDA:615,12,0,0
BRDA:616,13,0,0
BRDA:616,14,0,32
BRDA:616,14,1,32
BRDA:626,15,0,0
BRDA:626,15,1,32
BRDA:626,16,0,32
BRDA:626,16,1,10
BRDA:627,17,0,0
BRDA:630,18,0,10
BRDA:642,19,0,8
BRDA:642,19,1,2
BRDA:643,20,0,10
BRDA:643,20,1,2
BRDA:644,21,0,8
BRDA:644,21,1,2
BRDA:648,22,0,10
BRDA:648,22,1,10
BRDA:648,23,0,10
BRDA:648,23,1,0
BRDA:660,24,0,0
BRDA:661,25,0,0
BRDA:661,25,1,0
BRDA:661,26,0,0
BRDA:661,26,1,0
BRDA:667,27,0,0
BRDA:679,28,0,8
BRDA:679,28,1,4
BRDA:686,29,0,2
BRDA:686,29,1,6
BRDA:694,30,0,2
BRDA:694,30,1,0
BRDA:697,31,0,6
BRDA:708,32,0,2
BRDA:708,32,1,0
BRDA:734,33,0,1
BRDA:734,33,1,0
BRDA:742,34,0,0
BRDA:744,35,0,0
BRDA:754,36,0,1
BRDA:754,36,1,0
BRDA:761,37,0,1
BRDA:761,37,1,1
BRDA:761,38,0,1
BRDA:761,38,1,0
BRDA:762,39,0,1
BRDA:762,39,1,1
BRDA:762,40,0,1
BRDA:762,40,1,0
BRDA:771,41,0,0
BRDA:771,41,1,1
BRDA:787,42,0,0
BRDA:795,43,0,0
BRDA:797,44,0,0
BRDA:797,44,1,0
BRDA:802,45,0,0
BRDA:813,46,0,0
BRDA:813,46,1,0
BRDA:818,47,0,0
BRDA:818,48,0,0
BRDA:818,48,1,0
BRDA:843,49,0,2
BRDA:843,50,0,6
BRDA:843,50,1,4
BRDA:848,51,0,1
BRDA:848,52,0,6
BRDA:848,52,1,2
BRDA:849,53,0,1
BRDA:849,53,1,1
BRDA:849,54,0,1
BRDA:849,54,1,0
BRDA:865,55,0,0
BRDA:865,56,0,0
BRDA:865,56,1,0
BRDA:875,57,0,1
BRDA:896,58,0,2
BRDA:896,58,1,0
BRDA:897,59,0,2
BRDA:897,59,1,0
BRDA:907,60,0,1
BRDA:907,60,1,0
BRDA:924,61,0,1
BRDA:925,62,0,0
BRDA:927,63,0,1
BRDA:952,64,0,2
BRDA:952,64,1,0
BRDA:965,65,0,0
BRDA:982,66,0,0
BRDA:987,67,0,0
BRDA:993,68,0,0
BRDA:993,68,1,0
BRDA:1010,69,0,1
BRDA:1011,70,0,1
BRDA:1033,71,0,0
BRDA:1041,72,0,0
BRDA:1043,73,0,0
BRDA:1043,73,1,0
BRDA:1048,74,0,0
BRDA:1053,75,0,1
BRDA:1053,76,0,1
BRDA:1053,76,1,1
BRDA:1064,77,0,2
BRDA:1064,77,1,0
BRDA:1078,78,0,1
BRDA:1095,79,0,0
BRDA:1100,80,0,0
BRDA:1106,81,0,0
BRDA:1106,81,1,1
BRDA:1112,82,0,2
BRDA:1112,82,1,0
BRDA:1120,83,0,1
BRDA:1120,83,1,0
BRDA:1137,84,0,1
BRDA:1157,85,0,0
BRDA:1165,86,0,0
BRDA:1167,87,0,0
BRDA:1167,87,1,0
BRDA:1172,88,0,0
BRDA:1177,89,0,1
BRDA:1177,89,1,0
BRDA:1194,90,0,0
BRDA:1214,91,0,0
BRDA:1222,92,0,0
BRDA:1230,93,0,0
BRDA:1248,94,0,0
BRDA:1273,95,0,0
BRDA:1275,96,0,0
BRDA:1275,96,1,0
BRDA:1280,97,0,0
BRDA:1285,98,0,0
BRDA:1285,98,1,0
BRDA:1303,99,0,0
BRDA:1307,100,0,1
BRDA:1314,101,0,1
BRDA:1314,101,1,0
BRDA:1315,102,0,1
BRDA:1315,102,1,0
BRDA:1316,103,0,1
BRDA:1316,103,1,0
BRDA:1319,104,0,1
BRDA:1319,104,1,1
BRDA:1319,105,0,1
BRDA:1319,105,1,0
BRDA:1337,106,0,0
BRDA:1342,107,0,0
BRDA:1343,108,0,0
BRDA:1343,108,1,0
BRDA:1343,109,0,0
BRDA:1343,109,1,0
BRDA:1349,110,0,0
BRDA:1376,111,0,0
BRDA:1387,112,0,0
BRDA:1394,113,0,0
BRDA:1412,114,0,0
BRDA:1437,115,0,0
BRDA:1439,116,0,0
BRDA:1439,116,1,0
BRDA:1444,117,0,0
BRDA:1454,118,0,1
BRDA:1454,118,1,1
BRDA:1455,119,0,0
BRDA:1455,119,1,1
BRDA:1460,120,0,0
BRDA:1460,120,1,0
BRDA:1463,121,0,1
BRDA:1470,122,0,1
BRDA:1470,122,1,0
BRDA:1487,123,0,0
BRDA:1488,124,0,0
BRDA:1510,125,0,0
BRDA:1511,126,0,0
BRDA:1511,126,1,0
BRDA:1512,127,0,0
BRDA:1512,128,0,0
BRDA:1512,128,1,0
BRDA:1522,129,0,0
BRDA:1524,130,0,0
BRDA:1524,130,1,0
BRDA:1529,131,0,0
BRDA:1534,132,0,0
BRDA:1534,133,0,0
BRDA:1534,133,1,0
BRDA:1545,134,0,0
BRDA:1546,135,0,0
BRDA:1546,135,1,0
BRDA:1560,136,0,0
BRDA:1575,137,0,0
BRDA:1576,138,0,0
BRDA:1576,138,1,0
BRDA:1577,139,0,0
BRDA:1577,140,0,0
BRDA:1577,140,1,0
BRDA:1579,141,0,0
BRDA:1579,141,1,0
BRDA:1582,142,0,0
BRDA:1582,143,0,0
BRDA:1582,143,1,0
BRDA:1585,144,0,0
BRDA:1585,145,0,0
BRDA:1585,145,1,0
BRDA:1595,146,0,0
BRDA:1597,147,0,0
BRDA:1597,147,1,0
BRDA:1602,148,0,0
BRDA:1607,149,0,0
BRDA:1608,150,0,0
BRDA:1608,150,1,0
BRDA:1608,150,2,0
BRDA:1614,151,0,0
BRDA:1614,151,1,0
BRDA:1628,152,0,0
BRDA:1631,153,0,0
BRDA:1631,153,1,0
BRDA:1649,154,0,0
BRDA:1654,155,0,0
BRDA:1654,156,0,0
BRDA:1654,156,1,0
BRDA:1660,157,0,0
BRDA:1660,157,1,0
BRDA:1664,158,0,0
BRDA:1664,158,1,0
BRDA:1684,159,0,0
BRDA:1686,160,0,0
BRDA:1686,160,1,0
BRDA:1690,161,0,0
BRDA:1690,161,1,0
BRDA:1692,162,0,0
BRDA:1692,162,1,0
BRDA:1709,163,0,0
BRDA:1715,164,0,0
BRDA:1723,165,0,0
BRDA:1730,166,0,0
BRDA:1748,167,0,0
BRDA:1772,168,0,0
BRDA:1774,169,0,0
BRDA:1774,169,1,0
BRDA:1779,170,0,0
BRDA:1786,171,0,0
BRDA:1786,171,1,0
BRDA:1803,172,0,0
BRDA:1804,173,0,0
BRDA:1806,174,0,0
BRDA:1806,174,1,0
BRDA:1823,175,0,0
BRDA:1823,175,1,0
BRDA:1836,176,0,0
BRDA:1843,177,0,0
BRDA:1850,178,0,0
BRDA:1867,179,0,0
BRDA:1889,180,0,0
BRDA:1891,181,0,0
BRDA:1891,181,1,0
BRDA:1896,182,0,0
BRDA:1901,183,0,0
BRDA:1901,183,1,0
BRDA:1915,184,0,0
BRDA:1936,185,0,0
BRDA:1941,186,0,0
BRDA:1941,187,0,0
BRDA:1941,187,1,0
BRDA:1943,188,0,0
BRDA:1950,189,0,0
BRDA:1950,189,1,0
BRDA:1954,190,0,0
BRDA:1954,190,1,0
BRDA:1974,191,0,0
BRDA:1981,192,0,0
BRDA:1981,192,1,0
BRDA:2004,193,0,0
BRDA:2012,194,0,0
BRDA:2019,195,0,0
BRDA:2037,196,0,0
BRDA:2062,197,0,0
BRDA:2064,198,0,0
BRDA:2064,198,1,0
BRDA:2069,199,0,0
BRDA:2074,200,0,0
BRDA:2074,200,1,0
BRDA:2087,201,0,0
BRDA:2089,202,0,0
BRF:297
BRH:86
end_of_record
TN:
SF:src/utils.ts
FN:5,bufferToHex
FN:8,(anonymous_1)
FN:12,hexToUint8Array
FN:24,sha256
FN:41,normalizeLowS
FN:61,derToRawSignature
FN:90,padOrTrim32
FN:108,extractP256PublicKey
FN:139,computeWebAuthnMessageHash
FN:160,parseAuthData
FN:183,parseClientDataJSON
FN:198,base64UrlEncode
FN:209,encodeU64
FN:234,computeWalletAddress
FNF:14
FNH:6
FNDA:40,bufferToHex
FNDA:2018,(anonymous_1)
FNDA:19,hexToUint8Array
FNDA:0,sha256
FNDA:1,normalizeLowS
FNDA:1,derToRawSignature
FNDA:2,padOrTrim32
FNDA:0,extractP256PublicKey
FNDA:0,computeWebAuthnMessageHash
FNDA:0,parseAuthData
FNDA:0,parseClientDataJSON
FNDA:0,base64UrlEncode
FNDA:0,encodeU64
FNDA:0,computeWalletAddress
DA:1,4
DA:5,4
DA:6,40
DA:7,40
DA:8,2018
DA:12,4
DA:13,19
DA:14,19
DA:15,19
DA:16,1342
DA:18,19
DA:24,4
DA:26,0
DA:30,0
DA:37,4
DA:38,4
DA:42,1
DA:43,32
DA:44,1
DA:45,1
DA:46,1
DA:47,32
DA:48,32
DA:50,1
DA:61,4
DA:62,1
DA:64,1
DA:66,1
DA:68,1
DA:69,1
DA:70,1
DA:71,1
DA:72,1
DA:74,1
DA:75,1
DA:76,1
DA:77,1
DA:79,1
DA:80,1
DA:81,1
DA:82,1
DA:92,2
DA:93,2
DA:94,2
DA:95,2
DA:96,2
DA:97,2
DA:98,2
DA:108,4
DA:111,0
DA:112,0
DA:113,0
DA:120,0
DA:129,0
DA:130,0
DA:139,4
DA:143,0
DA:145,0
DA:146,0
DA:147,0
DA:148,0
DA:150,0
DA:160,4
DA:165,0
DA:166,0
DA:167,0
DA:169,0
DA:170,0
DA:183,4
DA:189,0
DA:198,4
DA:200,0
DA:201,0
DA:202,0
DA:209,4
DA:210,0
DA:211,0
DA:212,0
DA:234,4
DA:243,0
DA:249,0
DA:253,0
DA:258,0
DA:274,0
DA:277,0
LF:85
LH:53
BRDA:6,0,0,35
BRDA:6,0,1,5
BRDA:13,1,0,0
BRDA:44,2,0,0
BRDA:64,3,0,0
BRDA:68,4,0,0
BRDA:74,5,0,0
BRDA:93,6,0,2
BRDA:93,6,1,0
BRDA:95,7,0,0
BRDA:112,8,0,0
BRDA:167,9,0,0
BRDA:237,10,0,0
BRF:13
BRH:3
end_of_record
TN:
SF:src/vanilla.ts
FN:49,(anonymous_0)
FN:56,(anonymous_1)
FN:63,(anonymous_2)
FN:72,waitForTransaction
FN:81,(anonymous_4)
FN:91,(anonymous_5)
FN:99,(anonymous_6)
FN:103,(anonymous_7)
FN:107,(anonymous_8)
FN:157,(anonymous_9)
FN:160,(anonymous_10)
FN:219,(anonymous_11)
FN:253,(anonymous_12)
FN:275,(anonymous_13)
FN:333,(anonymous_14)
FN:360,createInvisibleWallet
FNF:16
FNH:0
FNDA:0,(anonymous_0)
FNDA:0,(anonymous_1)
FNDA:0,(anonymous_2)
FNDA:0,waitForTransaction
FNDA:0,(anonymous_4)
FNDA:0,(anonymous_5)
FNDA:0,(anonymous_6)
FNDA:0,(anonymous_7)
FNDA:0,(anonymous_8)
FNDA:0,(anonymous_9)
FNDA:0,(anonymous_10)
FNDA:0,(anonymous_11)
FNDA:0,(anonymous_12)
FNDA:0,(anonymous_13)
FNDA:0,(anonymous_14)
FNDA:0,createInvisibleWallet
DA:1,1
DA:16,1
DA:17,1
DA:50,0
DA:51,0
DA:57,0
DA:58,0
DA:64,0
DA:65,0
DA:69,1
DA:70,1
DA:76,0
DA:77,0
DA:78,0
DA:79,0
DA:81,0
DA:83,0
DA:86,1
DA:88,0
DA:89,0
DA:92,0
DA:95,0
DA:96,0
DA:100,0
DA:104,0
DA:108,0
DA:109,0
DA:110,0
DA:111,0
DA:113,0
DA:131,0
DA:132,0
DA:135,0
DA:136,0
DA:137,0
DA:139,0
DA:140,0
DA:142,0
DA:148,0
DA:149,0
DA:151,0
DA:158,0
DA:160,0
DA:161,0
DA:162,0
DA:163,0
DA:166,0
DA:167,0
DA:169,0
DA:176,0
DA:177,0
DA:178,0
DA:179,0
DA:184,0
DA:185,0
DA:187,0
DA:202,0
DA:203,0
DA:205,0
DA:206,0
DA:207,0
DA:210,0
DA:212,0
DA:213,0
DA:214,0
DA:216,0
DA:220,0
DA:221,0
DA:223,0
DA:224,0
DA:227,0
DA:228,0
DA:240,0
DA:242,0
DA:243,0
DA:245,0
DA:254,0
DA:257,0
DA:260,0
DA:261,0
DA:271,0
DA:272,0
DA:273,0
DA:275,0
DA:277,0
DA:289,0
DA:290,0
DA:294,0
DA:295,0
DA:296,0
DA:297,0
DA:298,0
DA:303,0
DA:304,0
DA:305,0
DA:306,0
DA:320,0
DA:322,0
DA:323,0
DA:324,0
DA:325,0
DA:326,0
DA:327,0
DA:329,0
DA:334,0
DA:336,0
DA:337,0
DA:339,0
DA:340,0
DA:348,0
DA:349,0
DA:350,0
DA:353,0
DA:360,1
DA:361,0
LF:115
LH:7
BRDA:78,0,0,0
BRDA:96,1,0,0
BRDA:109,2,0,0
BRDA:109,2,1,0
BRDA:110,3,0,0
BRDA:110,3,1,0
BRDA:111,4,0,0
BRDA:111,4,1,0
BRDA:131,5,0,0
BRDA:158,6,0,0
BRDA:158,6,1,0
BRDA:160,7,0,0
BRDA:160,7,1,0
BRDA:162,8,0,0
BRDA:195,9,0,0
BRDA:195,9,1,0
BRDA:196,10,0,0
BRDA:196,10,1,0
BRDA:206,11,0,0
BRDA:223,12,0,0
BRDA:223,13,0,0
BRDA:223,13,1,0
BRDA:240,14,0,0
BRDA:260,15,0,0
BRDA:260,16,0,0
BRDA:260,16,1,0
BRDA:271,17,0,0
BRDA:271,18,0,0
BRDA:271,18,1,0
BRDA:289,19,0,0
BRDA:295,20,0,0
BRDA:297,21,0,0
BRDA:305,22,0,0
BRDA:320,23,0,0
BRDA:334,24,0,0
BRDA:349,25,0,0
BRF:36
BRH:0
end_of_record
TN:
SF:src/webauthn.ts
FN:10,b64urlToUint8Array
FN:14,(anonymous_1)
FN:103,(anonymous_2)
FN:158,(anonymous_3)
FNF:4
FNH:4
FNDA:6,b64urlToUint8Array
FNDA:120,(anonymous_1)
FNDA:14,(anonymous_2)
FNDA:6,(anonymous_3)
DA:8,5
DA:11,6
DA:12,6
DA:13,6
DA:14,120
DA:102,5
DA:105,14
DA:108,14
DA:114,14
DA:116,14
DA:136,12
DA:138,12
DA:139,12
DA:144,12
DA:146,12
DA:148,12
DA:159,6
DA:160,6
DA:164,6
DA:177,6
DA:179,5
DA:184,5
DA:187,5
DA:188,5
DA:189,0
DA:190,0
DA:191,0
DA:192,0
DA:197,0
DA:198,0
DA:206,5
LF:31
LH:25
BRDA:124,0,0,4
BRDA:124,0,1,9
BRDA:126,1,0,4
BRDA:126,1,1,9
BRDA:136,2,0,0
BRDA:144,3,0,12
BRDA:144,3,1,5
BRDA:146,4,0,12
BRDA:146,4,1,0
BRDA:153,5,0,12
BRDA:153,5,1,5
BRDA:154,6,0,12
BRDA:154,6,1,0
BRDA:154,7,0,12
BRDA:154,7,1,12
BRDA:170,8,0,2
BRDA:170,8,1,4
BRDA:170,9,0,6
BRDA:170,9,1,2
BRDA:173,10,0,1
BRDA:173,10,1,5
BRDA:177,11,0,1
BRDA:188,12,0,0
BRDA:191,13,0,0
BRF:24
BRH:19
end_of_record
TN:
SF:src/crypto/prf.ts
FN:81,bytesToBase64
FN:87,base64ToBytes
FN:94,base64urlToBytes
FN:100,toArrayBuffer
FN:112,isPrfSupported
FN:130,browserPrfEvaluator
FN:131,(anonymous_6)
FN:164,deriveKeyFromPrf
FN:197,deriveFeePayerSeedFromPrf
FN:221,evaluateFeePayerPrf
FN:232,importRawAesKey
FN:241,encryptWithKey
FN:254,decryptWithKey
FN:266,loadOrCreateFallbackKey
FN:287,createLocalCipher
FN:321,(anonymous_15)
FN:322,(anonymous_16)
FN:323,(anonymous_17)
FNF:18
FNH:15
FNDA:12,bytesToBase64
FNDA:11,base64ToBytes
FNDA:0,base64urlToBytes
FNDA:31,toArrayBuffer
FNDA:2,isPrfSupported
FNDA:0,browserPrfEvaluator
FNDA:0,(anonymous_6)
FNDA:9,deriveKeyFromPrf
FNDA:5,deriveFeePayerSeedFromPrf
FNDA:3,evaluateFeePayerPrf
FNDA:4,importRawAesKey
FNDA:9,encryptWithKey
FNDA:10,decryptWithKey
FNDA:4,loadOrCreateFallbackKey
FNDA:11,createLocalCipher
FNDA:8,(anonymous_15)
FNDA:2,(anonymous_16)
FNDA:6,(anonymous_17)
DA:26,6
DA:29,6
DA:32,6
DA:35,6
DA:82,12
DA:83,447
DA:84,12
DA:88,11
DA:89,11
DA:90,388
DA:91,11
DA:95,0
DA:96,0
DA:97,0
DA:101,31
DA:112,6
DA:113,2
DA:130,6
DA:131,0
DA:132,0
DA:133,0
DA:135,0
DA:145,0
DA:147,0
DA:150,0
DA:151,0
DA:153,0
DA:164,6
DA:165,9
DA:168,9
DA:184,6
DA:187,6
DA:197,6
DA:202,5
DA:203,5
DA:206,5
DA:211,5
DA:221,6
DA:226,3
DA:227,3
DA:228,2
DA:233,4
DA:241,6
DA:242,9
DA:243,9
DA:244,9
DA:247,9
DA:248,9
DA:249,9
DA:250,9
DA:254,6
DA:255,10
DA:256,10
DA:257,9
DA:258,9
DA:259,9
DA:260,7
DA:267,4
DA:268,4
DA:269,3
DA:270,3
DA:271,3
DA:287,6
DA:288,11
DA:289,11
DA:295,11
DA:296,11
DA:297,11
DA:298,11
DA:301,1
DA:302,1
DA:306,11
DA:307,6
DA:308,6
DA:310,5
DA:311,1
DA:315,4
DA:316,4
DA:319,10
DA:321,8
DA:322,2
DA:323,6
LF:82
LH:70
BRDA:114,0,0,2
BRDA:114,0,1,2
BRDA:114,0,2,0
BRDA:114,0,3,0
BRDA:114,0,4,0
BRDA:114,0,5,0
BRDA:140,1,0,0
BRDA:140,1,1,0
BRDA:145,2,0,0
BRDA:151,3,0,0
BRDA:153,4,0,0
BRDA:153,4,1,0
BRDA:226,5,0,3
BRDA:226,5,1,1
BRDA:226,6,0,0
BRDA:226,6,1,1
BRDA:227,7,0,1
BRDA:242,8,0,8
BRDA:242,8,1,1
BRDA:256,9,0,1
BRDA:268,10,0,1
BRDA:289,11,0,11
BRDA:289,11,1,0
BRDA:290,12,0,0
BRDA:290,12,1,0
BRDA:296,13,0,11
BRDA:301,14,0,0
BRDA:306,15,0,6
BRDA:306,15,1,5
BRDA:306,16,0,11
BRDA:306,16,1,6
BRDA:310,17,0,1
BRF:32
BRH:17
end_of_record
TN:
SF:src/recovery/sep30.ts
FN:70,(anonymous_0)
FN:83,(anonymous_1)
FN:94,(anonymous_2)
FN:101,(anonymous_3)
FN:137,(anonymous_4)
FN:142,(anonymous_5)
FN:147,(anonymous_6)
FN:152,(anonymous_7)
FN:164,(anonymous_8)
FN:196,collectRecoverySignatures
FN:205,(anonymous_10)
FNF:11
FNH:10
FNDA:4,(anonymous_0)
FNDA:13,(anonymous_1)
FNDA:14,(anonymous_2)
FNDA:14,(anonymous_3)
FNDA:1,(anonymous_4)
FNDA:0,(anonymous_5)
FNDA:5,(anonymous_6)
FNDA:1,(anonymous_7)
FNDA:7,(anonymous_8)
FNDA:3,collectRecoverySignatures
FNDA:6,(anonymous_10)
DA:69,2
DA:70,4
DA:71,4
DA:72,4
DA:78,2
DA:84,13
DA:86,13
DA:87,13
DA:88,13
DA:89,13
DA:91,13
DA:95,14
DA:98,14
DA:102,14
DA:106,14
DA:108,14
DA:114,14
DA:115,14
DA:116,14
DA:117,14
DA:120,14
DA:122,4
DA:125,4
DA:127,10
DA:138,1
DA:143,0
DA:148,5
DA:153,1
DA:165,7
DA:196,2
DA:202,3
DA:204,3
DA:206,6
DA:207,4
DA:211,3
DA:212,3
DA:213,6
DA:214,2
DA:216,2
LF:39
LH:38
BRDA:84,0,0,0
BRDA:88,1,0,13
BRDA:88,1,1,0
BRDA:88,2,0,0
BRDA:88,2,1,0
BRDA:89,3,0,0
BRDA:95,4,0,1
BRDA:95,4,1,13
BRDA:98,5,0,2
BRDA:98,5,1,12
BRDA:106,6,0,8
BRDA:111,7,0,8
BRDA:111,7,1,6
BRDA:116,8,0,14
BRDA:120,9,0,4
BRDA:122,10,0,4
BRDA:122,10,1,0
BRDA:122,11,0,4
BRDA:122,11,1,4
BRDA:122,11,2,4
BRDA:200,12,0,2
BRDA:202,13,0,3
BRDA:202,13,1,2
BRDA:213,14,0,4
BRDA:213,14,1,2
BRDA:214,15,0,1
BRF:26
BRH:20
end_of_record
TN:
SF:src/webauthn/attestation.ts
FN:36,(anonymous_0)
FN:44,(anonymous_1)
FN:112,toUint8
FN:118,decodeCbor
FN:121,readLength
FN:138,decodeItem
FN:194,coseToUncompressedP256
FN:208,parseAuthData
FN:240,derEcdsaToRaw
FN:255,(anonymous_9)
FN:271,readTLV
FN:296,extractSpkiFromCert
FN:315,sha256
FN:324,verifyPackedSignature
FN:362,verifyAttestation
FN:380,(anonymous_15)
FNF:16
FNH:14
FNDA:2,(anonymous_0)
FNDA:2,(anonymous_1)
FNDA:16,toUint8
FNDA:15,decodeCbor
FNDA:147,readLength
FNDA:147,decodeItem
FNDA:7,coseToUncompressedP256
FNDA:7,parseAuthData
FNDA:5,derEcdsaToRaw
FNDA:10,(anonymous_9)
FNDA:0,readTLV
FNDA:0,extractSpkiFromCert
FNDA:5,sha256
FNDA:5,verifyPackedSignature
FNDA:8,verifyAttestation
FNDA:112,(anonymous_15)
DA:35,6
DA:37,2
DA:38,2
DA:43,6
DA:45,2
DA:46,2
DA:113,16
DA:119,15
DA:122,147
DA:123,26
DA:124,0
DA:125,0
DA:126,0
DA:127,0
DA:129,0
DA:131,0
DA:132,0
DA:133,0
DA:135,0
DA:139,147
DA:140,147
DA:141,147
DA:142,147
DA:143,29
DA:144,33
DA:146,26
DA:147,26
DA:150,38
DA:151,38
DA:154,0
DA:155,0
DA:156,0
DA:157,0
DA:160,21
DA:161,21
DA:162,66
DA:163,21
DA:166,0
DA:167,0
DA:168,0
DA:169,0
DA:170,0
DA:172,0
DA:176,15
DA:177,15
DA:191,6
DA:195,7
DA:196,7
DA:197,7
DA:198,7
DA:199,0
DA:201,7
DA:202,7
DA:203,7
DA:204,7
DA:205,7
DA:209,7
DA:210,7
DA:212,7
DA:213,7
DA:214,7
DA:216,7
DA:217,7
DA:220,7
DA:221,7
DA:222,7
DA:223,7
DA:224,7
DA:225,7
DA:226,7
DA:227,7
DA:230,7
DA:231,7
DA:234,7
DA:241,5
DA:242,5
DA:244,5
DA:246,5
DA:247,5
DA:248,5
DA:249,5
DA:251,5
DA:252,5
DA:253,5
DA:255,5
DA:256,10
DA:257,10
DA:258,10
DA:259,10
DA:260,10
DA:261,10
DA:264,5
DA:265,5
DA:266,5
DA:267,5
DA:272,0
DA:273,0
DA:274,0
DA:276,0
DA:277,0
DA:278,0
DA:279,0
DA:280,0
DA:282,0
DA:284,0
DA:285,0
DA:297,0
DA:298,0
DA:299,0
DA:300,0
DA:302,0
DA:304,0
DA:305,0
DA:307,0
DA:308,0
DA:309,0
DA:310,0
DA:316,5
DA:320,5
DA:331,5
DA:332,5
DA:333,5
DA:335,5
DA:343,5
DA:344,5
DA:362,6
DA:363,8
DA:364,8
DA:365,8
DA:367,8
DA:368,8
DA:370,7
DA:371,7
DA:372,7
DA:373,7
DA:374,7
DA:376,7
DA:378,7
DA:380,112
DA:389,7
DA:390,2
DA:391,2
DA:392,5
DA:393,5
DA:394,5
DA:395,5
DA:397,5
DA:399,5
DA:401,0
DA:402,0
DA:403,0
DA:404,0
DA:405,5
DA:407,5
DA:408,5
DA:410,0
DA:413,5
DA:414,1
DA:418,0
DA:419,0
DA:422,6
DA:423,3
DA:424,3
DA:425,2
DA:431,4
LF:165
LH:116
BRDA:113,0,0,16
BRDA:113,0,1,0
BRDA:118,1,0,8
BRDA:122,2,0,121
BRDA:123,3,0,26
BRDA:124,4,0,0
BRDA:125,5,0,0
BRDA:129,6,0,0
BRDA:142,7,0,29
BRDA:142,7,1,33
BRDA:142,7,2,26
BRDA:142,7,3,38
BRDA:142,7,4,0
BRDA:142,7,5,21
BRDA:142,7,6,0
BRDA:142,7,7,0
BRDA:166,8,0,0
BRDA:167,9,0,0
BRDA:168,10,0,0
BRDA:169,11,0,0
BRDA:195,12,0,0
BRDA:198,13,0,0
BRDA:198,14,0,7
BRDA:198,14,1,7
BRDA:198,14,2,7
BRDA:198,14,3,7
BRDA:209,15,0,0
BRDA:220,16,0,7
BRDA:221,17,0,0
BRDA:226,18,0,0
BRDA:231,19,0,7
BRDA:241,20,0,0
BRDA:244,21,0,0
BRDA:246,22,0,0
BRDA:251,23,0,0
BRDA:257,24,0,15
BRDA:257,24,1,5
BRDA:276,25,0,0
BRDA:276,25,1,0
BRDA:298,26,0,0
BRDA:300,27,0,0
BRDA:305,28,0,0
BRDA:309,29,0,0
BRDA:363,30,0,8
BRDA:363,30,1,7
BRDA:368,31,0,1
BRDA:373,32,0,0
BRDA:374,33,0,0
BRDA:389,34,0,2
BRDA:389,34,1,5
BRDA:392,35,0,5
BRDA:392,35,1,0
BRDA:392,36,0,5
BRDA:392,36,1,5
BRDA:395,37,0,0
BRDA:399,38,0,0
BRDA:399,38,1,5
BRDA:399,39,0,5
BRDA:399,39,1,0
BRDA:399,39,2,0
BRDA:405,40,0,5
BRDA:405,40,1,0
BRDA:413,41,0,1
BRDA:413,42,0,5
BRDA:413,42,1,2
BRDA:422,43,0,3
BRDA:424,44,0,2
BRDA:426,45,0,2
BRDA:426,45,1,0
BRF:69
BRH:34
end_of_record
